2011-07-13 14:42:51,024 ERROR Mega.Admin.Shop.ShopEdit – Error salvando la Configuración de Sincronización.
System.Threading.ThreadAbortException: Thread was being aborted.
   at System.Threading.Thread.AbortInternal()
   at System.Threading.Thread.Abort(Object stateInfo)
   at System.Web.HttpResponse.End()
   at System.Web.HttpResponse.Redirect(String url, Boolean endResponse, Boolean permanent)
   at System.Web.HttpResponse.Redirect(String url)
   at Mega.Admin.Synchronization.POSConfigurationEdit.SaveButton_Click(Object sender, EventArgs e) in D:\Users\Deisbel\Projects\EndToEnd\Mega\source\Mega.Admin\Synchronization\POSConfigurationEdit.aspx.cs:line 57
2011-07-13 14:45:01,150 ERROR Mega.Admin.Shop.ShopEdit – Error salvando la Configuración de Sincronización.
System.Threading.ThreadAbortException: Thread was being aborted.
   at System.Threading.Thread.AbortInternal()
   at System.Threading.Thread.Abort(Object stateInfo)
   at System.Web.HttpResponse.End()
   at System.Web.HttpResponse.Redirect(String url, Boolean endResponse, Boolean permanent)
   at System.Web.HttpResponse.Redirect(String url)
   at Mega.Admin.Synchronization.POSConfigurationEdit.SaveButton_Click(Object sender, EventArgs e) in D:\Users\Deisbel\Projects\EndToEnd\Mega\source\Mega.Admin\Synchronization\POSConfigurationEdit.aspx.cs:line 57
2011-07-13 14:51:23,975 ERROR Mega.Admin.Shop.ShopEdit – Error salvando la Configuración de Sincronización.
System.Threading.ThreadAbortException: Thread was being aborted.
   at System.Threading.Thread.AbortInternal()
   at System.Threading.Thread.Abort(Object stateInfo)
   at System.Web.HttpResponse.End()
   at System.Web.HttpResponse.Redirect(String url, Boolean endResponse, Boolean permanent)
   at System.Web.HttpResponse.Redirect(String url)
   at Mega.Admin.Synchronization.POSConfigurationEdit.SaveButton_Click(Object sender, EventArgs e) in D:\Users\Deisbel\Projects\EndToEnd\Mega\source\Mega.Admin\Synchronization\POSConfigurationEdit.aspx.cs:line 57
