2014-05-01 18:19:27,050 INFO  Mega.POS.Main – El sistema ha sido abierto por el usuario g9201
2014-05-01 18:19:35,021 INFO  Mega.POS.Movement.MovementAdd – Movimiento de Caja Insertado. No. 519, Tipo. Apertura de Caja
2014-05-01 18:27:38,685 INFO  Mega.POS.Operation.SaleEdit – Comenzando El Pago y Confirmación del Ticket. Consecutivo 5904
2014-05-01 18:27:38,825 ERROR Mega.POS.Operation.Pay – Error en Pay.CurrencyComboBox_SelectedIndexChanged
System.DivideByZeroException: Intento de dividir por cero.
   en System.Decimal.FCallDivide(Decimal& d1, Decimal& d2)
   en System.Decimal.op_Division(Decimal d1, Decimal d2)
   en Mega.POS.Operation.Pay.UpdateCurrencyPayValues() en C:\Users\CaRLoS\Documents\Visual Studio 2010\Projects\Mega\Sistemas\Proyectos\NOVA\codigo\Fuentes PV 24022012\source\Mega.POS\Operation\Pay.cs:línea 515
   en Mega.POS.Operation.Pay.CurrencyComboBox_SelectedIndexChanged(Object sender, EventArgs e) en C:\Users\CaRLoS\Documents\Visual Studio 2010\Projects\Mega\Sistemas\Proyectos\NOVA\codigo\Fuentes PV 24022012\source\Mega.POS\Operation\Pay.cs:línea 485
2014-05-01 18:53:24,944 INFO  Mega.POS.Main – El sistema ha sido abierto por el usuario g9201
2014-05-01 18:56:03,393 INFO  Mega.POS.Operation.SaleEdit – Comenzando El Pago y Confirmación del Ticket. Consecutivo 5905
2014-05-01 18:56:03,534 ERROR Mega.POS.Operation.Pay – Error en Pay.CurrencyComboBox_SelectedIndexChanged
System.DivideByZeroException: Intento de dividir por cero.
   en System.Decimal.FCallDivide(Decimal& d1, Decimal& d2)
   en System.Decimal.op_Division(Decimal d1, Decimal d2)
   en Mega.POS.Operation.Pay.UpdateCurrencyPayValues() en C:\Users\CaRLoS\Documents\Visual Studio 2010\Projects\Mega\Sistemas\Proyectos\NOVA\codigo\Fuentes PV 24022012\source\Mega.POS\Operation\Pay.cs:línea 515
   en Mega.POS.Operation.Pay.CurrencyComboBox_SelectedIndexChanged(Object sender, EventArgs e) en C:\Users\CaRLoS\Documents\Visual Studio 2010\Projects\Mega\Sistemas\Proyectos\NOVA\codigo\Fuentes PV 24022012\source\Mega.POS\Operation\Pay.cs:línea 485
2014-05-01 19:14:28,000 INFO  Mega.POS.Operation.SaleEdit – Comenzando El Pago y Confirmación del Ticket. Consecutivo 5906
2014-05-01 19:14:28,078 ERROR Mega.POS.Operation.Pay – Error en Pay.CurrencyComboBox_SelectedIndexChanged
System.DivideByZeroException: Intento de dividir por cero.
   en System.Decimal.FCallDivide(Decimal& d1, Decimal& d2)
   en System.Decimal.op_Division(Decimal d1, Decimal d2)
   en Mega.POS.Operation.Pay.UpdateCurrencyPayValues() en C:\Users\CaRLoS\Documents\Visual Studio 2010\Projects\Mega\Sistemas\Proyectos\NOVA\codigo\Fuentes PV 24022012\source\Mega.POS\Operation\Pay.cs:línea 515
   en Mega.POS.Operation.Pay.CurrencyComboBox_SelectedIndexChanged(Object sender, EventArgs e) en C:\Users\CaRLoS\Documents\Visual Studio 2010\Projects\Mega\Sistemas\Proyectos\NOVA\codigo\Fuentes PV 24022012\source\Mega.POS\Operation\Pay.cs:línea 485
2014-05-01 19:20:15,896 ERROR Mega.POS.Operation.SaleEdit – Ha ocurrido un error Enviado el mensaje de Exceso de Efectivo
System.FormatException: La cadena especificada no tiene la forma obligatoria para una dirección de correo electrónico.
   en System.Net.Mail.MailAddressParser.ReadCfwsAndThrowIfIncomplete(String data, Int32 index)
   en System.Net.Mail.MailAddressParser.ParseDomain(String data, Int32& index)
   en System.Net.Mail.MailAddressParser.ParseAddress(String data, Boolean expectMultipleAddresses, Int32& index)
   en System.Net.Mail.MailAddressParser.ParseMultipleAddresses(String data)
   en System.Net.Mail.MailAddressCollection.ParseValue(String addresses)
   en System.Net.Mail.MailAddressCollection.Add(String addresses)
   en Mega.Common.Helpers.MailHelper.SendPlainTextMessage(String mailSubject, String plainTextBody, String mailFromName, String mailFromAddress, String mailToAddressList, String mailCcAddressList, String mailBccAddressList) en C:\Users\CaRLoS\Documents\Visual Studio 2010\Projects\Mega\Sistemas\Proyectos\NOVA\codigo\Fuentes PV 24022012\source\Mega.Common\Helpers\MailHelper.cs:línea 87
   en Mega.POS.Helper.MailTemplateHelper.SendPlainTextMessage(String subject, String plainTextBody, String mailToAddressList, String mailCcAddressList, String mailBccAddressList) en C:\Users\CaRLoS\Documents\Visual Studio 2010\Projects\Mega\Sistemas\Proyectos\NOVA\codigo\Fuentes PV 24022012\source\Mega.POS\Helper\MailTemplateHelper.cs:línea 144
   en Mega.POS.Operation.SaleEdit.VerifyCashLimit() en C:\Users\CaRLoS\Documents\Visual Studio 2010\Projects\Mega\Sistemas\Proyectos\NOVA\codigo\Fuentes PV 24022012\source\Mega.POS\Operation\SaleEdit.cs:línea 1940
2014-05-01 19:57:52,892 INFO  Mega.POS.Main – El sistema ha sido abierto por el usuario g9201
2014-05-01 20:15:08,376 INFO  Mega.POS.Main – El sistema ha sido abierto por el usuario g9201
2014-05-01 20:16:47,670 INFO  Mega.POS.Operation.SaleEdit – Comenzando El Pago y Confirmación del Ticket. Consecutivo 5907
2014-05-01 20:16:47,826 ERROR Mega.POS.Operation.Pay – Error en Pay.CurrencyComboBox_SelectedIndexChanged
System.DivideByZeroException: Intento de dividir por cero.
   en System.Decimal.FCallDivide(Decimal& d1, Decimal& d2)
   en System.Decimal.op_Division(Decimal d1, Decimal d2)
   en Mega.POS.Operation.Pay.UpdateCurrencyPayValues() en C:\Users\CaRLoS\Documents\Visual Studio 2010\Projects\Mega\Sistemas\Proyectos\NOVA\codigo\Fuentes PV 24022012\source\Mega.POS\Operation\Pay.cs:línea 515
   en Mega.POS.Operation.Pay.CurrencyComboBox_SelectedIndexChanged(Object sender, EventArgs e) en C:\Users\CaRLoS\Documents\Visual Studio 2010\Projects\Mega\Sistemas\Proyectos\NOVA\codigo\Fuentes PV 24022012\source\Mega.POS\Operation\Pay.cs:línea 485
2014-05-01 20:18:13,033 ERROR Mega.POS.Operation.SaleEdit – Ha ocurrido un error Enviado el mensaje de Exceso de Efectivo
System.FormatException: La cadena especificada no tiene la forma obligatoria para una dirección de correo electrónico.
   en System.Net.Mail.MailAddressParser.ReadCfwsAndThrowIfIncomplete(String data, Int32 index)
   en System.Net.Mail.MailAddressParser.ParseDomain(String data, Int32& index)
   en System.Net.Mail.MailAddressParser.ParseAddress(String data, Boolean expectMultipleAddresses, Int32& index)
   en System.Net.Mail.MailAddressParser.ParseMultipleAddresses(String data)
   en System.Net.Mail.MailAddressCollection.ParseValue(String addresses)
   en System.Net.Mail.MailAddressCollection.Add(String addresses)
   en Mega.Common.Helpers.MailHelper.SendPlainTextMessage(String mailSubject, String plainTextBody, String mailFromName, String mailFromAddress, String mailToAddressList, String mailCcAddressList, String mailBccAddressList) en C:\Users\CaRLoS\Documents\Visual Studio 2010\Projects\Mega\Sistemas\Proyectos\NOVA\codigo\Fuentes PV 24022012\source\Mega.Common\Helpers\MailHelper.cs:línea 87
   en Mega.POS.Helper.MailTemplateHelper.SendPlainTextMessage(String subject, String plainTextBody, String mailToAddressList, String mailCcAddressList, String mailBccAddressList) en C:\Users\CaRLoS\Documents\Visual Studio 2010\Projects\Mega\Sistemas\Proyectos\NOVA\codigo\Fuentes PV 24022012\source\Mega.POS\Helper\MailTemplateHelper.cs:línea 144
   en Mega.POS.Operation.SaleEdit.VerifyCashLimit() en C:\Users\CaRLoS\Documents\Visual Studio 2010\Projects\Mega\Sistemas\Proyectos\NOVA\codigo\Fuentes PV 24022012\source\Mega.POS\Operation\SaleEdit.cs:línea 1940
