2014-05-02 12:07:30,980 INFO  Mega.POS.Main – El sistema ha sido abierto por el usuario g9201
2014-05-02 12:07:43,132 INFO  Mega.POS.Movement.CashierClose – Iniciando el proceso para Efectuar el Cierre
2014-05-02 12:07:59,621 ERROR Mega.POS.Movement.CashierClose – Un error ha ocurrido durante el envio del Correo de Notificación: 
System.ArgumentException: El parámetro 'addresses' no puede ser una cadena vacía.
Nombre del parámetro: addresses
   en System.Net.Mail.MailAddressCollection.Add(String addresses)
   en Mega.Common.Helpers.MailHelper.SendMessage(String mailSubject, AlternateView htmlBodyView, String mailFromName, String mailFromAddress, String mailToAddressList, String mailCcAddressList, String mailBccAddressList, IEnumerable`1 attachments) en C:\Users\CaRLoS\Documents\Visual Studio 2010\Projects\Mega\Sistemas\Proyectos\NOVA\codigo\Fuentes PV 24022012\source\Mega.Common\Helpers\MailHelper.cs:línea 44
   en Mega.Common.Helpers.MailHelper.SendMessage(String mailSubject, AlternateView htmlBodyView, String mailFromName, String mailFromAddress, String mailToAddressList, String mailCcAddressList, String mailBccAddressList) en C:\Users\CaRLoS\Documents\Visual Studio 2010\Projects\Mega\Sistemas\Proyectos\NOVA\codigo\Fuentes PV 24022012\source\Mega.Common\Helpers\MailHelper.cs:línea 33
   en Mega.POS.Helper.MailTemplateHelper.SendMessage(String subject, AlternateView htmlBodyView, String toAddresses, String ccAdresses, String bccAdresses) en C:\Users\CaRLoS\Documents\Visual Studio 2010\Projects\Mega\Sistemas\Proyectos\NOVA\codigo\Fuentes PV 24022012\source\Mega.POS\Helper\MailTemplateHelper.cs:línea 59
   en Mega.POS.Movement.CashierClose.CloseCashier(Boolean isOk) en C:\Users\CaRLoS\Documents\Visual Studio 2010\Projects\Mega\Sistemas\Proyectos\NOVA\codigo\Fuentes PV 24022012\source\Mega.POS\Movement\CashierClose.cs:línea 458
2014-05-02 12:08:03,194 ERROR Mega.POS.Operation.InvoicesOperations – Error al generar el archivo de texto de la factura 0
System.InvalidOperationException: La secuencia no contiene elementos
   en System.Linq.Enumerable.Single[TSource](IEnumerable`1 source)
   en Mega.POS.Operation.InvoicesOperations.CreateFileTXTInvoiceGeneral(Guid idCasherClose) en C:\Users\CaRLoS\Documents\Visual Studio 2010\Projects\Mega\Sistemas\Proyectos\NOVA\codigo\Fuentes PV 24022012\source\Mega.POS\Operation\InvoicesOperations.cs:línea 197
2014-05-02 12:09:32,878 INFO  Mega.POS.Main – El sistema ha sido abierto por el usuario g9201
2014-05-02 12:09:40,819 INFO  Mega.POS.Movement.MovementAdd – Movimiento de Caja Insertado. No. 520, Tipo. Apertura de Caja
2014-05-02 12:10:19,741 INFO  Mega.POS.Operation.SaleEdit – Comenzando El Pago y Confirmación del Ticket. Consecutivo 5908
2014-05-02 12:10:19,881 ERROR Mega.POS.Operation.Pay – Error en Pay.CurrencyComboBox_SelectedIndexChanged
System.DivideByZeroException: Intento de dividir por cero.
   en System.Decimal.FCallDivide(Decimal& d1, Decimal& d2)
   en System.Decimal.op_Division(Decimal d1, Decimal d2)
   en Mega.POS.Operation.Pay.UpdateCurrencyPayValues() en C:\Users\CaRLoS\Documents\Visual Studio 2010\Projects\Mega\Sistemas\Proyectos\NOVA\codigo\Fuentes PV 24022012\source\Mega.POS\Operation\Pay.cs:línea 515
   en Mega.POS.Operation.Pay.CurrencyComboBox_SelectedIndexChanged(Object sender, EventArgs e) en C:\Users\CaRLoS\Documents\Visual Studio 2010\Projects\Mega\Sistemas\Proyectos\NOVA\codigo\Fuentes PV 24022012\source\Mega.POS\Operation\Pay.cs:línea 485
2014-05-02 12:18:08,818 INFO  Mega.POS.Main – El sistema ha sido abierto por el usuario g9201
2014-05-02 12:18:16,805 INFO  Mega.POS.SyncroFacturacionXSA – La factura individual con id 68 se realizo con exito
2014-05-02 12:36:30,835 INFO  Mega.POS.Main – El sistema ha sido abierto por el usuario g9201
2014-05-02 12:38:47,304 INFO  Mega.POS.Operation.SaleEdit – Comenzando El Pago y Confirmación del Ticket. Consecutivo 5909
2014-05-02 12:38:47,460 ERROR Mega.POS.Operation.Pay – Error en Pay.CurrencyComboBox_SelectedIndexChanged
System.DivideByZeroException: Intento de dividir por cero.
   en System.Decimal.FCallDivide(Decimal& d1, Decimal& d2)
   en System.Decimal.op_Division(Decimal d1, Decimal d2)
   en Mega.POS.Operation.Pay.UpdateCurrencyPayValues() en C:\Users\CaRLoS\Documents\Visual Studio 2010\Projects\Mega\Sistemas\Proyectos\NOVA\codigo\Fuentes PV 24022012\source\Mega.POS\Operation\Pay.cs:línea 515
   en Mega.POS.Operation.Pay.CurrencyComboBox_SelectedIndexChanged(Object sender, EventArgs e) en C:\Users\CaRLoS\Documents\Visual Studio 2010\Projects\Mega\Sistemas\Proyectos\NOVA\codigo\Fuentes PV 24022012\source\Mega.POS\Operation\Pay.cs:línea 485
2014-05-02 13:04:57,915 INFO  Mega.POS.Main – El sistema ha sido abierto por el usuario g9201
2014-05-02 13:22:47,827 INFO  Mega.POS.Main – El sistema ha sido abierto por el usuario g9201
2014-05-02 13:27:17,926 INFO  Mega.POS.Operation.SaleEdit – Comenzando El Pago y Confirmación del Ticket. Consecutivo 5910
2014-05-02 13:27:18,067 ERROR Mega.POS.Operation.Pay – Error en Pay.CurrencyComboBox_SelectedIndexChanged
System.DivideByZeroException: Intento de dividir por cero.
   en System.Decimal.FCallDivide(Decimal& d1, Decimal& d2)
   en System.Decimal.op_Division(Decimal d1, Decimal d2)
   en Mega.POS.Operation.Pay.UpdateCurrencyPayValues() en C:\Users\CaRLoS\Documents\Visual Studio 2010\Projects\Mega\Sistemas\Proyectos\NOVA\codigo\Fuentes PV 24022012\source\Mega.POS\Operation\Pay.cs:línea 515
   en Mega.POS.Operation.Pay.CurrencyComboBox_SelectedIndexChanged(Object sender, EventArgs e) en C:\Users\CaRLoS\Documents\Visual Studio 2010\Projects\Mega\Sistemas\Proyectos\NOVA\codigo\Fuentes PV 24022012\source\Mega.POS\Operation\Pay.cs:línea 485
2014-05-02 13:36:27,125 INFO  Mega.POS.Operation.SaleEdit – Comenzando El Pago y Confirmación del Ticket. Consecutivo 5911
2014-05-02 13:36:27,203 ERROR Mega.POS.Operation.Pay – Error en Pay.CurrencyComboBox_SelectedIndexChanged
System.DivideByZeroException: Intento de dividir por cero.
   en System.Decimal.FCallDivide(Decimal& d1, Decimal& d2)
   en System.Decimal.op_Division(Decimal d1, Decimal d2)
   en Mega.POS.Operation.Pay.UpdateCurrencyPayValues() en C:\Users\CaRLoS\Documents\Visual Studio 2010\Projects\Mega\Sistemas\Proyectos\NOVA\codigo\Fuentes PV 24022012\source\Mega.POS\Operation\Pay.cs:línea 515
   en Mega.POS.Operation.Pay.CurrencyComboBox_SelectedIndexChanged(Object sender, EventArgs e) en C:\Users\CaRLoS\Documents\Visual Studio 2010\Projects\Mega\Sistemas\Proyectos\NOVA\codigo\Fuentes PV 24022012\source\Mega.POS\Operation\Pay.cs:línea 485
2014-05-02 13:40:45,493 INFO  Mega.POS.Main – El sistema ha sido abierto por el usuario g9201
2014-05-02 13:42:02,292 INFO  Mega.POS.Operation.SaleEdit – Comenzando El Pago y Confirmación del Ticket. Consecutivo 5912
2014-05-02 13:42:02,432 ERROR Mega.POS.Operation.Pay – Error en Pay.CurrencyComboBox_SelectedIndexChanged
System.DivideByZeroException: Intento de dividir por cero.
   en System.Decimal.FCallDivide(Decimal& d1, Decimal& d2)
   en System.Decimal.op_Division(Decimal d1, Decimal d2)
   en Mega.POS.Operation.Pay.UpdateCurrencyPayValues() en C:\Users\CaRLoS\Documents\Visual Studio 2010\Projects\Mega\Sistemas\Proyectos\NOVA\codigo\Fuentes PV 24022012\source\Mega.POS\Operation\Pay.cs:línea 515
   en Mega.POS.Operation.Pay.CurrencyComboBox_SelectedIndexChanged(Object sender, EventArgs e) en C:\Users\CaRLoS\Documents\Visual Studio 2010\Projects\Mega\Sistemas\Proyectos\NOVA\codigo\Fuentes PV 24022012\source\Mega.POS\Operation\Pay.cs:línea 485
2014-05-02 15:16:56,345 INFO  Mega.POS.Main – El sistema ha sido abierto por el usuario g9201
2014-05-02 15:21:37,037 INFO  Mega.POS.Main – El sistema ha sido abierto por el usuario g9201
2014-05-02 15:28:40,842 INFO  Mega.POS.Main – El sistema ha sido abierto por el usuario g9201
2014-05-02 15:28:57,269 INFO  Mega.POS.Operation.SaleEdit – Comenzando El Pago y Confirmación del Ticket. Consecutivo 5913
2014-05-02 15:28:57,425 ERROR Mega.POS.Operation.Pay – Error en Pay.CurrencyComboBox_SelectedIndexChanged
System.DivideByZeroException: Intento de dividir por cero.
   en System.Decimal.FCallDivide(Decimal& d1, Decimal& d2)
   en System.Decimal.op_Division(Decimal d1, Decimal d2)
   en Mega.POS.Operation.Pay.UpdateCurrencyPayValues() en C:\Users\CaRLoS\Documents\Visual Studio 2010\Projects\Mega\Sistemas\Proyectos\NOVA\codigo\Fuentes PV 24022012\source\Mega.POS\Operation\Pay.cs:línea 515
   en Mega.POS.Operation.Pay.CurrencyComboBox_SelectedIndexChanged(Object sender, EventArgs e) en C:\Users\CaRLoS\Documents\Visual Studio 2010\Projects\Mega\Sistemas\Proyectos\NOVA\codigo\Fuentes PV 24022012\source\Mega.POS\Operation\Pay.cs:línea 485
2014-05-02 15:29:51,355 ERROR Mega.POS.Operation.SaleEdit – Ha ocurrido un error Enviado el mensaje de Exceso de Efectivo
System.FormatException: La cadena especificada no tiene la forma obligatoria para una dirección de correo electrónico.
   en System.Net.Mail.MailAddressParser.ReadCfwsAndThrowIfIncomplete(String data, Int32 index)
   en System.Net.Mail.MailAddressParser.ParseDomain(String data, Int32& index)
   en System.Net.Mail.MailAddressParser.ParseAddress(String data, Boolean expectMultipleAddresses, Int32& index)
   en System.Net.Mail.MailAddressParser.ParseMultipleAddresses(String data)
   en System.Net.Mail.MailAddressCollection.ParseValue(String addresses)
   en System.Net.Mail.MailAddressCollection.Add(String addresses)
   en Mega.Common.Helpers.MailHelper.SendPlainTextMessage(String mailSubject, String plainTextBody, String mailFromName, String mailFromAddress, String mailToAddressList, String mailCcAddressList, String mailBccAddressList) en C:\Users\CaRLoS\Documents\Visual Studio 2010\Projects\Mega\Sistemas\Proyectos\NOVA\codigo\Fuentes PV 24022012\source\Mega.Common\Helpers\MailHelper.cs:línea 87
   en Mega.POS.Helper.MailTemplateHelper.SendPlainTextMessage(String subject, String plainTextBody, String mailToAddressList, String mailCcAddressList, String mailBccAddressList) en C:\Users\CaRLoS\Documents\Visual Studio 2010\Projects\Mega\Sistemas\Proyectos\NOVA\codigo\Fuentes PV 24022012\source\Mega.POS\Helper\MailTemplateHelper.cs:línea 144
   en Mega.POS.Operation.SaleEdit.VerifyCashLimit() en C:\Users\CaRLoS\Documents\Visual Studio 2010\Projects\Mega\Sistemas\Proyectos\NOVA\codigo\Fuentes PV 24022012\source\Mega.POS\Operation\SaleEdit.cs:línea 1940
2014-05-02 15:32:27,433 INFO  Mega.POS.Main – El sistema ha sido abierto por el usuario g9201
2014-05-02 15:32:43,860 INFO  Mega.POS.Operation.SaleEdit – Comenzando El Pago y Confirmación del Ticket. Consecutivo 5914
2014-05-02 15:32:44,000 ERROR Mega.POS.Operation.Pay – Error en Pay.CurrencyComboBox_SelectedIndexChanged
System.DivideByZeroException: Intento de dividir por cero.
   en System.Decimal.FCallDivide(Decimal& d1, Decimal& d2)
   en System.Decimal.op_Division(Decimal d1, Decimal d2)
   en Mega.POS.Operation.Pay.UpdateCurrencyPayValues() en C:\Users\CaRLoS\Documents\Visual Studio 2010\Projects\Mega\Sistemas\Proyectos\NOVA\codigo\Fuentes PV 24022012\source\Mega.POS\Operation\Pay.cs:línea 515
   en Mega.POS.Operation.Pay.CurrencyComboBox_SelectedIndexChanged(Object sender, EventArgs e) en C:\Users\CaRLoS\Documents\Visual Studio 2010\Projects\Mega\Sistemas\Proyectos\NOVA\codigo\Fuentes PV 24022012\source\Mega.POS\Operation\Pay.cs:línea 485
2014-05-02 15:33:30,894 ERROR Mega.POS.Operation.SaleEdit – Ha ocurrido un error Enviado el mensaje de Exceso de Efectivo
System.FormatException: La cadena especificada no tiene la forma obligatoria para una dirección de correo electrónico.
   en System.Net.Mail.MailAddressParser.ReadCfwsAndThrowIfIncomplete(String data, Int32 index)
   en System.Net.Mail.MailAddressParser.ParseDomain(String data, Int32& index)
   en System.Net.Mail.MailAddressParser.ParseAddress(String data, Boolean expectMultipleAddresses, Int32& index)
   en System.Net.Mail.MailAddressParser.ParseMultipleAddresses(String data)
   en System.Net.Mail.MailAddressCollection.ParseValue(String addresses)
   en System.Net.Mail.MailAddressCollection.Add(String addresses)
   en Mega.Common.Helpers.MailHelper.SendPlainTextMessage(String mailSubject, String plainTextBody, String mailFromName, String mailFromAddress, String mailToAddressList, String mailCcAddressList, String mailBccAddressList) en C:\Users\CaRLoS\Documents\Visual Studio 2010\Projects\Mega\Sistemas\Proyectos\NOVA\codigo\Fuentes PV 24022012\source\Mega.Common\Helpers\MailHelper.cs:línea 87
   en Mega.POS.Helper.MailTemplateHelper.SendPlainTextMessage(String subject, String plainTextBody, String mailToAddressList, String mailCcAddressList, String mailBccAddressList) en C:\Users\CaRLoS\Documents\Visual Studio 2010\Projects\Mega\Sistemas\Proyectos\NOVA\codigo\Fuentes PV 24022012\source\Mega.POS\Helper\MailTemplateHelper.cs:línea 144
   en Mega.POS.Operation.SaleEdit.VerifyCashLimit() en C:\Users\CaRLoS\Documents\Visual Studio 2010\Projects\Mega\Sistemas\Proyectos\NOVA\codigo\Fuentes PV 24022012\source\Mega.POS\Operation\SaleEdit.cs:línea 1958
2014-05-02 15:34:06,415 INFO  Mega.POS.Operation.SaleEdit – Comenzando El Pago y Confirmación del Ticket. Consecutivo 5915
2014-05-02 15:34:06,493 ERROR Mega.POS.Operation.Pay – Error en Pay.CurrencyComboBox_SelectedIndexChanged
System.DivideByZeroException: Intento de dividir por cero.
   en System.Decimal.FCallDivide(Decimal& d1, Decimal& d2)
   en System.Decimal.op_Division(Decimal d1, Decimal d2)
   en Mega.POS.Operation.Pay.UpdateCurrencyPayValues() en C:\Users\CaRLoS\Documents\Visual Studio 2010\Projects\Mega\Sistemas\Proyectos\NOVA\codigo\Fuentes PV 24022012\source\Mega.POS\Operation\Pay.cs:línea 515
   en Mega.POS.Operation.Pay.CurrencyComboBox_SelectedIndexChanged(Object sender, EventArgs e) en C:\Users\CaRLoS\Documents\Visual Studio 2010\Projects\Mega\Sistemas\Proyectos\NOVA\codigo\Fuentes PV 24022012\source\Mega.POS\Operation\Pay.cs:línea 485
2014-05-02 15:34:46,710 ERROR Mega.POS.Operation.SaleEdit – Ha ocurrido un error Enviado el mensaje de Exceso de Efectivo
System.FormatException: La cadena especificada no tiene la forma obligatoria para una dirección de correo electrónico.
   en System.Net.Mail.MailAddressParser.ReadCfwsAndThrowIfIncomplete(String data, Int32 index)
   en System.Net.Mail.MailAddressParser.ParseDomain(String data, Int32& index)
   en System.Net.Mail.MailAddressParser.ParseAddress(String data, Boolean expectMultipleAddresses, Int32& index)
   en System.Net.Mail.MailAddressParser.ParseMultipleAddresses(String data)
   en System.Net.Mail.MailAddressCollection.ParseValue(String addresses)
   en System.Net.Mail.MailAddressCollection.Add(String addresses)
   en Mega.Common.Helpers.MailHelper.SendPlainTextMessage(String mailSubject, String plainTextBody, String mailFromName, String mailFromAddress, String mailToAddressList, String mailCcAddressList, String mailBccAddressList) en C:\Users\CaRLoS\Documents\Visual Studio 2010\Projects\Mega\Sistemas\Proyectos\NOVA\codigo\Fuentes PV 24022012\source\Mega.Common\Helpers\MailHelper.cs:línea 87
   en Mega.POS.Helper.MailTemplateHelper.SendPlainTextMessage(String subject, String plainTextBody, String mailToAddressList, String mailCcAddressList, String mailBccAddressList) en C:\Users\CaRLoS\Documents\Visual Studio 2010\Projects\Mega\Sistemas\Proyectos\NOVA\codigo\Fuentes PV 24022012\source\Mega.POS\Helper\MailTemplateHelper.cs:línea 144
   en Mega.POS.Operation.SaleEdit.VerifyCashLimit() en C:\Users\CaRLoS\Documents\Visual Studio 2010\Projects\Mega\Sistemas\Proyectos\NOVA\codigo\Fuentes PV 24022012\source\Mega.POS\Operation\SaleEdit.cs:línea 1958
2014-05-02 15:35:23,729 INFO  Mega.POS.Operation.SaleEdit – Comenzando El Pago y Confirmación del Ticket. Consecutivo 5916
2014-05-02 15:35:23,807 ERROR Mega.POS.Operation.Pay – Error en Pay.CurrencyComboBox_SelectedIndexChanged
System.DivideByZeroException: Intento de dividir por cero.
   en System.Decimal.FCallDivide(Decimal& d1, Decimal& d2)
   en System.Decimal.op_Division(Decimal d1, Decimal d2)
   en Mega.POS.Operation.Pay.UpdateCurrencyPayValues() en C:\Users\CaRLoS\Documents\Visual Studio 2010\Projects\Mega\Sistemas\Proyectos\NOVA\codigo\Fuentes PV 24022012\source\Mega.POS\Operation\Pay.cs:línea 515
   en Mega.POS.Operation.Pay.CurrencyComboBox_SelectedIndexChanged(Object sender, EventArgs e) en C:\Users\CaRLoS\Documents\Visual Studio 2010\Projects\Mega\Sistemas\Proyectos\NOVA\codigo\Fuentes PV 24022012\source\Mega.POS\Operation\Pay.cs:línea 485
2014-05-02 15:36:01,855 ERROR Mega.POS.Operation.SaleEdit – Ha ocurrido un error Enviado el mensaje de Exceso de Efectivo
System.FormatException: La cadena especificada no tiene la forma obligatoria para una dirección de correo electrónico.
   en System.Net.Mail.MailAddressParser.ReadCfwsAndThrowIfIncomplete(String data, Int32 index)
   en System.Net.Mail.MailAddressParser.ParseDomain(String data, Int32& index)
   en System.Net.Mail.MailAddressParser.ParseAddress(String data, Boolean expectMultipleAddresses, Int32& index)
   en System.Net.Mail.MailAddressParser.ParseMultipleAddresses(String data)
   en System.Net.Mail.MailAddressCollection.ParseValue(String addresses)
   en System.Net.Mail.MailAddressCollection.Add(String addresses)
   en Mega.Common.Helpers.MailHelper.SendPlainTextMessage(String mailSubject, String plainTextBody, String mailFromName, String mailFromAddress, String mailToAddressList, String mailCcAddressList, String mailBccAddressList) en C:\Users\CaRLoS\Documents\Visual Studio 2010\Projects\Mega\Sistemas\Proyectos\NOVA\codigo\Fuentes PV 24022012\source\Mega.Common\Helpers\MailHelper.cs:línea 87
   en Mega.POS.Helper.MailTemplateHelper.SendPlainTextMessage(String subject, String plainTextBody, String mailToAddressList, String mailCcAddressList, String mailBccAddressList) en C:\Users\CaRLoS\Documents\Visual Studio 2010\Projects\Mega\Sistemas\Proyectos\NOVA\codigo\Fuentes PV 24022012\source\Mega.POS\Helper\MailTemplateHelper.cs:línea 144
   en Mega.POS.Operation.SaleEdit.VerifyCashLimit() en C:\Users\CaRLoS\Documents\Visual Studio 2010\Projects\Mega\Sistemas\Proyectos\NOVA\codigo\Fuentes PV 24022012\source\Mega.POS\Operation\SaleEdit.cs:línea 1958
2014-05-02 15:36:50,949 INFO  Mega.POS.Operation.SaleEdit – Comenzando El Pago y Confirmación del Ticket. Consecutivo 5917
2014-05-02 15:36:51,027 ERROR Mega.POS.Operation.Pay – Error en Pay.CurrencyComboBox_SelectedIndexChanged
System.DivideByZeroException: Intento de dividir por cero.
   en System.Decimal.FCallDivide(Decimal& d1, Decimal& d2)
   en System.Decimal.op_Division(Decimal d1, Decimal d2)
   en Mega.POS.Operation.Pay.UpdateCurrencyPayValues() en C:\Users\CaRLoS\Documents\Visual Studio 2010\Projects\Mega\Sistemas\Proyectos\NOVA\codigo\Fuentes PV 24022012\source\Mega.POS\Operation\Pay.cs:línea 515
   en Mega.POS.Operation.Pay.CurrencyComboBox_SelectedIndexChanged(Object sender, EventArgs e) en C:\Users\CaRLoS\Documents\Visual Studio 2010\Projects\Mega\Sistemas\Proyectos\NOVA\codigo\Fuentes PV 24022012\source\Mega.POS\Operation\Pay.cs:línea 485
2014-05-02 15:37:49,308 ERROR Mega.POS.Operation.SaleEdit – Ha ocurrido un error Enviado el mensaje de Exceso de Efectivo
System.FormatException: La cadena especificada no tiene la forma obligatoria para una dirección de correo electrónico.
   en System.Net.Mail.MailAddressParser.ReadCfwsAndThrowIfIncomplete(String data, Int32 index)
   en System.Net.Mail.MailAddressParser.ParseDomain(String data, Int32& index)
   en System.Net.Mail.MailAddressParser.ParseAddress(String data, Boolean expectMultipleAddresses, Int32& index)
   en System.Net.Mail.MailAddressParser.ParseMultipleAddresses(String data)
   en System.Net.Mail.MailAddressCollection.ParseValue(String addresses)
   en System.Net.Mail.MailAddressCollection.Add(String addresses)
   en Mega.Common.Helpers.MailHelper.SendPlainTextMessage(String mailSubject, String plainTextBody, String mailFromName, String mailFromAddress, String mailToAddressList, String mailCcAddressList, String mailBccAddressList) en C:\Users\CaRLoS\Documents\Visual Studio 2010\Projects\Mega\Sistemas\Proyectos\NOVA\codigo\Fuentes PV 24022012\source\Mega.Common\Helpers\MailHelper.cs:línea 87
   en Mega.POS.Helper.MailTemplateHelper.SendPlainTextMessage(String subject, String plainTextBody, String mailToAddressList, String mailCcAddressList, String mailBccAddressList) en C:\Users\CaRLoS\Documents\Visual Studio 2010\Projects\Mega\Sistemas\Proyectos\NOVA\codigo\Fuentes PV 24022012\source\Mega.POS\Helper\MailTemplateHelper.cs:línea 144
   en Mega.POS.Operation.SaleEdit.VerifyCashLimit() en C:\Users\CaRLoS\Documents\Visual Studio 2010\Projects\Mega\Sistemas\Proyectos\NOVA\codigo\Fuentes PV 24022012\source\Mega.POS\Operation\SaleEdit.cs:línea 1958
2014-05-02 15:39:30,350 INFO  Mega.POS.Operation.SaleEdit – Comenzando El Pago y Confirmación del Ticket. Consecutivo 5918
2014-05-02 15:39:30,428 ERROR Mega.POS.Operation.Pay – Error en Pay.CurrencyComboBox_SelectedIndexChanged
System.DivideByZeroException: Intento de dividir por cero.
   en System.Decimal.FCallDivide(Decimal& d1, Decimal& d2)
   en System.Decimal.op_Division(Decimal d1, Decimal d2)
   en Mega.POS.Operation.Pay.UpdateCurrencyPayValues() en C:\Users\CaRLoS\Documents\Visual Studio 2010\Projects\Mega\Sistemas\Proyectos\NOVA\codigo\Fuentes PV 24022012\source\Mega.POS\Operation\Pay.cs:línea 515
   en Mega.POS.Operation.Pay.CurrencyComboBox_SelectedIndexChanged(Object sender, EventArgs e) en C:\Users\CaRLoS\Documents\Visual Studio 2010\Projects\Mega\Sistemas\Proyectos\NOVA\codigo\Fuentes PV 24022012\source\Mega.POS\Operation\Pay.cs:línea 485
2014-05-02 15:40:01,128 ERROR Mega.POS.Operation.SaleEdit – Ha ocurrido un error Enviado el mensaje de Exceso de Efectivo
System.FormatException: La cadena especificada no tiene la forma obligatoria para una dirección de correo electrónico.
   en System.Net.Mail.MailAddressParser.ReadCfwsAndThrowIfIncomplete(String data, Int32 index)
   en System.Net.Mail.MailAddressParser.ParseDomain(String data, Int32& index)
   en System.Net.Mail.MailAddressParser.ParseAddress(String data, Boolean expectMultipleAddresses, Int32& index)
   en System.Net.Mail.MailAddressParser.ParseMultipleAddresses(String data)
   en System.Net.Mail.MailAddressCollection.ParseValue(String addresses)
   en System.Net.Mail.MailAddressCollection.Add(String addresses)
   en Mega.Common.Helpers.MailHelper.SendPlainTextMessage(String mailSubject, String plainTextBody, String mailFromName, String mailFromAddress, String mailToAddressList, String mailCcAddressList, String mailBccAddressList) en C:\Users\CaRLoS\Documents\Visual Studio 2010\Projects\Mega\Sistemas\Proyectos\NOVA\codigo\Fuentes PV 24022012\source\Mega.Common\Helpers\MailHelper.cs:línea 87
   en Mega.POS.Helper.MailTemplateHelper.SendPlainTextMessage(String subject, String plainTextBody, String mailToAddressList, String mailCcAddressList, String mailBccAddressList) en C:\Users\CaRLoS\Documents\Visual Studio 2010\Projects\Mega\Sistemas\Proyectos\NOVA\codigo\Fuentes PV 24022012\source\Mega.POS\Helper\MailTemplateHelper.cs:línea 144
   en Mega.POS.Operation.SaleEdit.VerifyCashLimit() en C:\Users\CaRLoS\Documents\Visual Studio 2010\Projects\Mega\Sistemas\Proyectos\NOVA\codigo\Fuentes PV 24022012\source\Mega.POS\Operation\SaleEdit.cs:línea 1958
2014-05-02 15:43:59,559 INFO  Mega.POS.Movement.CashierClose – Iniciando el proceso para Efectuar el Cierre
2014-05-02 15:44:13,428 ERROR Mega.POS.Movement.CashierClose – Un error ha ocurrido durante el envio del Correo de Notificación: 
System.ArgumentException: El parámetro 'addresses' no puede ser una cadena vacía.
Nombre del parámetro: addresses
   en System.Net.Mail.MailAddressCollection.Add(String addresses)
   en Mega.Common.Helpers.MailHelper.SendMessage(String mailSubject, AlternateView htmlBodyView, String mailFromName, String mailFromAddress, String mailToAddressList, String mailCcAddressList, String mailBccAddressList, IEnumerable`1 attachments) en C:\Users\CaRLoS\Documents\Visual Studio 2010\Projects\Mega\Sistemas\Proyectos\NOVA\codigo\Fuentes PV 24022012\source\Mega.Common\Helpers\MailHelper.cs:línea 44
   en Mega.Common.Helpers.MailHelper.SendMessage(String mailSubject, AlternateView htmlBodyView, String mailFromName, String mailFromAddress, String mailToAddressList, String mailCcAddressList, String mailBccAddressList) en C:\Users\CaRLoS\Documents\Visual Studio 2010\Projects\Mega\Sistemas\Proyectos\NOVA\codigo\Fuentes PV 24022012\source\Mega.Common\Helpers\MailHelper.cs:línea 33
   en Mega.POS.Helper.MailTemplateHelper.SendMessage(String subject, AlternateView htmlBodyView, String toAddresses, String ccAdresses, String bccAdresses) en C:\Users\CaRLoS\Documents\Visual Studio 2010\Projects\Mega\Sistemas\Proyectos\NOVA\codigo\Fuentes PV 24022012\source\Mega.POS\Helper\MailTemplateHelper.cs:línea 59
   en Mega.POS.Movement.CashierClose.CloseCashier(Boolean isOk) en C:\Users\CaRLoS\Documents\Visual Studio 2010\Projects\Mega\Sistemas\Proyectos\NOVA\codigo\Fuentes PV 24022012\source\Mega.POS\Movement\CashierClose.cs:línea 458
2014-05-02 15:44:29,418 ERROR Mega.POS.Operation.InvoicesOperations – Error al intentar generar la factura en XSA System.Data.Linq.ChangeConflictException: Fila no encontrada o modificada.
   en System.Data.Linq.ChangeProcessor.SubmitChanges(ConflictMode failureMode)
   en System.Data.Linq.DataContext.SubmitChanges(ConflictMode failureMode)
   en System.Data.Linq.DataContext.SubmitChanges()
   en Mega.POS.Operation.InvoicesOperations.SendToXSA(Boolean& errorFiscalData, Boolean& failConection, String& errorFiscalDataDescription, Boolean& statusDoc, String idCasherClose, Int32 typeInvoice) en C:\Users\CaRLoS\Documents\Visual Studio 2010\Projects\Mega\Sistemas\Proyectos\NOVA\codigo\Fuentes PV 24022012\source\Mega.POS\Operation\InvoicesOperations.cs:línea 310
2014-05-02 15:44:33,957 ERROR Mega.POS.Movement.CashierClose – Fila no encontrada o modificada.
2014-05-02 15:44:35,595 INFO  Mega.POS.Movement.CashierClose – La factura general se realizo con exito
2014-05-02 16:38:15,394 INFO  Mega.POS.Main – El sistema ha sido abierto por el usuario g9201
2014-05-02 16:45:32,367 INFO  Mega.POS.Main – El sistema ha sido abierto por el usuario g9201
2014-05-02 16:47:02,504 INFO  Mega.POS.Main – El sistema ha sido abierto por el usuario g9201
2014-05-02 16:47:11,661 INFO  Mega.POS.Movement.MovementAdd – Movimiento de Caja Insertado. No. 521, Tipo. Apertura de Caja
2014-05-02 16:47:48,009 INFO  Mega.POS.Main – El sistema ha sido abierto por el usuario g9201
2014-05-02 16:49:04,823 INFO  Mega.POS.Main – El sistema ha sido abierto por el usuario g9201
2014-05-02 16:49:19,331 ERROR Mega.POS.SyncroFacturacionXSA – El folio requerido no está diponible [PED-298 no pertenece a este tipo de comprobante.]
2014-05-02 16:55:04,763 INFO  Mega.POS.Operation.SaleEdit – Comenzando El Pago y Confirmación del Ticket. Consecutivo 5919
2014-05-02 16:55:04,919 ERROR Mega.POS.Operation.Pay – Error en Pay.CurrencyComboBox_SelectedIndexChanged
System.DivideByZeroException: Intento de dividir por cero.
   en System.Decimal.FCallDivide(Decimal& d1, Decimal& d2)
   en System.Decimal.op_Division(Decimal d1, Decimal d2)
   en Mega.POS.Operation.Pay.UpdateCurrencyPayValues() en C:\Users\CaRLoS\Documents\Visual Studio 2010\Projects\Mega\Sistemas\Proyectos\NOVA\codigo\Fuentes PV 24022012\source\Mega.POS\Operation\Pay.cs:línea 515
   en Mega.POS.Operation.Pay.CurrencyComboBox_SelectedIndexChanged(Object sender, EventArgs e) en C:\Users\CaRLoS\Documents\Visual Studio 2010\Projects\Mega\Sistemas\Proyectos\NOVA\codigo\Fuentes PV 24022012\source\Mega.POS\Operation\Pay.cs:línea 485
2014-05-02 16:55:53,809 INFO  Mega.POS.Operation.SaleEdit – Comenzando El Pago y Confirmación del Ticket. Consecutivo 5920
2014-05-02 16:55:53,887 ERROR Mega.POS.Operation.Pay – Error en Pay.CurrencyComboBox_SelectedIndexChanged
System.DivideByZeroException: Intento de dividir por cero.
   en System.Decimal.FCallDivide(Decimal& d1, Decimal& d2)
   en System.Decimal.op_Division(Decimal d1, Decimal d2)
   en Mega.POS.Operation.Pay.UpdateCurrencyPayValues() en C:\Users\CaRLoS\Documents\Visual Studio 2010\Projects\Mega\Sistemas\Proyectos\NOVA\codigo\Fuentes PV 24022012\source\Mega.POS\Operation\Pay.cs:línea 515
   en Mega.POS.Operation.Pay.CurrencyComboBox_SelectedIndexChanged(Object sender, EventArgs e) en C:\Users\CaRLoS\Documents\Visual Studio 2010\Projects\Mega\Sistemas\Proyectos\NOVA\codigo\Fuentes PV 24022012\source\Mega.POS\Operation\Pay.cs:línea 485
2014-05-02 16:57:04,805 INFO  Mega.POS.Movement.CashierClose – Iniciando el proceso para Efectuar el Cierre
2014-05-02 16:57:21,903 ERROR Mega.POS.Movement.CashierClose – Un error ha ocurrido durante el envio del Correo de Notificación: 
System.ArgumentException: El parámetro 'addresses' no puede ser una cadena vacía.
Nombre del parámetro: addresses
   en System.Net.Mail.MailAddressCollection.Add(String addresses)
   en Mega.Common.Helpers.MailHelper.SendMessage(String mailSubject, AlternateView htmlBodyView, String mailFromName, String mailFromAddress, String mailToAddressList, String mailCcAddressList, String mailBccAddressList, IEnumerable`1 attachments) en C:\Users\CaRLoS\Documents\Visual Studio 2010\Projects\Mega\Sistemas\Proyectos\NOVA\codigo\Fuentes PV 24022012\source\Mega.Common\Helpers\MailHelper.cs:línea 44
   en Mega.Common.Helpers.MailHelper.SendMessage(String mailSubject, AlternateView htmlBodyView, String mailFromName, String mailFromAddress, String mailToAddressList, String mailCcAddressList, String mailBccAddressList) en C:\Users\CaRLoS\Documents\Visual Studio 2010\Projects\Mega\Sistemas\Proyectos\NOVA\codigo\Fuentes PV 24022012\source\Mega.Common\Helpers\MailHelper.cs:línea 33
   en Mega.POS.Helper.MailTemplateHelper.SendMessage(String subject, AlternateView htmlBodyView, String toAddresses, String ccAdresses, String bccAdresses) en C:\Users\CaRLoS\Documents\Visual Studio 2010\Projects\Mega\Sistemas\Proyectos\NOVA\codigo\Fuentes PV 24022012\source\Mega.POS\Helper\MailTemplateHelper.cs:línea 59
   en Mega.POS.Movement.CashierClose.CloseCashier(Boolean isOk) en C:\Users\CaRLoS\Documents\Visual Studio 2010\Projects\Mega\Sistemas\Proyectos\NOVA\codigo\Fuentes PV 24022012\source\Mega.POS\Movement\CashierClose.cs:línea 458
2014-05-02 16:58:45,846 INFO  Mega.POS.Main – El sistema ha sido abierto por el usuario g9201
2014-05-02 16:59:05,487 ERROR Mega.POS.Login – El usuario 99201 o la contraseña son incorrectos
2014-05-02 16:59:11,087 INFO  Mega.POS.Main – El sistema ha sido abierto por el usuario g9201
2014-05-02 16:59:30,197 INFO  Mega.POS.Main – El sistema ha sido abierto por el usuario g9201
2014-05-02 16:59:37,857 ERROR Mega.POS.SyncroFacturacionXSA – El folio requerido no está diponible [PED-299 no pertenece a este tipo de comprobante.]
2014-05-02 16:59:38,403 INFO  Mega.POS.Movement.MovementAdd – Movimiento de Caja Insertado. No. 522, Tipo. Apertura de Caja
2014-05-02 17:17:41,185 INFO  Mega.POS.Main – El sistema ha sido abierto por el usuario g9201
2014-05-02 17:17:49,126 INFO  Mega.POS.Movement.CashierClose – Iniciando el proceso para Efectuar el Cierre
2014-05-02 17:20:18,808 INFO  Mega.POS.Movement.CashierClose – La factura general se realizo con exito
2014-05-02 17:31:29,859 INFO  Mega.POS.Main – El sistema ha sido abierto por el usuario g9201
2014-05-02 17:31:39,671 INFO  Mega.POS.Movement.MovementAdd – Movimiento de Caja Insertado. No. 523, Tipo. Apertura de Caja
2014-05-02 17:32:23,398 INFO  Mega.POS.Operation.SaleEdit – Comenzando El Pago y Confirmación del Ticket. Consecutivo 5921
2014-05-02 17:32:23,523 ERROR Mega.POS.Operation.Pay – Error en Pay.CurrencyComboBox_SelectedIndexChanged
System.DivideByZeroException: Intento de dividir por cero.
   en System.Decimal.FCallDivide(Decimal& d1, Decimal& d2)
   en System.Decimal.op_Division(Decimal d1, Decimal d2)
   en Mega.POS.Operation.Pay.UpdateCurrencyPayValues() en C:\Users\CaRLoS\Documents\Visual Studio 2010\Projects\Mega\Sistemas\Proyectos\NOVA\codigo\Fuentes PV 24022012\source\Mega.POS\Operation\Pay.cs:línea 515
   en Mega.POS.Operation.Pay.CurrencyComboBox_SelectedIndexChanged(Object sender, EventArgs e) en C:\Users\CaRLoS\Documents\Visual Studio 2010\Projects\Mega\Sistemas\Proyectos\NOVA\codigo\Fuentes PV 24022012\source\Mega.POS\Operation\Pay.cs:línea 485
2014-05-02 17:32:59,933 INFO  Mega.POS.Operation.SaleEdit – Comenzando El Pago y Confirmación del Ticket. Consecutivo 5922
2014-05-02 17:33:00,011 ERROR Mega.POS.Operation.Pay – Error en Pay.CurrencyComboBox_SelectedIndexChanged
System.DivideByZeroException: Intento de dividir por cero.
   en System.Decimal.FCallDivide(Decimal& d1, Decimal& d2)
   en System.Decimal.op_Division(Decimal d1, Decimal d2)
   en Mega.POS.Operation.Pay.UpdateCurrencyPayValues() en C:\Users\CaRLoS\Documents\Visual Studio 2010\Projects\Mega\Sistemas\Proyectos\NOVA\codigo\Fuentes PV 24022012\source\Mega.POS\Operation\Pay.cs:línea 515
   en Mega.POS.Operation.Pay.CurrencyComboBox_SelectedIndexChanged(Object sender, EventArgs e) en C:\Users\CaRLoS\Documents\Visual Studio 2010\Projects\Mega\Sistemas\Proyectos\NOVA\codigo\Fuentes PV 24022012\source\Mega.POS\Operation\Pay.cs:línea 485
2014-05-02 17:33:32,303 INFO  Mega.POS.Operation.SaleEdit – Comenzando El Pago y Confirmación del Ticket. Consecutivo 5923
2014-05-02 17:33:32,381 ERROR Mega.POS.Operation.Pay – Error en Pay.CurrencyComboBox_SelectedIndexChanged
System.DivideByZeroException: Intento de dividir por cero.
   en System.Decimal.FCallDivide(Decimal& d1, Decimal& d2)
   en System.Decimal.op_Division(Decimal d1, Decimal d2)
   en Mega.POS.Operation.Pay.UpdateCurrencyPayValues() en C:\Users\CaRLoS\Documents\Visual Studio 2010\Projects\Mega\Sistemas\Proyectos\NOVA\codigo\Fuentes PV 24022012\source\Mega.POS\Operation\Pay.cs:línea 515
   en Mega.POS.Operation.Pay.CurrencyComboBox_SelectedIndexChanged(Object sender, EventArgs e) en C:\Users\CaRLoS\Documents\Visual Studio 2010\Projects\Mega\Sistemas\Proyectos\NOVA\codigo\Fuentes PV 24022012\source\Mega.POS\Operation\Pay.cs:línea 485
2014-05-02 17:35:03,345 INFO  Mega.POS.Movement.CashierClose – Iniciando el proceso para Efectuar el Cierre
2014-05-02 17:35:26,917 ERROR Mega.POS.Movement.CashierClose – Un error ha ocurrido durante el envio del Correo de Notificación: 
System.ArgumentException: El parámetro 'addresses' no puede ser una cadena vacía.
Nombre del parámetro: addresses
   en System.Net.Mail.MailAddressCollection.Add(String addresses)
   en Mega.Common.Helpers.MailHelper.SendMessage(String mailSubject, AlternateView htmlBodyView, String mailFromName, String mailFromAddress, String mailToAddressList, String mailCcAddressList, String mailBccAddressList, IEnumerable`1 attachments) en C:\Users\CaRLoS\Documents\Visual Studio 2010\Projects\Mega\Sistemas\Proyectos\NOVA\codigo\Fuentes PV 24022012\source\Mega.Common\Helpers\MailHelper.cs:línea 44
   en Mega.Common.Helpers.MailHelper.SendMessage(String mailSubject, AlternateView htmlBodyView, String mailFromName, String mailFromAddress, String mailToAddressList, String mailCcAddressList, String mailBccAddressList) en C:\Users\CaRLoS\Documents\Visual Studio 2010\Projects\Mega\Sistemas\Proyectos\NOVA\codigo\Fuentes PV 24022012\source\Mega.Common\Helpers\MailHelper.cs:línea 33
   en Mega.POS.Helper.MailTemplateHelper.SendMessage(String subject, AlternateView htmlBodyView, String toAddresses, String ccAdresses, String bccAdresses) en C:\Users\CaRLoS\Documents\Visual Studio 2010\Projects\Mega\Sistemas\Proyectos\NOVA\codigo\Fuentes PV 24022012\source\Mega.POS\Helper\MailTemplateHelper.cs:línea 59
   en Mega.POS.Movement.CashierClose.CloseCashier(Boolean isOk) en C:\Users\CaRLoS\Documents\Visual Studio 2010\Projects\Mega\Sistemas\Proyectos\NOVA\codigo\Fuentes PV 24022012\source\Mega.POS\Movement\CashierClose.cs:línea 458
2014-05-02 17:35:39,802 ERROR Mega.POS.Operation.InvoicesOperations – Error al intentar generar la factura en XSA System.Data.Linq.ChangeConflictException: Fila no encontrada o modificada.
   en System.Data.Linq.ChangeProcessor.SubmitChanges(ConflictMode failureMode)
   en System.Data.Linq.DataContext.SubmitChanges(ConflictMode failureMode)
   en System.Data.Linq.DataContext.SubmitChanges()
   en Mega.POS.Operation.InvoicesOperations.SendToXSA(Boolean& errorFiscalData, Boolean& failConection, String& errorFiscalDataDescription, Boolean& statusDoc, String idCasherClose, Int32 typeInvoice) en C:\Users\CaRLoS\Documents\Visual Studio 2010\Projects\Mega\Sistemas\Proyectos\NOVA\codigo\Fuentes PV 24022012\source\Mega.POS\Operation\InvoicesOperations.cs:línea 310
2014-05-02 17:35:43,094 ERROR Mega.POS.Movement.CashierClose – Fila no encontrada o modificada.
2014-05-02 17:35:44,357 INFO  Mega.POS.Movement.CashierClose – La factura general se realizo con exito
2014-05-02 17:40:04,347 INFO  Mega.POS.Main – El sistema ha sido abierto por el usuario g9201
2014-05-02 17:40:12,038 INFO  Mega.POS.Movement.MovementAdd – Movimiento de Caja Insertado. No. 524, Tipo. Apertura de Caja
2014-05-02 17:40:44,970 INFO  Mega.POS.Operation.SaleEdit – Comenzando El Pago y Confirmación del Ticket. Consecutivo 5924
2014-05-02 17:40:45,095 ERROR Mega.POS.Operation.Pay – Error en Pay.CurrencyComboBox_SelectedIndexChanged
System.DivideByZeroException: Intento de dividir por cero.
   en System.Decimal.FCallDivide(Decimal& d1, Decimal& d2)
   en System.Decimal.op_Division(Decimal d1, Decimal d2)
   en Mega.POS.Operation.Pay.UpdateCurrencyPayValues() en C:\Users\CaRLoS\Documents\Visual Studio 2010\Projects\Mega\Sistemas\Proyectos\NOVA\codigo\Fuentes PV 24022012\source\Mega.POS\Operation\Pay.cs:línea 515
   en Mega.POS.Operation.Pay.CurrencyComboBox_SelectedIndexChanged(Object sender, EventArgs e) en C:\Users\CaRLoS\Documents\Visual Studio 2010\Projects\Mega\Sistemas\Proyectos\NOVA\codigo\Fuentes PV 24022012\source\Mega.POS\Operation\Pay.cs:línea 485
2014-05-02 17:41:12,286 INFO  Mega.POS.Operation.SaleEdit – Comenzando El Pago y Confirmación del Ticket. Consecutivo 5925
2014-05-02 17:41:12,364 ERROR Mega.POS.Operation.Pay – Error en Pay.CurrencyComboBox_SelectedIndexChanged
System.DivideByZeroException: Intento de dividir por cero.
   en System.Decimal.FCallDivide(Decimal& d1, Decimal& d2)
   en System.Decimal.op_Division(Decimal d1, Decimal d2)
   en Mega.POS.Operation.Pay.UpdateCurrencyPayValues() en C:\Users\CaRLoS\Documents\Visual Studio 2010\Projects\Mega\Sistemas\Proyectos\NOVA\codigo\Fuentes PV 24022012\source\Mega.POS\Operation\Pay.cs:línea 515
   en Mega.POS.Operation.Pay.CurrencyComboBox_SelectedIndexChanged(Object sender, EventArgs e) en C:\Users\CaRLoS\Documents\Visual Studio 2010\Projects\Mega\Sistemas\Proyectos\NOVA\codigo\Fuentes PV 24022012\source\Mega.POS\Operation\Pay.cs:línea 485
2014-05-02 17:42:08,103 INFO  Mega.POS.Movement.CashierClose – Iniciando el proceso para Efectuar el Cierre
2014-05-02 17:42:47,711 ERROR Mega.POS.Movement.CashierClose – Un error ha ocurrido durante el envio del Correo de Notificación: 
System.ArgumentException: El parámetro 'addresses' no puede ser una cadena vacía.
Nombre del parámetro: addresses
   en System.Net.Mail.MailAddressCollection.Add(String addresses)
   en Mega.Common.Helpers.MailHelper.SendMessage(String mailSubject, AlternateView htmlBodyView, String mailFromName, String mailFromAddress, String mailToAddressList, String mailCcAddressList, String mailBccAddressList, IEnumerable`1 attachments) en C:\Users\CaRLoS\Documents\Visual Studio 2010\Projects\Mega\Sistemas\Proyectos\NOVA\codigo\Fuentes PV 24022012\source\Mega.Common\Helpers\MailHelper.cs:línea 44
   en Mega.Common.Helpers.MailHelper.SendMessage(String mailSubject, AlternateView htmlBodyView, String mailFromName, String mailFromAddress, String mailToAddressList, String mailCcAddressList, String mailBccAddressList) en C:\Users\CaRLoS\Documents\Visual Studio 2010\Projects\Mega\Sistemas\Proyectos\NOVA\codigo\Fuentes PV 24022012\source\Mega.Common\Helpers\MailHelper.cs:línea 33
   en Mega.POS.Helper.MailTemplateHelper.SendMessage(String subject, AlternateView htmlBodyView, String toAddresses, String ccAdresses, String bccAdresses) en C:\Users\CaRLoS\Documents\Visual Studio 2010\Projects\Mega\Sistemas\Proyectos\NOVA\codigo\Fuentes PV 24022012\source\Mega.POS\Helper\MailTemplateHelper.cs:línea 59
   en Mega.POS.Movement.CashierClose.CloseCashier(Boolean isOk) en C:\Users\CaRLoS\Documents\Visual Studio 2010\Projects\Mega\Sistemas\Proyectos\NOVA\codigo\Fuentes PV 24022012\source\Mega.POS\Movement\CashierClose.cs:línea 458
2014-05-02 17:44:45,834 ERROR Mega.POS.Operation.InvoicesOperations – Error al intentar generar la factura en XSA System.Data.Linq.ChangeConflictException: Fila no encontrada o modificada.
   en System.Data.Linq.ChangeProcessor.SubmitChanges(ConflictMode failureMode)
   en System.Data.Linq.DataContext.SubmitChanges(ConflictMode failureMode)
   en System.Data.Linq.DataContext.SubmitChanges()
   en Mega.POS.Operation.InvoicesOperations.SendToXSA(Boolean& errorFiscalData, Boolean& failConection, String& errorFiscalDataDescription, Boolean& statusDoc, String idCasherClose, Int32 typeInvoice) en C:\Users\CaRLoS\Documents\Visual Studio 2010\Projects\Mega\Sistemas\Proyectos\NOVA\codigo\Fuentes PV 24022012\source\Mega.POS\Operation\InvoicesOperations.cs:línea 310
2014-05-02 17:44:49,422 ERROR Mega.POS.Movement.CashierClose – Fila no encontrada o modificada.
2014-05-02 17:44:50,702 INFO  Mega.POS.Movement.CashierClose – La factura general se realizo con exito
2014-05-02 17:48:03,658 INFO  Mega.POS.Main – El sistema ha sido abierto por el usuario g9201
2014-05-02 17:48:11,708 INFO  Mega.POS.Movement.MovementAdd – Movimiento de Caja Insertado. No. 525, Tipo. Apertura de Caja
2014-05-02 17:48:47,744 INFO  Mega.POS.Operation.SaleEdit – Comenzando El Pago y Confirmación del Ticket. Consecutivo 5926
2014-05-02 17:48:47,884 ERROR Mega.POS.Operation.Pay – Error en Pay.CurrencyComboBox_SelectedIndexChanged
System.DivideByZeroException: Intento de dividir por cero.
   en System.Decimal.FCallDivide(Decimal& d1, Decimal& d2)
   en System.Decimal.op_Division(Decimal d1, Decimal d2)
   en Mega.POS.Operation.Pay.UpdateCurrencyPayValues() en C:\Users\CaRLoS\Documents\Visual Studio 2010\Projects\Mega\Sistemas\Proyectos\NOVA\codigo\Fuentes PV 24022012\source\Mega.POS\Operation\Pay.cs:línea 515
   en Mega.POS.Operation.Pay.CurrencyComboBox_SelectedIndexChanged(Object sender, EventArgs e) en C:\Users\CaRLoS\Documents\Visual Studio 2010\Projects\Mega\Sistemas\Proyectos\NOVA\codigo\Fuentes PV 24022012\source\Mega.POS\Operation\Pay.cs:línea 485
2014-05-02 17:49:30,129 INFO  Mega.POS.Operation.SaleEdit – Comenzando El Pago y Confirmación del Ticket. Consecutivo 5927
2014-05-02 17:49:30,207 ERROR Mega.POS.Operation.Pay – Error en Pay.CurrencyComboBox_SelectedIndexChanged
System.DivideByZeroException: Intento de dividir por cero.
   en System.Decimal.FCallDivide(Decimal& d1, Decimal& d2)
   en System.Decimal.op_Division(Decimal d1, Decimal d2)
   en Mega.POS.Operation.Pay.UpdateCurrencyPayValues() en C:\Users\CaRLoS\Documents\Visual Studio 2010\Projects\Mega\Sistemas\Proyectos\NOVA\codigo\Fuentes PV 24022012\source\Mega.POS\Operation\Pay.cs:línea 515
   en Mega.POS.Operation.Pay.CurrencyComboBox_SelectedIndexChanged(Object sender, EventArgs e) en C:\Users\CaRLoS\Documents\Visual Studio 2010\Projects\Mega\Sistemas\Proyectos\NOVA\codigo\Fuentes PV 24022012\source\Mega.POS\Operation\Pay.cs:línea 485
2014-05-02 17:50:13,622 INFO  Mega.POS.Movement.CashierClose – Iniciando el proceso para Efectuar el Cierre
2014-05-02 17:50:59,767 ERROR Mega.POS.Movement.CashierClose – Un error ha ocurrido durante el envio del Correo de Notificación: 
System.ArgumentException: El parámetro 'addresses' no puede ser una cadena vacía.
Nombre del parámetro: addresses
   en System.Net.Mail.MailAddressCollection.Add(String addresses)
   en Mega.Common.Helpers.MailHelper.SendMessage(String mailSubject, AlternateView htmlBodyView, String mailFromName, String mailFromAddress, String mailToAddressList, String mailCcAddressList, String mailBccAddressList, IEnumerable`1 attachments) en C:\Users\CaRLoS\Documents\Visual Studio 2010\Projects\Mega\Sistemas\Proyectos\NOVA\codigo\Fuentes PV 24022012\source\Mega.Common\Helpers\MailHelper.cs:línea 44
   en Mega.Common.Helpers.MailHelper.SendMessage(String mailSubject, AlternateView htmlBodyView, String mailFromName, String mailFromAddress, String mailToAddressList, String mailCcAddressList, String mailBccAddressList) en C:\Users\CaRLoS\Documents\Visual Studio 2010\Projects\Mega\Sistemas\Proyectos\NOVA\codigo\Fuentes PV 24022012\source\Mega.Common\Helpers\MailHelper.cs:línea 33
   en Mega.POS.Helper.MailTemplateHelper.SendMessage(String subject, AlternateView htmlBodyView, String toAddresses, String ccAdresses, String bccAdresses) en C:\Users\CaRLoS\Documents\Visual Studio 2010\Projects\Mega\Sistemas\Proyectos\NOVA\codigo\Fuentes PV 24022012\source\Mega.POS\Helper\MailTemplateHelper.cs:línea 59
   en Mega.POS.Movement.CashierClose.CloseCashier(Boolean isOk) en C:\Users\CaRLoS\Documents\Visual Studio 2010\Projects\Mega\Sistemas\Proyectos\NOVA\codigo\Fuentes PV 24022012\source\Mega.POS\Movement\CashierClose.cs:línea 458
2014-05-02 18:24:59,096 INFO  Mega.POS.Main – El sistema ha sido abierto por el usuario g9201
2014-05-02 18:25:13,932 INFO  Mega.POS.Movement.MovementAdd – Movimiento de Caja Insertado. No. 526, Tipo. Apertura de Caja
2014-05-02 18:28:25,329 INFO  Mega.POS.Operation.SaleEdit – Comenzando El Pago y Confirmación del Ticket. Consecutivo 5928
2014-05-02 18:28:25,469 ERROR Mega.POS.Operation.Pay – Error en Pay.CurrencyComboBox_SelectedIndexChanged
System.DivideByZeroException: Intento de dividir por cero.
   en System.Decimal.FCallDivide(Decimal& d1, Decimal& d2)
   en System.Decimal.op_Division(Decimal d1, Decimal d2)
   en Mega.POS.Operation.Pay.UpdateCurrencyPayValues() en C:\Users\CaRLoS\Documents\Visual Studio 2010\Projects\Mega\Sistemas\Proyectos\NOVA\codigo\Fuentes PV 24022012\source\Mega.POS\Operation\Pay.cs:línea 515
   en Mega.POS.Operation.Pay.CurrencyComboBox_SelectedIndexChanged(Object sender, EventArgs e) en C:\Users\CaRLoS\Documents\Visual Studio 2010\Projects\Mega\Sistemas\Proyectos\NOVA\codigo\Fuentes PV 24022012\source\Mega.POS\Operation\Pay.cs:línea 485
2014-05-02 18:28:55,327 INFO  Mega.POS.Operation.SaleEdit – Comenzando El Pago y Confirmación del Ticket. Consecutivo 5929
2014-05-02 18:28:55,405 ERROR Mega.POS.Operation.Pay – Error en Pay.CurrencyComboBox_SelectedIndexChanged
System.DivideByZeroException: Intento de dividir por cero.
   en System.Decimal.FCallDivide(Decimal& d1, Decimal& d2)
   en System.Decimal.op_Division(Decimal d1, Decimal d2)
   en Mega.POS.Operation.Pay.UpdateCurrencyPayValues() en C:\Users\CaRLoS\Documents\Visual Studio 2010\Projects\Mega\Sistemas\Proyectos\NOVA\codigo\Fuentes PV 24022012\source\Mega.POS\Operation\Pay.cs:línea 515
   en Mega.POS.Operation.Pay.CurrencyComboBox_SelectedIndexChanged(Object sender, EventArgs e) en C:\Users\CaRLoS\Documents\Visual Studio 2010\Projects\Mega\Sistemas\Proyectos\NOVA\codigo\Fuentes PV 24022012\source\Mega.POS\Operation\Pay.cs:línea 485
2014-05-02 18:29:40,692 INFO  Mega.POS.Movement.CashierClose – Iniciando el proceso para Efectuar el Cierre
2014-05-02 18:30:05,793 ERROR Mega.POS.Movement.CashierClose – Un error ha ocurrido durante el envio del Correo de Notificación: 
System.ArgumentException: El parámetro 'addresses' no puede ser una cadena vacía.
Nombre del parámetro: addresses
   en System.Net.Mail.MailAddressCollection.Add(String addresses)
   en Mega.Common.Helpers.MailHelper.SendMessage(String mailSubject, AlternateView htmlBodyView, String mailFromName, String mailFromAddress, String mailToAddressList, String mailCcAddressList, String mailBccAddressList, IEnumerable`1 attachments) en C:\Users\CaRLoS\Documents\Visual Studio 2010\Projects\Mega\Sistemas\Proyectos\NOVA\codigo\Fuentes PV 24022012\source\Mega.Common\Helpers\MailHelper.cs:línea 44
   en Mega.Common.Helpers.MailHelper.SendMessage(String mailSubject, AlternateView htmlBodyView, String mailFromName, String mailFromAddress, String mailToAddressList, String mailCcAddressList, String mailBccAddressList) en C:\Users\CaRLoS\Documents\Visual Studio 2010\Projects\Mega\Sistemas\Proyectos\NOVA\codigo\Fuentes PV 24022012\source\Mega.Common\Helpers\MailHelper.cs:línea 33
   en Mega.POS.Helper.MailTemplateHelper.SendMessage(String subject, AlternateView htmlBodyView, String toAddresses, String ccAdresses, String bccAdresses) en C:\Users\CaRLoS\Documents\Visual Studio 2010\Projects\Mega\Sistemas\Proyectos\NOVA\codigo\Fuentes PV 24022012\source\Mega.POS\Helper\MailTemplateHelper.cs:línea 59
   en Mega.POS.Movement.CashierClose.CloseCashier(Boolean isOk) en C:\Users\CaRLoS\Documents\Visual Studio 2010\Projects\Mega\Sistemas\Proyectos\NOVA\codigo\Fuentes PV 24022012\source\Mega.POS\Movement\CashierClose.cs:línea 458
2014-05-02 18:30:51,282 INFO  Mega.POS.Movement.CashierClose – La factura general se realizo con exito
2014-05-02 19:09:08,371 INFO  Mega.POS.Main – El sistema ha sido abierto por el usuario g9201
2014-05-02 19:09:16,124 INFO  Mega.POS.Movement.MovementAdd – Movimiento de Caja Insertado. No. 527, Tipo. Apertura de Caja
2014-05-02 19:09:48,837 INFO  Mega.POS.Operation.SaleEdit – Comenzando El Pago y Confirmación del Ticket. Consecutivo 5930
2014-05-02 19:09:48,962 ERROR Mega.POS.Operation.Pay – Error en Pay.CurrencyComboBox_SelectedIndexChanged
System.DivideByZeroException: Intento de dividir por cero.
   en System.Decimal.FCallDivide(Decimal& d1, Decimal& d2)
   en System.Decimal.op_Division(Decimal d1, Decimal d2)
   en Mega.POS.Operation.Pay.UpdateCurrencyPayValues() en C:\Users\CaRLoS\Documents\Visual Studio 2010\Projects\Mega\Sistemas\Proyectos\NOVA\codigo\Fuentes PV 24022012\source\Mega.POS\Operation\Pay.cs:línea 515
   en Mega.POS.Operation.Pay.CurrencyComboBox_SelectedIndexChanged(Object sender, EventArgs e) en C:\Users\CaRLoS\Documents\Visual Studio 2010\Projects\Mega\Sistemas\Proyectos\NOVA\codigo\Fuentes PV 24022012\source\Mega.POS\Operation\Pay.cs:línea 485
2014-05-02 19:10:14,843 INFO  Mega.POS.Operation.SaleEdit – Comenzando El Pago y Confirmación del Ticket. Consecutivo 5931
2014-05-02 19:10:14,921 ERROR Mega.POS.Operation.Pay – Error en Pay.CurrencyComboBox_SelectedIndexChanged
System.DivideByZeroException: Intento de dividir por cero.
   en System.Decimal.FCallDivide(Decimal& d1, Decimal& d2)
   en System.Decimal.op_Division(Decimal d1, Decimal d2)
   en Mega.POS.Operation.Pay.UpdateCurrencyPayValues() en C:\Users\CaRLoS\Documents\Visual Studio 2010\Projects\Mega\Sistemas\Proyectos\NOVA\codigo\Fuentes PV 24022012\source\Mega.POS\Operation\Pay.cs:línea 515
   en Mega.POS.Operation.Pay.CurrencyComboBox_SelectedIndexChanged(Object sender, EventArgs e) en C:\Users\CaRLoS\Documents\Visual Studio 2010\Projects\Mega\Sistemas\Proyectos\NOVA\codigo\Fuentes PV 24022012\source\Mega.POS\Operation\Pay.cs:línea 485
2014-05-02 19:10:39,288 INFO  Mega.POS.Operation.SaleEdit – Comenzando El Pago y Confirmación del Ticket. Consecutivo 5932
2014-05-02 19:10:39,366 ERROR Mega.POS.Operation.Pay – Error en Pay.CurrencyComboBox_SelectedIndexChanged
System.DivideByZeroException: Intento de dividir por cero.
   en System.Decimal.FCallDivide(Decimal& d1, Decimal& d2)
   en System.Decimal.op_Division(Decimal d1, Decimal d2)
   en Mega.POS.Operation.Pay.UpdateCurrencyPayValues() en C:\Users\CaRLoS\Documents\Visual Studio 2010\Projects\Mega\Sistemas\Proyectos\NOVA\codigo\Fuentes PV 24022012\source\Mega.POS\Operation\Pay.cs:línea 515
   en Mega.POS.Operation.Pay.CurrencyComboBox_SelectedIndexChanged(Object sender, EventArgs e) en C:\Users\CaRLoS\Documents\Visual Studio 2010\Projects\Mega\Sistemas\Proyectos\NOVA\codigo\Fuentes PV 24022012\source\Mega.POS\Operation\Pay.cs:línea 485
2014-05-02 19:12:34,057 INFO  Mega.POS.Main – El sistema ha sido abierto por el usuario g9201
2014-05-02 19:12:42,310 INFO  Mega.POS.Operation.SaleEdit – Comenzando El Pago y Confirmación del Ticket. Consecutivo 5933
2014-05-02 19:12:42,450 ERROR Mega.POS.Operation.Pay – Error en Pay.CurrencyComboBox_SelectedIndexChanged
System.DivideByZeroException: Intento de dividir por cero.
   en System.Decimal.FCallDivide(Decimal& d1, Decimal& d2)
   en System.Decimal.op_Division(Decimal d1, Decimal d2)
   en Mega.POS.Operation.Pay.UpdateCurrencyPayValues() en C:\Users\CaRLoS\Documents\Visual Studio 2010\Projects\Mega\Sistemas\Proyectos\NOVA\codigo\Fuentes PV 24022012\source\Mega.POS\Operation\Pay.cs:línea 515
   en Mega.POS.Operation.Pay.CurrencyComboBox_SelectedIndexChanged(Object sender, EventArgs e) en C:\Users\CaRLoS\Documents\Visual Studio 2010\Projects\Mega\Sistemas\Proyectos\NOVA\codigo\Fuentes PV 24022012\source\Mega.POS\Operation\Pay.cs:línea 485
2014-05-02 19:17:01,395 INFO  Mega.POS.Main – El sistema ha sido abierto por el usuario g9201
2014-05-02 19:17:09,195 ERROR Mega.POS.SyncroFacturacionXSA – El folio requerido no está diponible [PED-305 no pertenece a este tipo de comprobante.]
2014-05-02 19:17:15,513 INFO  Mega.POS.Operation.SaleEdit – Comenzando El Pago y Confirmación del Ticket. Consecutivo 5934
2014-05-02 19:17:15,653 ERROR Mega.POS.Operation.Pay – Error en Pay.CurrencyComboBox_SelectedIndexChanged
System.DivideByZeroException: Intento de dividir por cero.
   en System.Decimal.FCallDivide(Decimal& d1, Decimal& d2)
   en System.Decimal.op_Division(Decimal d1, Decimal d2)
   en Mega.POS.Operation.Pay.UpdateCurrencyPayValues() en C:\Users\CaRLoS\Documents\Visual Studio 2010\Projects\Mega\Sistemas\Proyectos\NOVA\codigo\Fuentes PV 24022012\source\Mega.POS\Operation\Pay.cs:línea 515
   en Mega.POS.Operation.Pay.CurrencyComboBox_SelectedIndexChanged(Object sender, EventArgs e) en C:\Users\CaRLoS\Documents\Visual Studio 2010\Projects\Mega\Sistemas\Proyectos\NOVA\codigo\Fuentes PV 24022012\source\Mega.POS\Operation\Pay.cs:línea 485
2014-05-02 19:21:26,252 INFO  Mega.POS.Main – El sistema ha sido abierto por el usuario g9201
2014-05-02 19:21:37,983 INFO  Mega.POS.Operation.SaleEdit – Comenzando El Pago y Confirmación del Ticket. Consecutivo 5935
2014-05-02 19:21:38,124 ERROR Mega.POS.Operation.Pay – Error en Pay.CurrencyComboBox_SelectedIndexChanged
System.DivideByZeroException: Intento de dividir por cero.
   en System.Decimal.FCallDivide(Decimal& d1, Decimal& d2)
   en System.Decimal.op_Division(Decimal d1, Decimal d2)
   en Mega.POS.Operation.Pay.UpdateCurrencyPayValues() en C:\Users\CaRLoS\Documents\Visual Studio 2010\Projects\Mega\Sistemas\Proyectos\NOVA\codigo\Fuentes PV 24022012\source\Mega.POS\Operation\Pay.cs:línea 515
   en Mega.POS.Operation.Pay.CurrencyComboBox_SelectedIndexChanged(Object sender, EventArgs e) en C:\Users\CaRLoS\Documents\Visual Studio 2010\Projects\Mega\Sistemas\Proyectos\NOVA\codigo\Fuentes PV 24022012\source\Mega.POS\Operation\Pay.cs:línea 485
2014-05-02 19:21:39,263 ERROR Mega.POS.SyncroFacturacionXSA – El folio requerido no está diponible [PED-305 no pertenece a este tipo de comprobante.]
2014-05-02 19:23:22,036 ERROR Mega.POS.Operation.InvoicesOperations – Error al intentar generar la factura en XSA System.Net.WebException: Se excedió el tiempo de espera de la operación
   en System.Net.HttpWebRequest.GetRequestStream(TransportContext& context)
   en System.Net.HttpWebRequest.GetRequestStream()
   en System.Web.Services.Protocols.SoapHttpClientProtocol.Invoke(String methodName, Object[] parameters)
   en Mega.POS.mx.com.redmega.cfdi.FileReceiverService.guardarDocumento(String in0, String in1, String in2, String in3, String in4) en C:\Users\CaRLoS\Documents\Visual Studio 2010\Projects\Mega\Sistemas\Proyectos\NOVA\codigo\Fuentes PV 24022012\source\Mega.POS\Web References\mx.com.redmega.cfdi\Reference.cs:línea 122
   en Mega.POS.Operation.InvoicesOperations.SendToXSA(Boolean& errorFiscalData, Boolean& failConection, String& errorFiscalDataDescription, Boolean& statusDoc, String idCasherClose, Int32 typeInvoice) en C:\Users\CaRLoS\Documents\Visual Studio 2010\Projects\Mega\Sistemas\Proyectos\NOVA\codigo\Fuentes PV 24022012\source\Mega.POS\Operation\InvoicesOperations.cs:línea 275
2014-05-02 19:23:22,036 ERROR Mega.POS.SyncroFacturacionXSA – El folio requerido no está diponible [PED-305 no pertenece a este tipo de comprobante.]
2014-05-02 19:23:22,036 ERROR Mega.POS.SyncroFacturacionXSA – El folio requerido no está diponible [PED-305 no pertenece a este tipo de comprobante.]
2014-05-02 19:23:46,418 ERROR Mega.POS.Operation.InvoicesOperations – Error al intentar generar la factura en XSA System.Net.WebException: Se excedió el tiempo de espera de la operación
   en System.Net.HttpWebRequest.GetResponse()
   en Mega.POS.Operation.InvoicesOperations.SendToXSA(Boolean& errorFiscalData, Boolean& failConection, String& errorFiscalDataDescription, Boolean& statusDoc, String idCasherClose, Int32 typeInvoice) en C:\Users\CaRLoS\Documents\Visual Studio 2010\Projects\Mega\Sistemas\Proyectos\NOVA\codigo\Fuentes PV 24022012\source\Mega.POS\Operation\InvoicesOperations.cs:línea 265
2014-05-02 19:28:02,228 INFO  Mega.POS.Main – El sistema ha sido abierto por el usuario g9201
2014-05-02 19:28:10,230 ERROR Mega.POS.SyncroFacturacionXSA – El folio requerido no está diponible [PED-305 no pertenece a este tipo de comprobante.]
2014-05-02 19:28:23,132 INFO  Mega.POS.Operation.SaleEdit – Comenzando El Pago y Confirmación del Ticket. Consecutivo 5936
2014-05-02 19:28:23,272 ERROR Mega.POS.Operation.Pay – Error en Pay.CurrencyComboBox_SelectedIndexChanged
System.DivideByZeroException: Intento de dividir por cero.
   en System.Decimal.FCallDivide(Decimal& d1, Decimal& d2)
   en System.Decimal.op_Division(Decimal d1, Decimal d2)
   en Mega.POS.Operation.Pay.UpdateCurrencyPayValues() en C:\Users\CaRLoS\Documents\Visual Studio 2010\Projects\Mega\Sistemas\Proyectos\NOVA\codigo\Fuentes PV 24022012\source\Mega.POS\Operation\Pay.cs:línea 515
   en Mega.POS.Operation.Pay.CurrencyComboBox_SelectedIndexChanged(Object sender, EventArgs e) en C:\Users\CaRLoS\Documents\Visual Studio 2010\Projects\Mega\Sistemas\Proyectos\NOVA\codigo\Fuentes PV 24022012\source\Mega.POS\Operation\Pay.cs:línea 485
2014-05-02 19:29:54,751 ERROR Mega.POS.Operation.InvoicesOperations – Error al intentar generar la factura en XSA System.Net.WebException: Se excedió el tiempo de espera de la operación
   en System.Net.HttpWebRequest.GetRequestStream(TransportContext& context)
   en System.Net.HttpWebRequest.GetRequestStream()
   en System.Web.Services.Protocols.SoapHttpClientProtocol.Invoke(String methodName, Object[] parameters)
   en Mega.POS.mx.com.redmega.cfdi.FileReceiverService.guardarDocumento(String in0, String in1, String in2, String in3, String in4) en C:\Users\CaRLoS\Documents\Visual Studio 2010\Projects\Mega\Sistemas\Proyectos\NOVA\codigo\Fuentes PV 24022012\source\Mega.POS\Web References\mx.com.redmega.cfdi\Reference.cs:línea 122
   en Mega.POS.Operation.InvoicesOperations.SendToXSA(Boolean& errorFiscalData, Boolean& failConection, String& errorFiscalDataDescription, Boolean& statusDoc, String idCasherClose, Int32 typeInvoice) en C:\Users\CaRLoS\Documents\Visual Studio 2010\Projects\Mega\Sistemas\Proyectos\NOVA\codigo\Fuentes PV 24022012\source\Mega.POS\Operation\InvoicesOperations.cs:línea 275
2014-05-02 19:29:54,751 ERROR Mega.POS.SyncroFacturacionXSA – El folio requerido no está diponible [PED-305 no pertenece a este tipo de comprobante.]
2014-05-02 19:29:54,751 ERROR Mega.POS.SyncroFacturacionXSA – El folio requerido no está diponible [PED-305 no pertenece a este tipo de comprobante.]
