2015-02-26 10:40:50,617 INFO  Mega.POS.Main – El sistema ha sido abierto por el usuario g9400
2015-02-26 10:40:51,460 ERROR Mega.POS.Operation.InvoicesOperations – Error al intentar generar la factura PED46 en XSA System.Net.WebException: Se ha terminado la conexión: No se puede establecer una relación de confianza para el canal seguro SSL/TLS. ---> System.Security.Authentication.AuthenticationException: El certificado remoto no es válido según el procedimiento de validación.
   en System.Net.Security.SslState.StartSendAuthResetSignal(ProtocolToken message, AsyncProtocolRequest asyncRequest, Exception exception)
   en System.Net.Security.SslState.CheckCompletionBeforeNextReceive(ProtocolToken message, AsyncProtocolRequest asyncRequest)
   en System.Net.Security.SslState.StartSendBlob(Byte[] incoming, Int32 count, AsyncProtocolRequest asyncRequest)
   en System.Net.Security.SslState.ProcessReceivedBlob(Byte[] buffer, Int32 count, AsyncProtocolRequest asyncRequest)
   en System.Net.Security.SslState.StartReadFrame(Byte[] buffer, Int32 readBytes, AsyncProtocolRequest asyncRequest)
   en System.Net.Security.SslState.StartReceiveBlob(Byte[] buffer, AsyncProtocolRequest asyncRequest)
   en System.Net.Security.SslState.CheckCompletionBeforeNextReceive(ProtocolToken message, AsyncProtocolRequest asyncRequest)
   en System.Net.Security.SslState.StartSendBlob(Byte[] incoming, Int32 count, AsyncProtocolRequest asyncRequest)
   en System.Net.Security.SslState.ProcessReceivedBlob(Byte[] buffer, Int32 count, AsyncProtocolRequest asyncRequest)
   en System.Net.Security.SslState.StartReadFrame(Byte[] buffer, Int32 readBytes, AsyncProtocolRequest asyncRequest)
   en System.Net.Security.SslState.StartReceiveBlob(Byte[] buffer, AsyncProtocolRequest asyncRequest)
   en System.Net.Security.SslState.CheckCompletionBeforeNextReceive(ProtocolToken message, AsyncProtocolRequest asyncRequest)
   en System.Net.Security.SslState.StartSendBlob(Byte[] incoming, Int32 count, AsyncProtocolRequest asyncRequest)
   en System.Net.Security.SslState.ProcessReceivedBlob(Byte[] buffer, Int32 count, AsyncProtocolRequest asyncRequest)
   en System.Net.Security.SslState.StartReadFrame(Byte[] buffer, Int32 readBytes, AsyncProtocolRequest asyncRequest)
   en System.Net.Security.SslState.StartReceiveBlob(Byte[] buffer, AsyncProtocolRequest asyncRequest)
   en System.Net.Security.SslState.CheckCompletionBeforeNextReceive(ProtocolToken message, AsyncProtocolRequest asyncRequest)
   en System.Net.Security.SslState.StartSendBlob(Byte[] incoming, Int32 count, AsyncProtocolRequest asyncRequest)
   en System.Net.Security.SslState.ForceAuthentication(Boolean receiveFirst, Byte[] buffer, AsyncProtocolRequest asyncRequest)
   en System.Net.Security.SslState.ProcessAuthentication(LazyAsyncResult lazyResult)
   en System.Net.TlsStream.CallProcessAuthentication(Object state)
   en System.Threading.ExecutionContext.RunInternal(ExecutionContext executionContext, ContextCallback callback, Object state, Boolean preserveSyncCtx)
   en System.Threading.ExecutionContext.Run(ExecutionContext executionContext, ContextCallback callback, Object state, Boolean preserveSyncCtx)
   en System.Threading.ExecutionContext.Run(ExecutionContext executionContext, ContextCallback callback, Object state)
   en System.Net.TlsStream.ProcessAuthentication(LazyAsyncResult result)
   en System.Net.TlsStream.Write(Byte[] buffer, Int32 offset, Int32 size)
   en System.Net.PooledStream.Write(Byte[] buffer, Int32 offset, Int32 size)
   en System.Net.ConnectStream.WriteHeaders(Boolean async)
   --- Fin del seguimiento de la pila de la excepción interna ---
   en System.Net.HttpWebRequest.GetResponse()
   en Mega.POS.Operation.InvoicesOperations.SendToXSA(Boolean& errorFiscalData, Boolean& failConection, String& errorFiscalDataDescription, Boolean& statusDoc, String idCasherClose, Int32 typeInvoice) en C:\Users\Desarrollo\Documents\Visual Studio 2010\Projects\Mega\Sistemas\Proyectos\NOVA\codigo\Fuentes PV 24022012\source\Mega.POS\Operation\InvoicesOperations.cs:línea 296
2015-02-26 10:40:51,460 ERROR Mega.POS.SyncroFacturacionXSA – 
2015-02-26 10:40:51,460 ERROR Mega.POS.SyncroFacturacionXSA – 
2015-02-26 10:41:20,070 INFO  Mega.POS.Operation.SaleEdit – Comenzando El Pago y Confirmación del Ticket. Consecutivo 169
2015-02-26 10:43:51,078 ERROR Mega.POS.Operation.InvoicesOperations – Error al intentar generar la factura PED46 en XSA System.Net.WebException: Se ha terminado la conexión: No se puede establecer una relación de confianza para el canal seguro SSL/TLS. ---> System.Security.Authentication.AuthenticationException: El certificado remoto no es válido según el procedimiento de validación.
   en System.Net.Security.SslState.StartSendAuthResetSignal(ProtocolToken message, AsyncProtocolRequest asyncRequest, Exception exception)
   en System.Net.Security.SslState.CheckCompletionBeforeNextReceive(ProtocolToken message, AsyncProtocolRequest asyncRequest)
   en System.Net.Security.SslState.StartSendBlob(Byte[] incoming, Int32 count, AsyncProtocolRequest asyncRequest)
   en System.Net.Security.SslState.ProcessReceivedBlob(Byte[] buffer, Int32 count, AsyncProtocolRequest asyncRequest)
   en System.Net.Security.SslState.StartReadFrame(Byte[] buffer, Int32 readBytes, AsyncProtocolRequest asyncRequest)
   en System.Net.Security.SslState.StartReceiveBlob(Byte[] buffer, AsyncProtocolRequest asyncRequest)
   en System.Net.Security.SslState.CheckCompletionBeforeNextReceive(ProtocolToken message, AsyncProtocolRequest asyncRequest)
   en System.Net.Security.SslState.StartSendBlob(Byte[] incoming, Int32 count, AsyncProtocolRequest asyncRequest)
   en System.Net.Security.SslState.ProcessReceivedBlob(Byte[] buffer, Int32 count, AsyncProtocolRequest asyncRequest)
   en System.Net.Security.SslState.StartReadFrame(Byte[] buffer, Int32 readBytes, AsyncProtocolRequest asyncRequest)
   en System.Net.Security.SslState.StartReceiveBlob(Byte[] buffer, AsyncProtocolRequest asyncRequest)
   en System.Net.Security.SslState.CheckCompletionBeforeNextReceive(ProtocolToken message, AsyncProtocolRequest asyncRequest)
   en System.Net.Security.SslState.StartSendBlob(Byte[] incoming, Int32 count, AsyncProtocolRequest asyncRequest)
   en System.Net.Security.SslState.ProcessReceivedBlob(Byte[] buffer, Int32 count, AsyncProtocolRequest asyncRequest)
   en System.Net.Security.SslState.StartReadFrame(Byte[] buffer, Int32 readBytes, AsyncProtocolRequest asyncRequest)
   en System.Net.Security.SslState.StartReceiveBlob(Byte[] buffer, AsyncProtocolRequest asyncRequest)
   en System.Net.Security.SslState.CheckCompletionBeforeNextReceive(ProtocolToken message, AsyncProtocolRequest asyncRequest)
   en System.Net.Security.SslState.StartSendBlob(Byte[] incoming, Int32 count, AsyncProtocolRequest asyncRequest)
   en System.Net.Security.SslState.ForceAuthentication(Boolean receiveFirst, Byte[] buffer, AsyncProtocolRequest asyncRequest)
   en System.Net.Security.SslState.ProcessAuthentication(LazyAsyncResult lazyResult)
   en System.Net.TlsStream.CallProcessAuthentication(Object state)
   en System.Threading.ExecutionContext.RunInternal(ExecutionContext executionContext, ContextCallback callback, Object state, Boolean preserveSyncCtx)
   en System.Threading.ExecutionContext.Run(ExecutionContext executionContext, ContextCallback callback, Object state, Boolean preserveSyncCtx)
   en System.Threading.ExecutionContext.Run(ExecutionContext executionContext, ContextCallback callback, Object state)
   en System.Net.TlsStream.ProcessAuthentication(LazyAsyncResult result)
   en System.Net.TlsStream.Write(Byte[] buffer, Int32 offset, Int32 size)
   en System.Net.PooledStream.Write(Byte[] buffer, Int32 offset, Int32 size)
   en System.Net.ConnectStream.WriteHeaders(Boolean async)
   --- Fin del seguimiento de la pila de la excepción interna ---
   en System.Net.HttpWebRequest.GetResponse()
   en Mega.POS.Operation.InvoicesOperations.SendToXSA(Boolean& errorFiscalData, Boolean& failConection, String& errorFiscalDataDescription, Boolean& statusDoc, String idCasherClose, Int32 typeInvoice) en C:\Users\Desarrollo\Documents\Visual Studio 2010\Projects\Mega\Sistemas\Proyectos\NOVA\codigo\Fuentes PV 24022012\source\Mega.POS\Operation\InvoicesOperations.cs:línea 296
2015-02-26 10:43:51,078 ERROR Mega.POS.SyncroFacturacionXSA – 
2015-02-26 10:43:51,078 ERROR Mega.POS.SyncroFacturacionXSA – 
2015-02-26 10:46:51,134 ERROR Mega.POS.Operation.InvoicesOperations – Error al intentar generar la factura PED46 en XSA System.Net.WebException: Se ha terminado la conexión: No se puede establecer una relación de confianza para el canal seguro SSL/TLS. ---> System.Security.Authentication.AuthenticationException: El certificado remoto no es válido según el procedimiento de validación.
   en System.Net.Security.SslState.StartSendAuthResetSignal(ProtocolToken message, AsyncProtocolRequest asyncRequest, Exception exception)
   en System.Net.Security.SslState.CheckCompletionBeforeNextReceive(ProtocolToken message, AsyncProtocolRequest asyncRequest)
   en System.Net.Security.SslState.StartSendBlob(Byte[] incoming, Int32 count, AsyncProtocolRequest asyncRequest)
   en System.Net.Security.SslState.ProcessReceivedBlob(Byte[] buffer, Int32 count, AsyncProtocolRequest asyncRequest)
   en System.Net.Security.SslState.StartReadFrame(Byte[] buffer, Int32 readBytes, AsyncProtocolRequest asyncRequest)
   en System.Net.Security.SslState.StartReceiveBlob(Byte[] buffer, AsyncProtocolRequest asyncRequest)
   en System.Net.Security.SslState.CheckCompletionBeforeNextReceive(ProtocolToken message, AsyncProtocolRequest asyncRequest)
   en System.Net.Security.SslState.StartSendBlob(Byte[] incoming, Int32 count, AsyncProtocolRequest asyncRequest)
   en System.Net.Security.SslState.ProcessReceivedBlob(Byte[] buffer, Int32 count, AsyncProtocolRequest asyncRequest)
   en System.Net.Security.SslState.StartReadFrame(Byte[] buffer, Int32 readBytes, AsyncProtocolRequest asyncRequest)
   en System.Net.Security.SslState.StartReceiveBlob(Byte[] buffer, AsyncProtocolRequest asyncRequest)
   en System.Net.Security.SslState.CheckCompletionBeforeNextReceive(ProtocolToken message, AsyncProtocolRequest asyncRequest)
   en System.Net.Security.SslState.StartSendBlob(Byte[] incoming, Int32 count, AsyncProtocolRequest asyncRequest)
   en System.Net.Security.SslState.ProcessReceivedBlob(Byte[] buffer, Int32 count, AsyncProtocolRequest asyncRequest)
   en System.Net.Security.SslState.StartReadFrame(Byte[] buffer, Int32 readBytes, AsyncProtocolRequest asyncRequest)
   en System.Net.Security.SslState.StartReceiveBlob(Byte[] buffer, AsyncProtocolRequest asyncRequest)
   en System.Net.Security.SslState.CheckCompletionBeforeNextReceive(ProtocolToken message, AsyncProtocolRequest asyncRequest)
   en System.Net.Security.SslState.StartSendBlob(Byte[] incoming, Int32 count, AsyncProtocolRequest asyncRequest)
   en System.Net.Security.SslState.ForceAuthentication(Boolean receiveFirst, Byte[] buffer, AsyncProtocolRequest asyncRequest)
   en System.Net.Security.SslState.ProcessAuthentication(LazyAsyncResult lazyResult)
   en System.Net.TlsStream.CallProcessAuthentication(Object state)
   en System.Threading.ExecutionContext.RunInternal(ExecutionContext executionContext, ContextCallback callback, Object state, Boolean preserveSyncCtx)
   en System.Threading.ExecutionContext.Run(ExecutionContext executionContext, ContextCallback callback, Object state, Boolean preserveSyncCtx)
   en System.Threading.ExecutionContext.Run(ExecutionContext executionContext, ContextCallback callback, Object state)
   en System.Net.TlsStream.ProcessAuthentication(LazyAsyncResult result)
   en System.Net.TlsStream.Write(Byte[] buffer, Int32 offset, Int32 size)
   en System.Net.PooledStream.Write(Byte[] buffer, Int32 offset, Int32 size)
   en System.Net.ConnectStream.WriteHeaders(Boolean async)
   --- Fin del seguimiento de la pila de la excepción interna ---
   en System.Net.HttpWebRequest.GetResponse()
   en Mega.POS.Operation.InvoicesOperations.SendToXSA(Boolean& errorFiscalData, Boolean& failConection, String& errorFiscalDataDescription, Boolean& statusDoc, String idCasherClose, Int32 typeInvoice) en C:\Users\Desarrollo\Documents\Visual Studio 2010\Projects\Mega\Sistemas\Proyectos\NOVA\codigo\Fuentes PV 24022012\source\Mega.POS\Operation\InvoicesOperations.cs:línea 296
2015-02-26 10:46:51,134 ERROR Mega.POS.SyncroFacturacionXSA – 
2015-02-26 10:46:51,134 ERROR Mega.POS.SyncroFacturacionXSA – 
2015-02-26 10:49:51,096 ERROR Mega.POS.Operation.InvoicesOperations – Error al intentar generar la factura PED46 en XSA System.Net.WebException: Se ha terminado la conexión: No se puede establecer una relación de confianza para el canal seguro SSL/TLS. ---> System.Security.Authentication.AuthenticationException: El certificado remoto no es válido según el procedimiento de validación.
   en System.Net.Security.SslState.StartSendAuthResetSignal(ProtocolToken message, AsyncProtocolRequest asyncRequest, Exception exception)
   en System.Net.Security.SslState.CheckCompletionBeforeNextReceive(ProtocolToken message, AsyncProtocolRequest asyncRequest)
   en System.Net.Security.SslState.StartSendBlob(Byte[] incoming, Int32 count, AsyncProtocolRequest asyncRequest)
   en System.Net.Security.SslState.ProcessReceivedBlob(Byte[] buffer, Int32 count, AsyncProtocolRequest asyncRequest)
   en System.Net.Security.SslState.StartReadFrame(Byte[] buffer, Int32 readBytes, AsyncProtocolRequest asyncRequest)
   en System.Net.Security.SslState.StartReceiveBlob(Byte[] buffer, AsyncProtocolRequest asyncRequest)
   en System.Net.Security.SslState.CheckCompletionBeforeNextReceive(ProtocolToken message, AsyncProtocolRequest asyncRequest)
   en System.Net.Security.SslState.StartSendBlob(Byte[] incoming, Int32 count, AsyncProtocolRequest asyncRequest)
   en System.Net.Security.SslState.ProcessReceivedBlob(Byte[] buffer, Int32 count, AsyncProtocolRequest asyncRequest)
   en System.Net.Security.SslState.StartReadFrame(Byte[] buffer, Int32 readBytes, AsyncProtocolRequest asyncRequest)
   en System.Net.Security.SslState.StartReceiveBlob(Byte[] buffer, AsyncProtocolRequest asyncRequest)
   en System.Net.Security.SslState.CheckCompletionBeforeNextReceive(ProtocolToken message, AsyncProtocolRequest asyncRequest)
   en System.Net.Security.SslState.StartSendBlob(Byte[] incoming, Int32 count, AsyncProtocolRequest asyncRequest)
   en System.Net.Security.SslState.ProcessReceivedBlob(Byte[] buffer, Int32 count, AsyncProtocolRequest asyncRequest)
   en System.Net.Security.SslState.StartReadFrame(Byte[] buffer, Int32 readBytes, AsyncProtocolRequest asyncRequest)
   en System.Net.Security.SslState.StartReceiveBlob(Byte[] buffer, AsyncProtocolRequest asyncRequest)
   en System.Net.Security.SslState.CheckCompletionBeforeNextReceive(ProtocolToken message, AsyncProtocolRequest asyncRequest)
   en System.Net.Security.SslState.StartSendBlob(Byte[] incoming, Int32 count, AsyncProtocolRequest asyncRequest)
   en System.Net.Security.SslState.ForceAuthentication(Boolean receiveFirst, Byte[] buffer, AsyncProtocolRequest asyncRequest)
   en System.Net.Security.SslState.ProcessAuthentication(LazyAsyncResult lazyResult)
   en System.Net.TlsStream.CallProcessAuthentication(Object state)
   en System.Threading.ExecutionContext.RunInternal(ExecutionContext executionContext, ContextCallback callback, Object state, Boolean preserveSyncCtx)
   en System.Threading.ExecutionContext.Run(ExecutionContext executionContext, ContextCallback callback, Object state, Boolean preserveSyncCtx)
   en System.Threading.ExecutionContext.Run(ExecutionContext executionContext, ContextCallback callback, Object state)
   en System.Net.TlsStream.ProcessAuthentication(LazyAsyncResult result)
   en System.Net.TlsStream.Write(Byte[] buffer, Int32 offset, Int32 size)
   en System.Net.PooledStream.Write(Byte[] buffer, Int32 offset, Int32 size)
   en System.Net.ConnectStream.WriteHeaders(Boolean async)
   --- Fin del seguimiento de la pila de la excepción interna ---
   en System.Net.HttpWebRequest.GetResponse()
   en Mega.POS.Operation.InvoicesOperations.SendToXSA(Boolean& errorFiscalData, Boolean& failConection, String& errorFiscalDataDescription, Boolean& statusDoc, String idCasherClose, Int32 typeInvoice) en C:\Users\Desarrollo\Documents\Visual Studio 2010\Projects\Mega\Sistemas\Proyectos\NOVA\codigo\Fuentes PV 24022012\source\Mega.POS\Operation\InvoicesOperations.cs:línea 296
2015-02-26 10:49:51,111 ERROR Mega.POS.SyncroFacturacionXSA – 
2015-02-26 10:49:51,111 ERROR Mega.POS.SyncroFacturacionXSA – 
2015-02-26 10:52:51,120 ERROR Mega.POS.Operation.InvoicesOperations – Error al intentar generar la factura PED46 en XSA System.Net.WebException: Se ha terminado la conexión: No se puede establecer una relación de confianza para el canal seguro SSL/TLS. ---> System.Security.Authentication.AuthenticationException: El certificado remoto no es válido según el procedimiento de validación.
   en System.Net.Security.SslState.StartSendAuthResetSignal(ProtocolToken message, AsyncProtocolRequest asyncRequest, Exception exception)
   en System.Net.Security.SslState.CheckCompletionBeforeNextReceive(ProtocolToken message, AsyncProtocolRequest asyncRequest)
   en System.Net.Security.SslState.StartSendBlob(Byte[] incoming, Int32 count, AsyncProtocolRequest asyncRequest)
   en System.Net.Security.SslState.ProcessReceivedBlob(Byte[] buffer, Int32 count, AsyncProtocolRequest asyncRequest)
   en System.Net.Security.SslState.StartReadFrame(Byte[] buffer, Int32 readBytes, AsyncProtocolRequest asyncRequest)
   en System.Net.Security.SslState.StartReceiveBlob(Byte[] buffer, AsyncProtocolRequest asyncRequest)
   en System.Net.Security.SslState.CheckCompletionBeforeNextReceive(ProtocolToken message, AsyncProtocolRequest asyncRequest)
   en System.Net.Security.SslState.StartSendBlob(Byte[] incoming, Int32 count, AsyncProtocolRequest asyncRequest)
   en System.Net.Security.SslState.ProcessReceivedBlob(Byte[] buffer, Int32 count, AsyncProtocolRequest asyncRequest)
   en System.Net.Security.SslState.StartReadFrame(Byte[] buffer, Int32 readBytes, AsyncProtocolRequest asyncRequest)
   en System.Net.Security.SslState.StartReceiveBlob(Byte[] buffer, AsyncProtocolRequest asyncRequest)
   en System.Net.Security.SslState.CheckCompletionBeforeNextReceive(ProtocolToken message, AsyncProtocolRequest asyncRequest)
   en System.Net.Security.SslState.StartSendBlob(Byte[] incoming, Int32 count, AsyncProtocolRequest asyncRequest)
   en System.Net.Security.SslState.ProcessReceivedBlob(Byte[] buffer, Int32 count, AsyncProtocolRequest asyncRequest)
   en System.Net.Security.SslState.StartReadFrame(Byte[] buffer, Int32 readBytes, AsyncProtocolRequest asyncRequest)
   en System.Net.Security.SslState.StartReceiveBlob(Byte[] buffer, AsyncProtocolRequest asyncRequest)
   en System.Net.Security.SslState.CheckCompletionBeforeNextReceive(ProtocolToken message, AsyncProtocolRequest asyncRequest)
   en System.Net.Security.SslState.StartSendBlob(Byte[] incoming, Int32 count, AsyncProtocolRequest asyncRequest)
   en System.Net.Security.SslState.ForceAuthentication(Boolean receiveFirst, Byte[] buffer, AsyncProtocolRequest asyncRequest)
   en System.Net.Security.SslState.ProcessAuthentication(LazyAsyncResult lazyResult)
   en System.Net.TlsStream.CallProcessAuthentication(Object state)
   en System.Threading.ExecutionContext.RunInternal(ExecutionContext executionContext, ContextCallback callback, Object state, Boolean preserveSyncCtx)
   en System.Threading.ExecutionContext.Run(ExecutionContext executionContext, ContextCallback callback, Object state, Boolean preserveSyncCtx)
   en System.Threading.ExecutionContext.Run(ExecutionContext executionContext, ContextCallback callback, Object state)
   en System.Net.TlsStream.ProcessAuthentication(LazyAsyncResult result)
   en System.Net.TlsStream.Write(Byte[] buffer, Int32 offset, Int32 size)
   en System.Net.PooledStream.Write(Byte[] buffer, Int32 offset, Int32 size)
   en System.Net.ConnectStream.WriteHeaders(Boolean async)
   --- Fin del seguimiento de la pila de la excepción interna ---
   en System.Net.HttpWebRequest.GetResponse()
   en Mega.POS.Operation.InvoicesOperations.SendToXSA(Boolean& errorFiscalData, Boolean& failConection, String& errorFiscalDataDescription, Boolean& statusDoc, String idCasherClose, Int32 typeInvoice) en C:\Users\Desarrollo\Documents\Visual Studio 2010\Projects\Mega\Sistemas\Proyectos\NOVA\codigo\Fuentes PV 24022012\source\Mega.POS\Operation\InvoicesOperations.cs:línea 296
2015-02-26 10:52:51,120 ERROR Mega.POS.SyncroFacturacionXSA – 
2015-02-26 10:52:51,120 ERROR Mega.POS.SyncroFacturacionXSA – 
2015-02-26 10:55:51,160 ERROR Mega.POS.Operation.InvoicesOperations – Error al intentar generar la factura PED46 en XSA System.Net.WebException: Se ha terminado la conexión: No se puede establecer una relación de confianza para el canal seguro SSL/TLS. ---> System.Security.Authentication.AuthenticationException: El certificado remoto no es válido según el procedimiento de validación.
   en System.Net.Security.SslState.StartSendAuthResetSignal(ProtocolToken message, AsyncProtocolRequest asyncRequest, Exception exception)
   en System.Net.Security.SslState.CheckCompletionBeforeNextReceive(ProtocolToken message, AsyncProtocolRequest asyncRequest)
   en System.Net.Security.SslState.StartSendBlob(Byte[] incoming, Int32 count, AsyncProtocolRequest asyncRequest)
   en System.Net.Security.SslState.ProcessReceivedBlob(Byte[] buffer, Int32 count, AsyncProtocolRequest asyncRequest)
   en System.Net.Security.SslState.StartReadFrame(Byte[] buffer, Int32 readBytes, AsyncProtocolRequest asyncRequest)
   en System.Net.Security.SslState.StartReceiveBlob(Byte[] buffer, AsyncProtocolRequest asyncRequest)
   en System.Net.Security.SslState.CheckCompletionBeforeNextReceive(ProtocolToken message, AsyncProtocolRequest asyncRequest)
   en System.Net.Security.SslState.StartSendBlob(Byte[] incoming, Int32 count, AsyncProtocolRequest asyncRequest)
   en System.Net.Security.SslState.ProcessReceivedBlob(Byte[] buffer, Int32 count, AsyncProtocolRequest asyncRequest)
   en System.Net.Security.SslState.StartReadFrame(Byte[] buffer, Int32 readBytes, AsyncProtocolRequest asyncRequest)
   en System.Net.Security.SslState.StartReceiveBlob(Byte[] buffer, AsyncProtocolRequest asyncRequest)
   en System.Net.Security.SslState.CheckCompletionBeforeNextReceive(ProtocolToken message, AsyncProtocolRequest asyncRequest)
   en System.Net.Security.SslState.StartSendBlob(Byte[] incoming, Int32 count, AsyncProtocolRequest asyncRequest)
   en System.Net.Security.SslState.ProcessReceivedBlob(Byte[] buffer, Int32 count, AsyncProtocolRequest asyncRequest)
   en System.Net.Security.SslState.StartReadFrame(Byte[] buffer, Int32 readBytes, AsyncProtocolRequest asyncRequest)
   en System.Net.Security.SslState.StartReceiveBlob(Byte[] buffer, AsyncProtocolRequest asyncRequest)
   en System.Net.Security.SslState.CheckCompletionBeforeNextReceive(ProtocolToken message, AsyncProtocolRequest asyncRequest)
   en System.Net.Security.SslState.StartSendBlob(Byte[] incoming, Int32 count, AsyncProtocolRequest asyncRequest)
   en System.Net.Security.SslState.ForceAuthentication(Boolean receiveFirst, Byte[] buffer, AsyncProtocolRequest asyncRequest)
   en System.Net.Security.SslState.ProcessAuthentication(LazyAsyncResult lazyResult)
   en System.Net.TlsStream.CallProcessAuthentication(Object state)
   en System.Threading.ExecutionContext.RunInternal(ExecutionContext executionContext, ContextCallback callback, Object state, Boolean preserveSyncCtx)
   en System.Threading.ExecutionContext.Run(ExecutionContext executionContext, ContextCallback callback, Object state, Boolean preserveSyncCtx)
   en System.Threading.ExecutionContext.Run(ExecutionContext executionContext, ContextCallback callback, Object state)
   en System.Net.TlsStream.ProcessAuthentication(LazyAsyncResult result)
   en System.Net.TlsStream.Write(Byte[] buffer, Int32 offset, Int32 size)
   en System.Net.PooledStream.Write(Byte[] buffer, Int32 offset, Int32 size)
   en System.Net.ConnectStream.WriteHeaders(Boolean async)
   --- Fin del seguimiento de la pila de la excepción interna ---
   en System.Net.HttpWebRequest.GetResponse()
   en Mega.POS.Operation.InvoicesOperations.SendToXSA(Boolean& errorFiscalData, Boolean& failConection, String& errorFiscalDataDescription, Boolean& statusDoc, String idCasherClose, Int32 typeInvoice) en C:\Users\Desarrollo\Documents\Visual Studio 2010\Projects\Mega\Sistemas\Proyectos\NOVA\codigo\Fuentes PV 24022012\source\Mega.POS\Operation\InvoicesOperations.cs:línea 296
2015-02-26 10:55:51,160 ERROR Mega.POS.SyncroFacturacionXSA – 
2015-02-26 10:55:51,160 ERROR Mega.POS.SyncroFacturacionXSA – 
2015-02-26 10:58:51,153 ERROR Mega.POS.Operation.InvoicesOperations – Error al intentar generar la factura PED46 en XSA System.Net.WebException: Se ha terminado la conexión: No se puede establecer una relación de confianza para el canal seguro SSL/TLS. ---> System.Security.Authentication.AuthenticationException: El certificado remoto no es válido según el procedimiento de validación.
   en System.Net.Security.SslState.StartSendAuthResetSignal(ProtocolToken message, AsyncProtocolRequest asyncRequest, Exception exception)
   en System.Net.Security.SslState.CheckCompletionBeforeNextReceive(ProtocolToken message, AsyncProtocolRequest asyncRequest)
   en System.Net.Security.SslState.StartSendBlob(Byte[] incoming, Int32 count, AsyncProtocolRequest asyncRequest)
   en System.Net.Security.SslState.ProcessReceivedBlob(Byte[] buffer, Int32 count, AsyncProtocolRequest asyncRequest)
   en System.Net.Security.SslState.StartReadFrame(Byte[] buffer, Int32 readBytes, AsyncProtocolRequest asyncRequest)
   en System.Net.Security.SslState.StartReceiveBlob(Byte[] buffer, AsyncProtocolRequest asyncRequest)
   en System.Net.Security.SslState.CheckCompletionBeforeNextReceive(ProtocolToken message, AsyncProtocolRequest asyncRequest)
   en System.Net.Security.SslState.StartSendBlob(Byte[] incoming, Int32 count, AsyncProtocolRequest asyncRequest)
   en System.Net.Security.SslState.ProcessReceivedBlob(Byte[] buffer, Int32 count, AsyncProtocolRequest asyncRequest)
   en System.Net.Security.SslState.StartReadFrame(Byte[] buffer, Int32 readBytes, AsyncProtocolRequest asyncRequest)
   en System.Net.Security.SslState.StartReceiveBlob(Byte[] buffer, AsyncProtocolRequest asyncRequest)
   en System.Net.Security.SslState.CheckCompletionBeforeNextReceive(ProtocolToken message, AsyncProtocolRequest asyncRequest)
   en System.Net.Security.SslState.StartSendBlob(Byte[] incoming, Int32 count, AsyncProtocolRequest asyncRequest)
   en System.Net.Security.SslState.ProcessReceivedBlob(Byte[] buffer, Int32 count, AsyncProtocolRequest asyncRequest)
   en System.Net.Security.SslState.StartReadFrame(Byte[] buffer, Int32 readBytes, AsyncProtocolRequest asyncRequest)
   en System.Net.Security.SslState.StartReceiveBlob(Byte[] buffer, AsyncProtocolRequest asyncRequest)
   en System.Net.Security.SslState.CheckCompletionBeforeNextReceive(ProtocolToken message, AsyncProtocolRequest asyncRequest)
   en System.Net.Security.SslState.StartSendBlob(Byte[] incoming, Int32 count, AsyncProtocolRequest asyncRequest)
   en System.Net.Security.SslState.ForceAuthentication(Boolean receiveFirst, Byte[] buffer, AsyncProtocolRequest asyncRequest)
   en System.Net.Security.SslState.ProcessAuthentication(LazyAsyncResult lazyResult)
   en System.Net.TlsStream.CallProcessAuthentication(Object state)
   en System.Threading.ExecutionContext.RunInternal(ExecutionContext executionContext, ContextCallback callback, Object state, Boolean preserveSyncCtx)
   en System.Threading.ExecutionContext.Run(ExecutionContext executionContext, ContextCallback callback, Object state, Boolean preserveSyncCtx)
   en System.Threading.ExecutionContext.Run(ExecutionContext executionContext, ContextCallback callback, Object state)
   en System.Net.TlsStream.ProcessAuthentication(LazyAsyncResult result)
   en System.Net.TlsStream.Write(Byte[] buffer, Int32 offset, Int32 size)
   en System.Net.PooledStream.Write(Byte[] buffer, Int32 offset, Int32 size)
   en System.Net.ConnectStream.WriteHeaders(Boolean async)
   --- Fin del seguimiento de la pila de la excepción interna ---
   en System.Net.HttpWebRequest.GetResponse()
   en Mega.POS.Operation.InvoicesOperations.SendToXSA(Boolean& errorFiscalData, Boolean& failConection, String& errorFiscalDataDescription, Boolean& statusDoc, String idCasherClose, Int32 typeInvoice) en C:\Users\Desarrollo\Documents\Visual Studio 2010\Projects\Mega\Sistemas\Proyectos\NOVA\codigo\Fuentes PV 24022012\source\Mega.POS\Operation\InvoicesOperations.cs:línea 296
2015-02-26 10:58:51,153 ERROR Mega.POS.SyncroFacturacionXSA – 
2015-02-26 10:58:51,153 ERROR Mega.POS.SyncroFacturacionXSA – 
2015-02-26 11:01:51,146 ERROR Mega.POS.Operation.InvoicesOperations – Error al intentar generar la factura PED46 en XSA System.Net.WebException: Se ha terminado la conexión: No se puede establecer una relación de confianza para el canal seguro SSL/TLS. ---> System.Security.Authentication.AuthenticationException: El certificado remoto no es válido según el procedimiento de validación.
   en System.Net.Security.SslState.StartSendAuthResetSignal(ProtocolToken message, AsyncProtocolRequest asyncRequest, Exception exception)
   en System.Net.Security.SslState.CheckCompletionBeforeNextReceive(ProtocolToken message, AsyncProtocolRequest asyncRequest)
   en System.Net.Security.SslState.StartSendBlob(Byte[] incoming, Int32 count, AsyncProtocolRequest asyncRequest)
   en System.Net.Security.SslState.ProcessReceivedBlob(Byte[] buffer, Int32 count, AsyncProtocolRequest asyncRequest)
   en System.Net.Security.SslState.StartReadFrame(Byte[] buffer, Int32 readBytes, AsyncProtocolRequest asyncRequest)
   en System.Net.Security.SslState.StartReceiveBlob(Byte[] buffer, AsyncProtocolRequest asyncRequest)
   en System.Net.Security.SslState.CheckCompletionBeforeNextReceive(ProtocolToken message, AsyncProtocolRequest asyncRequest)
   en System.Net.Security.SslState.StartSendBlob(Byte[] incoming, Int32 count, AsyncProtocolRequest asyncRequest)
   en System.Net.Security.SslState.ProcessReceivedBlob(Byte[] buffer, Int32 count, AsyncProtocolRequest asyncRequest)
   en System.Net.Security.SslState.StartReadFrame(Byte[] buffer, Int32 readBytes, AsyncProtocolRequest asyncRequest)
   en System.Net.Security.SslState.StartReceiveBlob(Byte[] buffer, AsyncProtocolRequest asyncRequest)
   en System.Net.Security.SslState.CheckCompletionBeforeNextReceive(ProtocolToken message, AsyncProtocolRequest asyncRequest)
   en System.Net.Security.SslState.StartSendBlob(Byte[] incoming, Int32 count, AsyncProtocolRequest asyncRequest)
   en System.Net.Security.SslState.ProcessReceivedBlob(Byte[] buffer, Int32 count, AsyncProtocolRequest asyncRequest)
   en System.Net.Security.SslState.StartReadFrame(Byte[] buffer, Int32 readBytes, AsyncProtocolRequest asyncRequest)
   en System.Net.Security.SslState.StartReceiveBlob(Byte[] buffer, AsyncProtocolRequest asyncRequest)
   en System.Net.Security.SslState.CheckCompletionBeforeNextReceive(ProtocolToken message, AsyncProtocolRequest asyncRequest)
   en System.Net.Security.SslState.StartSendBlob(Byte[] incoming, Int32 count, AsyncProtocolRequest asyncRequest)
   en System.Net.Security.SslState.ForceAuthentication(Boolean receiveFirst, Byte[] buffer, AsyncProtocolRequest asyncRequest)
   en System.Net.Security.SslState.ProcessAuthentication(LazyAsyncResult lazyResult)
   en System.Net.TlsStream.CallProcessAuthentication(Object state)
   en System.Threading.ExecutionContext.RunInternal(ExecutionContext executionContext, ContextCallback callback, Object state, Boolean preserveSyncCtx)
   en System.Threading.ExecutionContext.Run(ExecutionContext executionContext, ContextCallback callback, Object state, Boolean preserveSyncCtx)
   en System.Threading.ExecutionContext.Run(ExecutionContext executionContext, ContextCallback callback, Object state)
   en System.Net.TlsStream.ProcessAuthentication(LazyAsyncResult result)
   en System.Net.TlsStream.Write(Byte[] buffer, Int32 offset, Int32 size)
   en System.Net.PooledStream.Write(Byte[] buffer, Int32 offset, Int32 size)
   en System.Net.ConnectStream.WriteHeaders(Boolean async)
   --- Fin del seguimiento de la pila de la excepción interna ---
   en System.Net.HttpWebRequest.GetResponse()
   en Mega.POS.Operation.InvoicesOperations.SendToXSA(Boolean& errorFiscalData, Boolean& failConection, String& errorFiscalDataDescription, Boolean& statusDoc, String idCasherClose, Int32 typeInvoice) en C:\Users\Desarrollo\Documents\Visual Studio 2010\Projects\Mega\Sistemas\Proyectos\NOVA\codigo\Fuentes PV 24022012\source\Mega.POS\Operation\InvoicesOperations.cs:línea 296
2015-02-26 11:01:51,146 ERROR Mega.POS.SyncroFacturacionXSA – 
2015-02-26 11:01:51,146 ERROR Mega.POS.SyncroFacturacionXSA – 
2015-02-26 11:04:51,171 ERROR Mega.POS.Operation.InvoicesOperations – Error al intentar generar la factura PED46 en XSA System.Net.WebException: Se ha terminado la conexión: No se puede establecer una relación de confianza para el canal seguro SSL/TLS. ---> System.Security.Authentication.AuthenticationException: El certificado remoto no es válido según el procedimiento de validación.
   en System.Net.Security.SslState.StartSendAuthResetSignal(ProtocolToken message, AsyncProtocolRequest asyncRequest, Exception exception)
   en System.Net.Security.SslState.CheckCompletionBeforeNextReceive(ProtocolToken message, AsyncProtocolRequest asyncRequest)
   en System.Net.Security.SslState.StartSendBlob(Byte[] incoming, Int32 count, AsyncProtocolRequest asyncRequest)
   en System.Net.Security.SslState.ProcessReceivedBlob(Byte[] buffer, Int32 count, AsyncProtocolRequest asyncRequest)
   en System.Net.Security.SslState.StartReadFrame(Byte[] buffer, Int32 readBytes, AsyncProtocolRequest asyncRequest)
   en System.Net.Security.SslState.StartReceiveBlob(Byte[] buffer, AsyncProtocolRequest asyncRequest)
   en System.Net.Security.SslState.CheckCompletionBeforeNextReceive(ProtocolToken message, AsyncProtocolRequest asyncRequest)
   en System.Net.Security.SslState.StartSendBlob(Byte[] incoming, Int32 count, AsyncProtocolRequest asyncRequest)
   en System.Net.Security.SslState.ProcessReceivedBlob(Byte[] buffer, Int32 count, AsyncProtocolRequest asyncRequest)
   en System.Net.Security.SslState.StartReadFrame(Byte[] buffer, Int32 readBytes, AsyncProtocolRequest asyncRequest)
   en System.Net.Security.SslState.StartReceiveBlob(Byte[] buffer, AsyncProtocolRequest asyncRequest)
   en System.Net.Security.SslState.CheckCompletionBeforeNextReceive(ProtocolToken message, AsyncProtocolRequest asyncRequest)
   en System.Net.Security.SslState.StartSendBlob(Byte[] incoming, Int32 count, AsyncProtocolRequest asyncRequest)
   en System.Net.Security.SslState.ProcessReceivedBlob(Byte[] buffer, Int32 count, AsyncProtocolRequest asyncRequest)
   en System.Net.Security.SslState.StartReadFrame(Byte[] buffer, Int32 readBytes, AsyncProtocolRequest asyncRequest)
   en System.Net.Security.SslState.StartReceiveBlob(Byte[] buffer, AsyncProtocolRequest asyncRequest)
   en System.Net.Security.SslState.CheckCompletionBeforeNextReceive(ProtocolToken message, AsyncProtocolRequest asyncRequest)
   en System.Net.Security.SslState.StartSendBlob(Byte[] incoming, Int32 count, AsyncProtocolRequest asyncRequest)
   en System.Net.Security.SslState.ForceAuthentication(Boolean receiveFirst, Byte[] buffer, AsyncProtocolRequest asyncRequest)
   en System.Net.Security.SslState.ProcessAuthentication(LazyAsyncResult lazyResult)
   en System.Net.TlsStream.CallProcessAuthentication(Object state)
   en System.Threading.ExecutionContext.RunInternal(ExecutionContext executionContext, ContextCallback callback, Object state, Boolean preserveSyncCtx)
   en System.Threading.ExecutionContext.Run(ExecutionContext executionContext, ContextCallback callback, Object state, Boolean preserveSyncCtx)
   en System.Threading.ExecutionContext.Run(ExecutionContext executionContext, ContextCallback callback, Object state)
   en System.Net.TlsStream.ProcessAuthentication(LazyAsyncResult result)
   en System.Net.TlsStream.Write(Byte[] buffer, Int32 offset, Int32 size)
   en System.Net.PooledStream.Write(Byte[] buffer, Int32 offset, Int32 size)
   en System.Net.ConnectStream.WriteHeaders(Boolean async)
   --- Fin del seguimiento de la pila de la excepción interna ---
   en System.Net.HttpWebRequest.GetResponse()
   en Mega.POS.Operation.InvoicesOperations.SendToXSA(Boolean& errorFiscalData, Boolean& failConection, String& errorFiscalDataDescription, Boolean& statusDoc, String idCasherClose, Int32 typeInvoice) en C:\Users\Desarrollo\Documents\Visual Studio 2010\Projects\Mega\Sistemas\Proyectos\NOVA\codigo\Fuentes PV 24022012\source\Mega.POS\Operation\InvoicesOperations.cs:línea 296
2015-02-26 11:04:51,171 ERROR Mega.POS.SyncroFacturacionXSA – 
2015-02-26 11:04:51,171 ERROR Mega.POS.SyncroFacturacionXSA – 
2015-02-26 11:07:51,195 ERROR Mega.POS.Operation.InvoicesOperations – Error al intentar generar la factura PED46 en XSA System.Net.WebException: Se ha terminado la conexión: No se puede establecer una relación de confianza para el canal seguro SSL/TLS. ---> System.Security.Authentication.AuthenticationException: El certificado remoto no es válido según el procedimiento de validación.
   en System.Net.Security.SslState.StartSendAuthResetSignal(ProtocolToken message, AsyncProtocolRequest asyncRequest, Exception exception)
   en System.Net.Security.SslState.CheckCompletionBeforeNextReceive(ProtocolToken message, AsyncProtocolRequest asyncRequest)
   en System.Net.Security.SslState.StartSendBlob(Byte[] incoming, Int32 count, AsyncProtocolRequest asyncRequest)
   en System.Net.Security.SslState.ProcessReceivedBlob(Byte[] buffer, Int32 count, AsyncProtocolRequest asyncRequest)
   en System.Net.Security.SslState.StartReadFrame(Byte[] buffer, Int32 readBytes, AsyncProtocolRequest asyncRequest)
   en System.Net.Security.SslState.StartReceiveBlob(Byte[] buffer, AsyncProtocolRequest asyncRequest)
   en System.Net.Security.SslState.CheckCompletionBeforeNextReceive(ProtocolToken message, AsyncProtocolRequest asyncRequest)
   en System.Net.Security.SslState.StartSendBlob(Byte[] incoming, Int32 count, AsyncProtocolRequest asyncRequest)
   en System.Net.Security.SslState.ProcessReceivedBlob(Byte[] buffer, Int32 count, AsyncProtocolRequest asyncRequest)
   en System.Net.Security.SslState.StartReadFrame(Byte[] buffer, Int32 readBytes, AsyncProtocolRequest asyncRequest)
   en System.Net.Security.SslState.StartReceiveBlob(Byte[] buffer, AsyncProtocolRequest asyncRequest)
   en System.Net.Security.SslState.CheckCompletionBeforeNextReceive(ProtocolToken message, AsyncProtocolRequest asyncRequest)
   en System.Net.Security.SslState.StartSendBlob(Byte[] incoming, Int32 count, AsyncProtocolRequest asyncRequest)
   en System.Net.Security.SslState.ProcessReceivedBlob(Byte[] buffer, Int32 count, AsyncProtocolRequest asyncRequest)
   en System.Net.Security.SslState.StartReadFrame(Byte[] buffer, Int32 readBytes, AsyncProtocolRequest asyncRequest)
   en System.Net.Security.SslState.StartReceiveBlob(Byte[] buffer, AsyncProtocolRequest asyncRequest)
   en System.Net.Security.SslState.CheckCompletionBeforeNextReceive(ProtocolToken message, AsyncProtocolRequest asyncRequest)
   en System.Net.Security.SslState.StartSendBlob(Byte[] incoming, Int32 count, AsyncProtocolRequest asyncRequest)
   en System.Net.Security.SslState.ForceAuthentication(Boolean receiveFirst, Byte[] buffer, AsyncProtocolRequest asyncRequest)
   en System.Net.Security.SslState.ProcessAuthentication(LazyAsyncResult lazyResult)
   en System.Net.TlsStream.CallProcessAuthentication(Object state)
   en System.Threading.ExecutionContext.RunInternal(ExecutionContext executionContext, ContextCallback callback, Object state, Boolean preserveSyncCtx)
   en System.Threading.ExecutionContext.Run(ExecutionContext executionContext, ContextCallback callback, Object state, Boolean preserveSyncCtx)
   en System.Threading.ExecutionContext.Run(ExecutionContext executionContext, ContextCallback callback, Object state)
   en System.Net.TlsStream.ProcessAuthentication(LazyAsyncResult result)
   en System.Net.TlsStream.Write(Byte[] buffer, Int32 offset, Int32 size)
   en System.Net.PooledStream.Write(Byte[] buffer, Int32 offset, Int32 size)
   en System.Net.ConnectStream.WriteHeaders(Boolean async)
   --- Fin del seguimiento de la pila de la excepción interna ---
   en System.Net.HttpWebRequest.GetResponse()
   en Mega.POS.Operation.InvoicesOperations.SendToXSA(Boolean& errorFiscalData, Boolean& failConection, String& errorFiscalDataDescription, Boolean& statusDoc, String idCasherClose, Int32 typeInvoice) en C:\Users\Desarrollo\Documents\Visual Studio 2010\Projects\Mega\Sistemas\Proyectos\NOVA\codigo\Fuentes PV 24022012\source\Mega.POS\Operation\InvoicesOperations.cs:línea 296
2015-02-26 11:07:51,195 ERROR Mega.POS.SyncroFacturacionXSA – 
2015-02-26 11:07:51,195 ERROR Mega.POS.SyncroFacturacionXSA – 
2015-02-26 11:10:51,172 ERROR Mega.POS.Operation.InvoicesOperations – Error al intentar generar la factura PED46 en XSA System.Net.WebException: Se ha terminado la conexión: No se puede establecer una relación de confianza para el canal seguro SSL/TLS. ---> System.Security.Authentication.AuthenticationException: El certificado remoto no es válido según el procedimiento de validación.
   en System.Net.Security.SslState.StartSendAuthResetSignal(ProtocolToken message, AsyncProtocolRequest asyncRequest, Exception exception)
   en System.Net.Security.SslState.CheckCompletionBeforeNextReceive(ProtocolToken message, AsyncProtocolRequest asyncRequest)
   en System.Net.Security.SslState.StartSendBlob(Byte[] incoming, Int32 count, AsyncProtocolRequest asyncRequest)
   en System.Net.Security.SslState.ProcessReceivedBlob(Byte[] buffer, Int32 count, AsyncProtocolRequest asyncRequest)
   en System.Net.Security.SslState.StartReadFrame(Byte[] buffer, Int32 readBytes, AsyncProtocolRequest asyncRequest)
   en System.Net.Security.SslState.StartReceiveBlob(Byte[] buffer, AsyncProtocolRequest asyncRequest)
   en System.Net.Security.SslState.CheckCompletionBeforeNextReceive(ProtocolToken message, AsyncProtocolRequest asyncRequest)
   en System.Net.Security.SslState.StartSendBlob(Byte[] incoming, Int32 count, AsyncProtocolRequest asyncRequest)
   en System.Net.Security.SslState.ProcessReceivedBlob(Byte[] buffer, Int32 count, AsyncProtocolRequest asyncRequest)
   en System.Net.Security.SslState.StartReadFrame(Byte[] buffer, Int32 readBytes, AsyncProtocolRequest asyncRequest)
   en System.Net.Security.SslState.StartReceiveBlob(Byte[] buffer, AsyncProtocolRequest asyncRequest)
   en System.Net.Security.SslState.CheckCompletionBeforeNextReceive(ProtocolToken message, AsyncProtocolRequest asyncRequest)
   en System.Net.Security.SslState.StartSendBlob(Byte[] incoming, Int32 count, AsyncProtocolRequest asyncRequest)
   en System.Net.Security.SslState.ProcessReceivedBlob(Byte[] buffer, Int32 count, AsyncProtocolRequest asyncRequest)
   en System.Net.Security.SslState.StartReadFrame(Byte[] buffer, Int32 readBytes, AsyncProtocolRequest asyncRequest)
   en System.Net.Security.SslState.StartReceiveBlob(Byte[] buffer, AsyncProtocolRequest asyncRequest)
   en System.Net.Security.SslState.CheckCompletionBeforeNextReceive(ProtocolToken message, AsyncProtocolRequest asyncRequest)
   en System.Net.Security.SslState.StartSendBlob(Byte[] incoming, Int32 count, AsyncProtocolRequest asyncRequest)
   en System.Net.Security.SslState.ForceAuthentication(Boolean receiveFirst, Byte[] buffer, AsyncProtocolRequest asyncRequest)
   en System.Net.Security.SslState.ProcessAuthentication(LazyAsyncResult lazyResult)
   en System.Net.TlsStream.CallProcessAuthentication(Object state)
   en System.Threading.ExecutionContext.RunInternal(ExecutionContext executionContext, ContextCallback callback, Object state, Boolean preserveSyncCtx)
   en System.Threading.ExecutionContext.Run(ExecutionContext executionContext, ContextCallback callback, Object state, Boolean preserveSyncCtx)
   en System.Threading.ExecutionContext.Run(ExecutionContext executionContext, ContextCallback callback, Object state)
   en System.Net.TlsStream.ProcessAuthentication(LazyAsyncResult result)
   en System.Net.TlsStream.Write(Byte[] buffer, Int32 offset, Int32 size)
   en System.Net.PooledStream.Write(Byte[] buffer, Int32 offset, Int32 size)
   en System.Net.ConnectStream.WriteHeaders(Boolean async)
   --- Fin del seguimiento de la pila de la excepción interna ---
   en System.Net.HttpWebRequest.GetResponse()
   en Mega.POS.Operation.InvoicesOperations.SendToXSA(Boolean& errorFiscalData, Boolean& failConection, String& errorFiscalDataDescription, Boolean& statusDoc, String idCasherClose, Int32 typeInvoice) en C:\Users\Desarrollo\Documents\Visual Studio 2010\Projects\Mega\Sistemas\Proyectos\NOVA\codigo\Fuentes PV 24022012\source\Mega.POS\Operation\InvoicesOperations.cs:línea 296
2015-02-26 11:10:51,172 ERROR Mega.POS.SyncroFacturacionXSA – 
2015-02-26 11:10:51,172 ERROR Mega.POS.SyncroFacturacionXSA – 
2015-02-26 11:13:51,228 ERROR Mega.POS.Operation.InvoicesOperations – Error al intentar generar la factura PED46 en XSA System.Net.WebException: Se ha terminado la conexión: No se puede establecer una relación de confianza para el canal seguro SSL/TLS. ---> System.Security.Authentication.AuthenticationException: El certificado remoto no es válido según el procedimiento de validación.
   en System.Net.Security.SslState.StartSendAuthResetSignal(ProtocolToken message, AsyncProtocolRequest asyncRequest, Exception exception)
   en System.Net.Security.SslState.CheckCompletionBeforeNextReceive(ProtocolToken message, AsyncProtocolRequest asyncRequest)
   en System.Net.Security.SslState.StartSendBlob(Byte[] incoming, Int32 count, AsyncProtocolRequest asyncRequest)
   en System.Net.Security.SslState.ProcessReceivedBlob(Byte[] buffer, Int32 count, AsyncProtocolRequest asyncRequest)
   en System.Net.Security.SslState.StartReadFrame(Byte[] buffer, Int32 readBytes, AsyncProtocolRequest asyncRequest)
   en System.Net.Security.SslState.StartReceiveBlob(Byte[] buffer, AsyncProtocolRequest asyncRequest)
   en System.Net.Security.SslState.CheckCompletionBeforeNextReceive(ProtocolToken message, AsyncProtocolRequest asyncRequest)
   en System.Net.Security.SslState.StartSendBlob(Byte[] incoming, Int32 count, AsyncProtocolRequest asyncRequest)
   en System.Net.Security.SslState.ProcessReceivedBlob(Byte[] buffer, Int32 count, AsyncProtocolRequest asyncRequest)
   en System.Net.Security.SslState.StartReadFrame(Byte[] buffer, Int32 readBytes, AsyncProtocolRequest asyncRequest)
   en System.Net.Security.SslState.StartReceiveBlob(Byte[] buffer, AsyncProtocolRequest asyncRequest)
   en System.Net.Security.SslState.CheckCompletionBeforeNextReceive(ProtocolToken message, AsyncProtocolRequest asyncRequest)
   en System.Net.Security.SslState.StartSendBlob(Byte[] incoming, Int32 count, AsyncProtocolRequest asyncRequest)
   en System.Net.Security.SslState.ProcessReceivedBlob(Byte[] buffer, Int32 count, AsyncProtocolRequest asyncRequest)
   en System.Net.Security.SslState.StartReadFrame(Byte[] buffer, Int32 readBytes, AsyncProtocolRequest asyncRequest)
   en System.Net.Security.SslState.StartReceiveBlob(Byte[] buffer, AsyncProtocolRequest asyncRequest)
   en System.Net.Security.SslState.CheckCompletionBeforeNextReceive(ProtocolToken message, AsyncProtocolRequest asyncRequest)
   en System.Net.Security.SslState.StartSendBlob(Byte[] incoming, Int32 count, AsyncProtocolRequest asyncRequest)
   en System.Net.Security.SslState.ForceAuthentication(Boolean receiveFirst, Byte[] buffer, AsyncProtocolRequest asyncRequest)
   en System.Net.Security.SslState.ProcessAuthentication(LazyAsyncResult lazyResult)
   en System.Net.TlsStream.CallProcessAuthentication(Object state)
   en System.Threading.ExecutionContext.RunInternal(ExecutionContext executionContext, ContextCallback callback, Object state, Boolean preserveSyncCtx)
   en System.Threading.ExecutionContext.Run(ExecutionContext executionContext, ContextCallback callback, Object state, Boolean preserveSyncCtx)
   en System.Threading.ExecutionContext.Run(ExecutionContext executionContext, ContextCallback callback, Object state)
   en System.Net.TlsStream.ProcessAuthentication(LazyAsyncResult result)
   en System.Net.TlsStream.Write(Byte[] buffer, Int32 offset, Int32 size)
   en System.Net.PooledStream.Write(Byte[] buffer, Int32 offset, Int32 size)
   en System.Net.ConnectStream.WriteHeaders(Boolean async)
   --- Fin del seguimiento de la pila de la excepción interna ---
   en System.Net.HttpWebRequest.GetResponse()
   en Mega.POS.Operation.InvoicesOperations.SendToXSA(Boolean& errorFiscalData, Boolean& failConection, String& errorFiscalDataDescription, Boolean& statusDoc, String idCasherClose, Int32 typeInvoice) en C:\Users\Desarrollo\Documents\Visual Studio 2010\Projects\Mega\Sistemas\Proyectos\NOVA\codigo\Fuentes PV 24022012\source\Mega.POS\Operation\InvoicesOperations.cs:línea 296
2015-02-26 11:13:51,228 ERROR Mega.POS.SyncroFacturacionXSA – 
2015-02-26 11:13:51,228 ERROR Mega.POS.SyncroFacturacionXSA – 
2015-02-26 15:49:01,889 INFO  Mega.POS.Main – El sistema ha sido abierto por el usuario g9400
2015-02-26 15:49:03,340 ERROR Mega.POS.Operation.InvoicesOperations – Error al intentar generar la factura PED46 en XSA System.Net.WebException: Se ha terminado la conexión: No se puede establecer una relación de confianza para el canal seguro SSL/TLS. ---> System.Security.Authentication.AuthenticationException: El certificado remoto no es válido según el procedimiento de validación.
   en System.Net.Security.SslState.StartSendAuthResetSignal(ProtocolToken message, AsyncProtocolRequest asyncRequest, Exception exception)
   en System.Net.Security.SslState.CheckCompletionBeforeNextReceive(ProtocolToken message, AsyncProtocolRequest asyncRequest)
   en System.Net.Security.SslState.StartSendBlob(Byte[] incoming, Int32 count, AsyncProtocolRequest asyncRequest)
   en System.Net.Security.SslState.ProcessReceivedBlob(Byte[] buffer, Int32 count, AsyncProtocolRequest asyncRequest)
   en System.Net.Security.SslState.StartReadFrame(Byte[] buffer, Int32 readBytes, AsyncProtocolRequest asyncRequest)
   en System.Net.Security.SslState.StartReceiveBlob(Byte[] buffer, AsyncProtocolRequest asyncRequest)
   en System.Net.Security.SslState.CheckCompletionBeforeNextReceive(ProtocolToken message, AsyncProtocolRequest asyncRequest)
   en System.Net.Security.SslState.StartSendBlob(Byte[] incoming, Int32 count, AsyncProtocolRequest asyncRequest)
   en System.Net.Security.SslState.ProcessReceivedBlob(Byte[] buffer, Int32 count, AsyncProtocolRequest asyncRequest)
   en System.Net.Security.SslState.StartReadFrame(Byte[] buffer, Int32 readBytes, AsyncProtocolRequest asyncRequest)
   en System.Net.Security.SslState.StartReceiveBlob(Byte[] buffer, AsyncProtocolRequest asyncRequest)
   en System.Net.Security.SslState.CheckCompletionBeforeNextReceive(ProtocolToken message, AsyncProtocolRequest asyncRequest)
   en System.Net.Security.SslState.StartSendBlob(Byte[] incoming, Int32 count, AsyncProtocolRequest asyncRequest)
   en System.Net.Security.SslState.ProcessReceivedBlob(Byte[] buffer, Int32 count, AsyncProtocolRequest asyncRequest)
   en System.Net.Security.SslState.StartReadFrame(Byte[] buffer, Int32 readBytes, AsyncProtocolRequest asyncRequest)
   en System.Net.Security.SslState.StartReceiveBlob(Byte[] buffer, AsyncProtocolRequest asyncRequest)
   en System.Net.Security.SslState.CheckCompletionBeforeNextReceive(ProtocolToken message, AsyncProtocolRequest asyncRequest)
   en System.Net.Security.SslState.StartSendBlob(Byte[] incoming, Int32 count, AsyncProtocolRequest asyncRequest)
   en System.Net.Security.SslState.ForceAuthentication(Boolean receiveFirst, Byte[] buffer, AsyncProtocolRequest asyncRequest)
   en System.Net.Security.SslState.ProcessAuthentication(LazyAsyncResult lazyResult)
   en System.Net.TlsStream.CallProcessAuthentication(Object state)
   en System.Threading.ExecutionContext.RunInternal(ExecutionContext executionContext, ContextCallback callback, Object state, Boolean preserveSyncCtx)
   en System.Threading.ExecutionContext.Run(ExecutionContext executionContext, ContextCallback callback, Object state, Boolean preserveSyncCtx)
   en System.Threading.ExecutionContext.Run(ExecutionContext executionContext, ContextCallback callback, Object state)
   en System.Net.TlsStream.ProcessAuthentication(LazyAsyncResult result)
   en System.Net.TlsStream.Write(Byte[] buffer, Int32 offset, Int32 size)
   en System.Net.PooledStream.Write(Byte[] buffer, Int32 offset, Int32 size)
   en System.Net.ConnectStream.WriteHeaders(Boolean async)
   --- Fin del seguimiento de la pila de la excepción interna ---
   en System.Net.HttpWebRequest.GetResponse()
   en Mega.POS.Operation.InvoicesOperations.SendToXSA(Boolean& errorFiscalData, Boolean& failConection, String& errorFiscalDataDescription, Boolean& statusDoc, String idCasherClose, Int32 typeInvoice) en C:\Users\Desarrollo\Documents\Visual Studio 2010\Projects\Mega\Sistemas\Proyectos\NOVA\codigo\Fuentes PV 24022012\source\Mega.POS\Operation\InvoicesOperations.cs:línea 296
2015-02-26 15:49:03,340 ERROR Mega.POS.SyncroFacturacionXSA – 
2015-02-26 15:49:03,340 ERROR Mega.POS.SyncroFacturacionXSA – 
2015-02-26 15:49:57,659 INFO  Mega.POS.Operation.SaleEdit – Comenzando El Pago y Confirmación del Ticket. Consecutivo 170
