2015-02-04 17:12:49,118 INFO  Mega.POS.Main – El sistema ha sido abierto por el usuario g9400
2015-02-04 17:15:57,020 INFO  Mega.POS.Operation.SaleEdit – Comenzando El Pago y Confirmación del Ticket. Consecutivo 138
2015-02-04 17:16:28,720 ERROR Mega.POS.Operation.InvoicesOperations – Error al intentar generar la factura CATAM38 en XSA System.Net.WebException: Se ha terminado la conexión: No se puede establecer una relación de confianza para el canal seguro SSL/TLS. ---> System.Security.Authentication.AuthenticationException: El certificado remoto no es válido según el procedimiento de validación.
   en System.Net.Security.SslState.StartSendAuthResetSignal(ProtocolToken message, AsyncProtocolRequest asyncRequest, Exception exception)
   en System.Net.Security.SslState.CheckCompletionBeforeNextReceive(ProtocolToken message, AsyncProtocolRequest asyncRequest)
   en System.Net.Security.SslState.StartSendBlob(Byte[] incoming, Int32 count, AsyncProtocolRequest asyncRequest)
   en System.Net.Security.SslState.ProcessReceivedBlob(Byte[] buffer, Int32 count, AsyncProtocolRequest asyncRequest)
   en System.Net.Security.SslState.StartReadFrame(Byte[] buffer, Int32 readBytes, AsyncProtocolRequest asyncRequest)
   en System.Net.Security.SslState.StartReceiveBlob(Byte[] buffer, AsyncProtocolRequest asyncRequest)
   en System.Net.Security.SslState.CheckCompletionBeforeNextReceive(ProtocolToken message, AsyncProtocolRequest asyncRequest)
   en System.Net.Security.SslState.StartSendBlob(Byte[] incoming, Int32 count, AsyncProtocolRequest asyncRequest)
   en System.Net.Security.SslState.ProcessReceivedBlob(Byte[] buffer, Int32 count, AsyncProtocolRequest asyncRequest)
   en System.Net.Security.SslState.StartReadFrame(Byte[] buffer, Int32 readBytes, AsyncProtocolRequest asyncRequest)
   en System.Net.Security.SslState.StartReceiveBlob(Byte[] buffer, AsyncProtocolRequest asyncRequest)
   en System.Net.Security.SslState.CheckCompletionBeforeNextReceive(ProtocolToken message, AsyncProtocolRequest asyncRequest)
   en System.Net.Security.SslState.StartSendBlob(Byte[] incoming, Int32 count, AsyncProtocolRequest asyncRequest)
   en System.Net.Security.SslState.ProcessReceivedBlob(Byte[] buffer, Int32 count, AsyncProtocolRequest asyncRequest)
   en System.Net.Security.SslState.StartReadFrame(Byte[] buffer, Int32 readBytes, AsyncProtocolRequest asyncRequest)
   en System.Net.Security.SslState.StartReceiveBlob(Byte[] buffer, AsyncProtocolRequest asyncRequest)
   en System.Net.Security.SslState.CheckCompletionBeforeNextReceive(ProtocolToken message, AsyncProtocolRequest asyncRequest)
   en System.Net.Security.SslState.StartSendBlob(Byte[] incoming, Int32 count, AsyncProtocolRequest asyncRequest)
   en System.Net.Security.SslState.ForceAuthentication(Boolean receiveFirst, Byte[] buffer, AsyncProtocolRequest asyncRequest)
   en System.Net.Security.SslState.ProcessAuthentication(LazyAsyncResult lazyResult)
   en System.Net.TlsStream.CallProcessAuthentication(Object state)
   en System.Threading.ExecutionContext.RunInternal(ExecutionContext executionContext, ContextCallback callback, Object state, Boolean preserveSyncCtx)
   en System.Threading.ExecutionContext.Run(ExecutionContext executionContext, ContextCallback callback, Object state, Boolean preserveSyncCtx)
   en System.Threading.ExecutionContext.Run(ExecutionContext executionContext, ContextCallback callback, Object state)
   en System.Net.TlsStream.ProcessAuthentication(LazyAsyncResult result)
   en System.Net.TlsStream.Write(Byte[] buffer, Int32 offset, Int32 size)
   en System.Net.PooledStream.Write(Byte[] buffer, Int32 offset, Int32 size)
   en System.Net.ConnectStream.WriteHeaders(Boolean async)
   --- Fin del seguimiento de la pila de la excepción interna ---
   en System.Net.HttpWebRequest.GetResponse()
   en Mega.POS.Operation.InvoicesOperations.SendToXSA(Boolean& errorFiscalData, Boolean& failConection, String& errorFiscalDataDescription, Boolean& statusDoc, String idCasherClose, Int32 typeInvoice) en C:\Users\Desarrollo\Documents\Visual Studio 2010\Projects\Mega\Sistemas\Proyectos\NOVA\codigo\Fuentes PV 24022012\source\Mega.POS\Operation\InvoicesOperations.cs:línea 296
