2014-04-24 10:16:26,641 INFO  Mega.POS.Main – El sistema ha sido abierto por el usuario G9201
2014-04-24 10:22:09,842 INFO  Mega.POS.Main – El sistema ha sido abierto por el usuario g9201
2014-04-24 10:26:43,092 INFO  Mega.POS.Main – El sistema ha sido abierto por el usuario g9201
2014-04-24 10:27:15,977 INFO  Mega.POS.Main – El sistema ha sido abierto por el usuario g9201
2014-04-24 10:29:55,550 INFO  Mega.POS.Main – El sistema ha sido abierto por el usuario g9201
2014-04-24 10:30:44,705 INFO  Mega.POS.Main – El sistema ha sido abierto por el usuario g9201
2014-04-24 10:41:36,802 INFO  Mega.POS.Main – El sistema ha sido abierto por el usuario g9201
2014-04-24 10:42:24,850 ERROR Mega.POS.SyncroFacturacionXSA – Ocurrio un error al generar el CFDI de la factura con Id 45 en XSA: El folio requerido no está diponible [PED-262 no pertenece a este tipo de comprobante.]
2014-04-24 10:52:06,591 INFO  Mega.POS.Main – El sistema ha sido abierto por el usuario g9201
2014-04-24 10:52:33,719 ERROR Mega.POS.SyncroFacturacionXSA – Ocurrio un error al generar el CFDI de la factura con Id 45 en XSA: El folio requerido no está diponible [PED-262 no pertenece a este tipo de comprobante.]
2014-04-24 10:54:16,711 INFO  Mega.POS.Main – El sistema ha sido abierto por el usuario g9201
2014-04-24 10:54:53,808 ERROR Mega.POS.SyncroFacturacionXSA – Ocurrio un error al generar el CFDI de la factura con Id 45 en XSA: El folio requerido no está diponible [PED-262 no pertenece a este tipo de comprobante.]
2014-04-24 11:01:30,064 INFO  Mega.POS.Main – El sistema ha sido abierto por el usuario g9201
2014-04-24 11:01:41,826 ERROR Mega.POS.SyncroFacturacionXSA – Ocurrio un error al generar el CFDI de la factura con Id 45 en XSA: El folio requerido no está diponible [PED-262 no pertenece a este tipo de comprobante.]
2014-04-24 11:19:37,323 INFO  Mega.POS.Main – El sistema ha sido abierto por el usuario g9201
2014-04-24 11:20:00,006 ERROR Mega.POS.SyncroFacturacionXSA – Ocurrio un error al generar el CFDI de la factura con Id 45 en XSA: El folio requerido no está diponible [PED-262 no pertenece a este tipo de comprobante.]
2014-04-24 11:34:58,150 INFO  Mega.POS.Main – El sistema ha sido abierto por el usuario g9201
2014-04-24 11:35:16,277 ERROR Mega.POS.SyncroFacturacionXSA – Ocurrio un error al generar el CFDI de la factura con Id 45 en XSA: El folio requerido no está diponible [PED-262 no pertenece a este tipo de comprobante.]
2014-04-24 12:24:10,580 INFO  Mega.POS.Main – El sistema ha sido abierto por el usuario g9201
2014-04-24 12:30:36,525 INFO  Mega.POS.Main – El sistema ha sido abierto por el usuario g9201
2014-04-24 12:32:20,156 INFO  Mega.POS.Main – El sistema ha sido abierto por el usuario g9201
2014-04-24 12:39:35,927 INFO  Mega.POS.Main – El sistema ha sido abierto por el usuario g9201
2014-04-24 12:40:39,965 INFO  Mega.POS.Main – El sistema ha sido abierto por el usuario g9201
2014-04-24 12:42:34,999 ERROR Mega.POS.Operation.InvoicesOperations – Error al intentar generar la factura en XSA Se excedió el tiempo de espera de la operación
2014-04-24 12:42:46,060 INFO  Mega.POS.Main – El sistema ha sido abierto por el usuario g9201
2014-04-24 12:44:48,130 ERROR Mega.POS.Operation.InvoicesOperations – Error al intentar generar la factura en XSA Se excedió el tiempo de espera de la operación
2014-04-24 12:50:38,413 INFO  Mega.POS.Main – El sistema ha sido abierto por el usuario g9201
2014-04-24 12:50:48,007 INFO  Mega.POS.Operation.SaleEdit – Comenzando El Pago y Confirmación del Ticket. Consecutivo 5886
2014-04-24 12:50:50,051 ERROR Mega.POS.Operation.Pay – Error en Pay.CurrencyComboBox_SelectedIndexChanged
System.DivideByZeroException: Intento de dividir por cero.
   en System.Decimal.FCallDivide(Decimal& d1, Decimal& d2)
   en System.Decimal.op_Division(Decimal d1, Decimal d2)
   en Mega.POS.Operation.Pay.UpdateCurrencyPayValues() en C:\Users\CaRLoS\Documents\Visual Studio 2010\Projects\Mega\Sistemas\Proyectos\NOVA\codigo\Fuentes PV 24022012\source\Mega.POS\Operation\Pay.cs:línea 515
   en Mega.POS.Operation.Pay.CurrencyComboBox_SelectedIndexChanged(Object sender, EventArgs e) en C:\Users\CaRLoS\Documents\Visual Studio 2010\Projects\Mega\Sistemas\Proyectos\NOVA\codigo\Fuentes PV 24022012\source\Mega.POS\Operation\Pay.cs:línea 485
2014-04-24 12:50:59,333 ERROR Mega.POS.Operation.SaleEdit – Ha ocurrido un error Enviado el mensaje de Exceso de Efectivo
System.FormatException: La cadena especificada no tiene la forma obligatoria para una dirección de correo electrónico.
   en System.Net.Mail.MailAddressParser.ReadCfwsAndThrowIfIncomplete(String data, Int32 index)
   en System.Net.Mail.MailAddressParser.ParseDomain(String data, Int32& index)
   en System.Net.Mail.MailAddressParser.ParseAddress(String data, Boolean expectMultipleAddresses, Int32& index)
   en System.Net.Mail.MailAddressParser.ParseMultipleAddresses(String data)
   en System.Net.Mail.MailAddressCollection.ParseValue(String addresses)
   en System.Net.Mail.MailAddressCollection.Add(String addresses)
   en Mega.Common.Helpers.MailHelper.SendPlainTextMessage(String mailSubject, String plainTextBody, String mailFromName, String mailFromAddress, String mailToAddressList, String mailCcAddressList, String mailBccAddressList) en C:\Users\CaRLoS\Documents\Visual Studio 2010\Projects\Mega\Sistemas\Proyectos\NOVA\codigo\Fuentes PV 24022012\source\Mega.Common\Helpers\MailHelper.cs:línea 87
   en Mega.POS.Helper.MailTemplateHelper.SendPlainTextMessage(String subject, String plainTextBody, String mailToAddressList, String mailCcAddressList, String mailBccAddressList) en C:\Users\CaRLoS\Documents\Visual Studio 2010\Projects\Mega\Sistemas\Proyectos\NOVA\codigo\Fuentes PV 24022012\source\Mega.POS\Helper\MailTemplateHelper.cs:línea 144
   en Mega.POS.Operation.SaleEdit.VerifyCashLimit() en C:\Users\CaRLoS\Documents\Visual Studio 2010\Projects\Mega\Sistemas\Proyectos\NOVA\codigo\Fuentes PV 24022012\source\Mega.POS\Operation\SaleEdit.cs:línea 1940
2014-04-24 12:51:09,067 INFO  Mega.POS.Operation.SaleEdit – Comenzando El Pago y Confirmación del Ticket. Consecutivo 5886
2014-04-24 12:51:12,796 ERROR Mega.POS.Operation.Pay – Error en Pay.CurrencyComboBox_SelectedIndexChanged
System.DivideByZeroException: Intento de dividir por cero.
   en System.Decimal.FCallDivide(Decimal& d1, Decimal& d2)
   en System.Decimal.op_Division(Decimal d1, Decimal d2)
   en Mega.POS.Operation.Pay.UpdateCurrencyPayValues() en C:\Users\CaRLoS\Documents\Visual Studio 2010\Projects\Mega\Sistemas\Proyectos\NOVA\codigo\Fuentes PV 24022012\source\Mega.POS\Operation\Pay.cs:línea 515
   en Mega.POS.Operation.Pay.CurrencyComboBox_SelectedIndexChanged(Object sender, EventArgs e) en C:\Users\CaRLoS\Documents\Visual Studio 2010\Projects\Mega\Sistemas\Proyectos\NOVA\codigo\Fuentes PV 24022012\source\Mega.POS\Operation\Pay.cs:línea 485
2014-04-24 12:52:06,038 ERROR Mega.POS.Operation.SaleEdit – Ha ocurrido un error Enviado el mensaje de Exceso de Efectivo
System.FormatException: La cadena especificada no tiene la forma obligatoria para una dirección de correo electrónico.
   en System.Net.Mail.MailAddressParser.ReadCfwsAndThrowIfIncomplete(String data, Int32 index)
   en System.Net.Mail.MailAddressParser.ParseDomain(String data, Int32& index)
   en System.Net.Mail.MailAddressParser.ParseAddress(String data, Boolean expectMultipleAddresses, Int32& index)
   en System.Net.Mail.MailAddressParser.ParseMultipleAddresses(String data)
   en System.Net.Mail.MailAddressCollection.ParseValue(String addresses)
   en System.Net.Mail.MailAddressCollection.Add(String addresses)
   en Mega.Common.Helpers.MailHelper.SendPlainTextMessage(String mailSubject, String plainTextBody, String mailFromName, String mailFromAddress, String mailToAddressList, String mailCcAddressList, String mailBccAddressList) en C:\Users\CaRLoS\Documents\Visual Studio 2010\Projects\Mega\Sistemas\Proyectos\NOVA\codigo\Fuentes PV 24022012\source\Mega.Common\Helpers\MailHelper.cs:línea 87
   en Mega.POS.Helper.MailTemplateHelper.SendPlainTextMessage(String subject, String plainTextBody, String mailToAddressList, String mailCcAddressList, String mailBccAddressList) en C:\Users\CaRLoS\Documents\Visual Studio 2010\Projects\Mega\Sistemas\Proyectos\NOVA\codigo\Fuentes PV 24022012\source\Mega.POS\Helper\MailTemplateHelper.cs:línea 144
   en Mega.POS.Operation.SaleEdit.VerifyCashLimit() en C:\Users\CaRLoS\Documents\Visual Studio 2010\Projects\Mega\Sistemas\Proyectos\NOVA\codigo\Fuentes PV 24022012\source\Mega.POS\Operation\SaleEdit.cs:línea 1940
2014-04-24 12:52:19,064 INFO  Mega.POS.Operation.SaleEdit – Comenzando El Pago y Confirmación del Ticket. Consecutivo 5887
2014-04-24 12:52:20,890 ERROR Mega.POS.Operation.Pay – Error en Pay.CurrencyComboBox_SelectedIndexChanged
System.DivideByZeroException: Intento de dividir por cero.
   en System.Decimal.FCallDivide(Decimal& d1, Decimal& d2)
   en System.Decimal.op_Division(Decimal d1, Decimal d2)
   en Mega.POS.Operation.Pay.UpdateCurrencyPayValues() en C:\Users\CaRLoS\Documents\Visual Studio 2010\Projects\Mega\Sistemas\Proyectos\NOVA\codigo\Fuentes PV 24022012\source\Mega.POS\Operation\Pay.cs:línea 515
   en Mega.POS.Operation.Pay.CurrencyComboBox_SelectedIndexChanged(Object sender, EventArgs e) en C:\Users\CaRLoS\Documents\Visual Studio 2010\Projects\Mega\Sistemas\Proyectos\NOVA\codigo\Fuentes PV 24022012\source\Mega.POS\Operation\Pay.cs:línea 485
2014-04-24 12:52:57,097 ERROR Mega.POS.Operation.SaleEdit – Ha ocurrido un error Enviado el mensaje de Exceso de Efectivo
System.FormatException: La cadena especificada no tiene la forma obligatoria para una dirección de correo electrónico.
   en System.Net.Mail.MailAddressParser.ReadCfwsAndThrowIfIncomplete(String data, Int32 index)
   en System.Net.Mail.MailAddressParser.ParseDomain(String data, Int32& index)
   en System.Net.Mail.MailAddressParser.ParseAddress(String data, Boolean expectMultipleAddresses, Int32& index)
   en System.Net.Mail.MailAddressParser.ParseMultipleAddresses(String data)
   en System.Net.Mail.MailAddressCollection.ParseValue(String addresses)
   en System.Net.Mail.MailAddressCollection.Add(String addresses)
   en Mega.Common.Helpers.MailHelper.SendPlainTextMessage(String mailSubject, String plainTextBody, String mailFromName, String mailFromAddress, String mailToAddressList, String mailCcAddressList, String mailBccAddressList) en C:\Users\CaRLoS\Documents\Visual Studio 2010\Projects\Mega\Sistemas\Proyectos\NOVA\codigo\Fuentes PV 24022012\source\Mega.Common\Helpers\MailHelper.cs:línea 87
   en Mega.POS.Helper.MailTemplateHelper.SendPlainTextMessage(String subject, String plainTextBody, String mailToAddressList, String mailCcAddressList, String mailBccAddressList) en C:\Users\CaRLoS\Documents\Visual Studio 2010\Projects\Mega\Sistemas\Proyectos\NOVA\codigo\Fuentes PV 24022012\source\Mega.POS\Helper\MailTemplateHelper.cs:línea 144
   en Mega.POS.Operation.SaleEdit.VerifyCashLimit() en C:\Users\CaRLoS\Documents\Visual Studio 2010\Projects\Mega\Sistemas\Proyectos\NOVA\codigo\Fuentes PV 24022012\source\Mega.POS\Operation\SaleEdit.cs:línea 1940
2014-04-24 12:59:42,043 INFO  Mega.POS.Main – El sistema ha sido abierto por el usuario g9201
2014-04-24 13:01:42,990 INFO  Mega.POS.Main – El sistema ha sido abierto por el usuario g9201
2014-04-24 13:03:53,780 ERROR Mega.POS.Operation.InvoicesOperations – Error al intentar generar la factura en XSA Se excedió el tiempo de espera de la operación
2014-04-24 13:13:37,050 INFO  Mega.POS.Main – El sistema ha sido abierto por el usuario g9201
2014-04-24 13:15:33,894 ERROR Mega.POS.Operation.InvoicesOperations – Error al intentar generar la factura en XSA Se excedió el tiempo de espera de la operación
2014-04-24 13:19:43,822 INFO  Mega.POS.Main – El sistema ha sido abierto por el usuario g9201
2014-04-24 13:21:41,493 ERROR Mega.POS.Operation.InvoicesOperations – Error al intentar generar la factura en XSA Se excedió el tiempo de espera de la operación
2014-04-24 13:25:33,263 INFO  Mega.POS.Main – El sistema ha sido abierto por el usuario g9201
2014-04-24 13:27:21,121 INFO  Mega.POS.Main – El sistema ha sido abierto por el usuario g9201
2014-04-24 13:29:24,533 INFO  Mega.POS.Main – El sistema ha sido abierto por el usuario g9201
2014-04-24 13:31:18,195 ERROR Mega.POS.Operation.InvoicesOperations – Error al intentar generar la factura en XSA Se excedió el tiempo de espera de la operación
2014-04-24 13:33:03,261 ERROR Mega.POS.Operation.InvoicesOperations – Error al intentar generar la factura en XSA Se excedió el tiempo de espera de la operación
2014-04-24 13:35:02,305 ERROR Mega.POS.Operation.InvoicesOperations – Error al intentar generar la factura en XSA Se excedió el tiempo de espera de la operación
2014-04-24 14:25:04,452 INFO  Mega.POS.Main – El sistema ha sido abierto por el usuario G9201
2014-04-24 14:27:40,187 ERROR Mega.POS.Operation.InvoicesOperations – Error al intentar generar la factura en XSA Se excedió el tiempo de espera de la operación
2014-04-24 15:09:20,919 INFO  Mega.POS.Main – El sistema ha sido abierto por el usuario G9201
2014-04-24 15:23:02,900 INFO  Mega.POS.Main – El sistema ha sido abierto por el usuario G9201
2014-04-24 15:23:11,760 INFO  Mega.POS.Operation.SaleEdit – Comenzando El Pago y Confirmación del Ticket. Consecutivo 5888
2014-04-24 15:23:14,303 ERROR Mega.POS.Operation.Pay – Error en Pay.CurrencyComboBox_SelectedIndexChanged
System.DivideByZeroException: Intento de dividir por cero.
   en System.Decimal.FCallDivide(Decimal& d1, Decimal& d2)
   en System.Decimal.op_Division(Decimal d1, Decimal d2)
   en Mega.POS.Operation.Pay.UpdateCurrencyPayValues() en C:\Users\CaRLoS\Documents\Visual Studio 2010\Projects\Mega\Sistemas\Proyectos\NOVA\codigo\Fuentes PV 24022012\source\Mega.POS\Operation\Pay.cs:línea 515
   en Mega.POS.Operation.Pay.CurrencyComboBox_SelectedIndexChanged(Object sender, EventArgs e) en C:\Users\CaRLoS\Documents\Visual Studio 2010\Projects\Mega\Sistemas\Proyectos\NOVA\codigo\Fuentes PV 24022012\source\Mega.POS\Operation\Pay.cs:línea 485
2014-04-24 15:23:40,761 ERROR Mega.POS.Operation.SaleEdit – Ha ocurrido un error Enviado el mensaje de Exceso de Efectivo
System.FormatException: La cadena especificada no tiene la forma obligatoria para una dirección de correo electrónico.
   en System.Net.Mail.MailAddressParser.ReadCfwsAndThrowIfIncomplete(String data, Int32 index)
   en System.Net.Mail.MailAddressParser.ParseDomain(String data, Int32& index)
   en System.Net.Mail.MailAddressParser.ParseAddress(String data, Boolean expectMultipleAddresses, Int32& index)
   en System.Net.Mail.MailAddressParser.ParseMultipleAddresses(String data)
   en System.Net.Mail.MailAddressCollection.ParseValue(String addresses)
   en System.Net.Mail.MailAddressCollection.Add(String addresses)
   en Mega.Common.Helpers.MailHelper.SendPlainTextMessage(String mailSubject, String plainTextBody, String mailFromName, String mailFromAddress, String mailToAddressList, String mailCcAddressList, String mailBccAddressList) en C:\Users\CaRLoS\Documents\Visual Studio 2010\Projects\Mega\Sistemas\Proyectos\NOVA\codigo\Fuentes PV 24022012\source\Mega.Common\Helpers\MailHelper.cs:línea 87
   en Mega.POS.Helper.MailTemplateHelper.SendPlainTextMessage(String subject, String plainTextBody, String mailToAddressList, String mailCcAddressList, String mailBccAddressList) en C:\Users\CaRLoS\Documents\Visual Studio 2010\Projects\Mega\Sistemas\Proyectos\NOVA\codigo\Fuentes PV 24022012\source\Mega.POS\Helper\MailTemplateHelper.cs:línea 144
   en Mega.POS.Operation.SaleEdit.VerifyCashLimit() en C:\Users\CaRLoS\Documents\Visual Studio 2010\Projects\Mega\Sistemas\Proyectos\NOVA\codigo\Fuentes PV 24022012\source\Mega.POS\Operation\SaleEdit.cs:línea 1940
2014-04-24 15:23:55,331 INFO  Mega.POS.Operation.SaleEdit – Comenzando El Pago y Confirmación del Ticket. Consecutivo 5889
2014-04-24 15:23:56,907 ERROR Mega.POS.Operation.Pay – Error en Pay.CurrencyComboBox_SelectedIndexChanged
System.DivideByZeroException: Intento de dividir por cero.
   en System.Decimal.FCallDivide(Decimal& d1, Decimal& d2)
   en System.Decimal.op_Division(Decimal d1, Decimal d2)
   en Mega.POS.Operation.Pay.UpdateCurrencyPayValues() en C:\Users\CaRLoS\Documents\Visual Studio 2010\Projects\Mega\Sistemas\Proyectos\NOVA\codigo\Fuentes PV 24022012\source\Mega.POS\Operation\Pay.cs:línea 515
   en Mega.POS.Operation.Pay.CurrencyComboBox_SelectedIndexChanged(Object sender, EventArgs e) en C:\Users\CaRLoS\Documents\Visual Studio 2010\Projects\Mega\Sistemas\Proyectos\NOVA\codigo\Fuentes PV 24022012\source\Mega.POS\Operation\Pay.cs:línea 485
2014-04-24 15:24:22,429 ERROR Mega.POS.Operation.SaleEdit – Ha ocurrido un error Enviado el mensaje de Exceso de Efectivo
System.FormatException: La cadena especificada no tiene la forma obligatoria para una dirección de correo electrónico.
   en System.Net.Mail.MailAddressParser.ReadCfwsAndThrowIfIncomplete(String data, Int32 index)
   en System.Net.Mail.MailAddressParser.ParseDomain(String data, Int32& index)
   en System.Net.Mail.MailAddressParser.ParseAddress(String data, Boolean expectMultipleAddresses, Int32& index)
   en System.Net.Mail.MailAddressParser.ParseMultipleAddresses(String data)
   en System.Net.Mail.MailAddressCollection.ParseValue(String addresses)
   en System.Net.Mail.MailAddressCollection.Add(String addresses)
   en Mega.Common.Helpers.MailHelper.SendPlainTextMessage(String mailSubject, String plainTextBody, String mailFromName, String mailFromAddress, String mailToAddressList, String mailCcAddressList, String mailBccAddressList) en C:\Users\CaRLoS\Documents\Visual Studio 2010\Projects\Mega\Sistemas\Proyectos\NOVA\codigo\Fuentes PV 24022012\source\Mega.Common\Helpers\MailHelper.cs:línea 87
   en Mega.POS.Helper.MailTemplateHelper.SendPlainTextMessage(String subject, String plainTextBody, String mailToAddressList, String mailCcAddressList, String mailBccAddressList) en C:\Users\CaRLoS\Documents\Visual Studio 2010\Projects\Mega\Sistemas\Proyectos\NOVA\codigo\Fuentes PV 24022012\source\Mega.POS\Helper\MailTemplateHelper.cs:línea 144
   en Mega.POS.Operation.SaleEdit.VerifyCashLimit() en C:\Users\CaRLoS\Documents\Visual Studio 2010\Projects\Mega\Sistemas\Proyectos\NOVA\codigo\Fuentes PV 24022012\source\Mega.POS\Operation\SaleEdit.cs:línea 1940
2014-04-24 15:48:31,827 INFO  Mega.POS.Main – El sistema ha sido abierto por el usuario g9201
2014-04-24 15:49:34,009 INFO  Mega.POS.Movement.CashierClose – Iniciando el proceso para Efectuar el Cierre
2014-04-24 15:50:17,455 ERROR Mega.POS.Operation.InvoicesOperations – Error al intentar generar la factura en XSA Se excedió el tiempo de espera de la operación
2014-04-24 15:50:35,925 ERROR Mega.POS.Movement.CashierClose – Un error ha ocurrido durante el envio del Correo de Notificación: 
System.ArgumentException: El parámetro 'addresses' no puede ser una cadena vacía.
Nombre del parámetro: addresses
   en System.Net.Mail.MailAddressCollection.Add(String addresses)
   en Mega.Common.Helpers.MailHelper.SendMessage(String mailSubject, AlternateView htmlBodyView, String mailFromName, String mailFromAddress, String mailToAddressList, String mailCcAddressList, String mailBccAddressList, IEnumerable`1 attachments) en C:\Users\CaRLoS\Documents\Visual Studio 2010\Projects\Mega\Sistemas\Proyectos\NOVA\codigo\Fuentes PV 24022012\source\Mega.Common\Helpers\MailHelper.cs:línea 44
   en Mega.Common.Helpers.MailHelper.SendMessage(String mailSubject, AlternateView htmlBodyView, String mailFromName, String mailFromAddress, String mailToAddressList, String mailCcAddressList, String mailBccAddressList) en C:\Users\CaRLoS\Documents\Visual Studio 2010\Projects\Mega\Sistemas\Proyectos\NOVA\codigo\Fuentes PV 24022012\source\Mega.Common\Helpers\MailHelper.cs:línea 33
   en Mega.POS.Helper.MailTemplateHelper.SendMessage(String subject, AlternateView htmlBodyView, String toAddresses, String ccAdresses, String bccAdresses) en C:\Users\CaRLoS\Documents\Visual Studio 2010\Projects\Mega\Sistemas\Proyectos\NOVA\codigo\Fuentes PV 24022012\source\Mega.POS\Helper\MailTemplateHelper.cs:línea 59
   en Mega.POS.Movement.CashierClose.CloseCashier(Boolean isOk) en C:\Users\CaRLoS\Documents\Visual Studio 2010\Projects\Mega\Sistemas\Proyectos\NOVA\codigo\Fuentes PV 24022012\source\Mega.POS\Movement\CashierClose.cs:línea 404
2014-04-24 15:51:05,581 INFO  Mega.POS.Main – El sistema ha sido abierto por el usuario g9201
2014-04-24 15:52:55,826 ERROR Mega.POS.Operation.InvoicesOperations – Error al intentar generar la factura en XSA Se excedió el tiempo de espera de la operación
2014-04-24 18:00:28,560 INFO  Mega.POS.Main – El sistema ha sido abierto por el usuario g9201
2014-04-24 18:00:45,439 INFO  Mega.POS.Movement.MovementAdd – Movimiento de Caja Insertado. No. 502, Tipo. Apertura de Caja
2014-04-24 18:02:16,731 ERROR Mega.POS.Operation.InvoicesOperations – Error al intentar generar la factura en XSA Se excedió el tiempo de espera de la operación
2014-04-24 18:03:56,774 ERROR Mega.POS.Operation.InvoicesOperations – Error al intentar generar la factura en XSA Se excedió el tiempo de espera de la operación
2014-04-24 19:02:11,336 ERROR Mega.POS.Operation.InvoicesOperations – Error al intentar generar la factura en XSA Se excedió el tiempo de espera de la operación
2014-04-24 19:03:51,457 ERROR Mega.POS.Operation.InvoicesOperations – Error al intentar generar la factura en XSA Se excedió el tiempo de espera de la operación
2014-04-24 19:05:31,531 ERROR Mega.POS.Operation.InvoicesOperations – Error al intentar generar la factura en XSA Se excedió el tiempo de espera de la operación
2014-04-24 20:02:11,335 ERROR Mega.POS.Operation.InvoicesOperations – Error al intentar generar la factura en XSA Se excedió el tiempo de espera de la operación
2014-04-24 20:03:51,379 ERROR Mega.POS.Operation.InvoicesOperations – Error al intentar generar la factura en XSA Se excedió el tiempo de espera de la operación
2014-04-24 20:05:31,453 ERROR Mega.POS.Operation.InvoicesOperations – Error al intentar generar la factura en XSA Se excedió el tiempo de espera de la operación
2014-04-24 21:02:11,354 ERROR Mega.POS.Operation.InvoicesOperations – Error al intentar generar la factura en XSA Se excedió el tiempo de espera de la operación
2014-04-24 21:03:51,412 ERROR Mega.POS.Operation.InvoicesOperations – Error al intentar generar la factura en XSA Se excedió el tiempo de espera de la operación
2014-04-24 21:05:31,455 ERROR Mega.POS.Operation.InvoicesOperations – Error al intentar generar la factura en XSA Se excedió el tiempo de espera de la operación
2014-04-24 22:02:11,355 ERROR Mega.POS.Operation.InvoicesOperations – Error al intentar generar la factura en XSA Se excedió el tiempo de espera de la operación
2014-04-24 22:03:51,398 ERROR Mega.POS.Operation.InvoicesOperations – Error al intentar generar la factura en XSA Se excedió el tiempo de espera de la operación
2014-04-24 22:05:31,456 ERROR Mega.POS.Operation.InvoicesOperations – Error al intentar generar la factura en XSA Se excedió el tiempo de espera de la operación
2014-04-24 23:02:11,372 ERROR Mega.POS.Operation.InvoicesOperations – Error al intentar generar la factura en XSA Se excedió el tiempo de espera de la operación
2014-04-24 23:03:51,430 ERROR Mega.POS.Operation.InvoicesOperations – Error al intentar generar la factura en XSA Se excedió el tiempo de espera de la operación
2014-04-24 23:05:31,472 ERROR Mega.POS.Operation.InvoicesOperations – Error al intentar generar la factura en XSA Se excedió el tiempo de espera de la operación
