2015-01-22 15:19:41,291 INFO  Mega.POS.Main – El sistema ha sido abierto por el usuario g9400
2015-01-22 15:20:04,145 ERROR Mega.POS.Operation.SaleEdit – Error agregando producto a la venta
System.Data.SqlClient.SqlException (0x80131904): Cannot insert the value NULL into column 'IdOperationDetail', table 'MegaAdmin.dbo.DeniedProducts'; column does not allow nulls. INSERT fails.
The statement has been terminated.
   en System.Data.SqlClient.SqlConnection.OnError(SqlException exception, Boolean breakConnection, Action`1 wrapCloseInAction)
   en System.Data.SqlClient.SqlInternalConnection.OnError(SqlException exception, Boolean breakConnection, Action`1 wrapCloseInAction)
   en System.Data.SqlClient.TdsParser.ThrowExceptionAndWarning(TdsParserStateObject stateObj, Boolean callerHasConnectionLock, Boolean asyncClose)
   en System.Data.SqlClient.TdsParser.TryRun(RunBehavior runBehavior, SqlCommand cmdHandler, SqlDataReader dataStream, BulkCopySimpleResultSet bulkCopyHandler, TdsParserStateObject stateObj, Boolean& dataReady)
   en System.Data.SqlClient.SqlCommand.FinishExecuteReader(SqlDataReader ds, RunBehavior runBehavior, String resetOptionsString)
   en System.Data.SqlClient.SqlCommand.RunExecuteReaderTds(CommandBehavior cmdBehavior, RunBehavior runBehavior, Boolean returnStream, Boolean async, Int32 timeout, Task& task, Boolean asyncWrite, SqlDataReader ds)
   en System.Data.SqlClient.SqlCommand.RunExecuteReader(CommandBehavior cmdBehavior, RunBehavior runBehavior, Boolean returnStream, String method, TaskCompletionSource`1 completion, Int32 timeout, Task& task, Boolean asyncWrite)
   en System.Data.SqlClient.SqlCommand.InternalExecuteNonQuery(TaskCompletionSource`1 completion, String methodName, Boolean sendToPipe, Int32 timeout, Boolean asyncWrite)
   en System.Data.SqlClient.SqlCommand.ExecuteNonQuery()
   en System.Data.Linq.SqlClient.SqlProvider.Execute(Expression query, QueryInfo queryInfo, IObjectReaderFactory factory, Object[] parentArgs, Object[] userArgs, ICompiledSubQuery[] subQueries, Object lastResult)
   en System.Data.Linq.SqlClient.SqlProvider.ExecuteAll(Expression query, QueryInfo[] queryInfos, IObjectReaderFactory factory, Object[] userArguments, ICompiledSubQuery[] subQueries)
   en System.Data.Linq.SqlClient.SqlProvider.System.Data.Linq.Provider.IProvider.Execute(Expression query)
   en System.Data.Linq.ChangeDirector.StandardChangeDirector.DynamicInsert(TrackedObject item)
   en System.Data.Linq.ChangeDirector.StandardChangeDirector.Insert(TrackedObject item)
   en System.Data.Linq.ChangeProcessor.SubmitChanges(ConflictMode failureMode)
   en System.Data.Linq.DataContext.SubmitChanges(ConflictMode failureMode)
   en System.Data.Linq.DataContext.SubmitChanges()
   en Mega.POS.Operation.SaleEdit.AddProductButton_Click(Object sender, EventArgs e) en C:\Users\Desarrollo\Documents\Visual Studio 2010\Projects\Mega\Sistemas\Proyectos\NOVA\codigo\Fuentes PV 24022012\source\Mega.POS\Operation\SaleEdit.cs:línea 1109
ClientConnectionId:47cc214e-a9c8-49b5-bb73-605c646e0f5b
2015-01-22 15:22:56,525 INFO  Mega.POS.Main – El sistema ha sido abierto por el usuario g9400
2015-01-22 15:23:07,539 ERROR Mega.POS.Operation.SaleEdit – Error agregando producto a la venta
System.Data.SqlClient.SqlException (0x80131904): Invalid column name 'Count'.
Invalid column name 'IdProductParent'.
   en System.Data.SqlClient.SqlConnection.OnError(SqlException exception, Boolean breakConnection, Action`1 wrapCloseInAction)
   en System.Data.SqlClient.SqlInternalConnection.OnError(SqlException exception, Boolean breakConnection, Action`1 wrapCloseInAction)
   en System.Data.SqlClient.TdsParser.ThrowExceptionAndWarning(TdsParserStateObject stateObj, Boolean callerHasConnectionLock, Boolean asyncClose)
   en System.Data.SqlClient.TdsParser.TryRun(RunBehavior runBehavior, SqlCommand cmdHandler, SqlDataReader dataStream, BulkCopySimpleResultSet bulkCopyHandler, TdsParserStateObject stateObj, Boolean& dataReady)
   en System.Data.SqlClient.SqlCommand.FinishExecuteReader(SqlDataReader ds, RunBehavior runBehavior, String resetOptionsString)
   en System.Data.SqlClient.SqlCommand.RunExecuteReaderTds(CommandBehavior cmdBehavior, RunBehavior runBehavior, Boolean returnStream, Boolean async, Int32 timeout, Task& task, Boolean asyncWrite, SqlDataReader ds)
   en System.Data.SqlClient.SqlCommand.RunExecuteReader(CommandBehavior cmdBehavior, RunBehavior runBehavior, Boolean returnStream, String method, TaskCompletionSource`1 completion, Int32 timeout, Task& task, Boolean asyncWrite)
   en System.Data.SqlClient.SqlCommand.InternalExecuteNonQuery(TaskCompletionSource`1 completion, String methodName, Boolean sendToPipe, Int32 timeout, Boolean asyncWrite)
   en System.Data.SqlClient.SqlCommand.ExecuteNonQuery()
   en System.Data.Linq.SqlClient.SqlProvider.Execute(Expression query, QueryInfo queryInfo, IObjectReaderFactory factory, Object[] parentArgs, Object[] userArgs, ICompiledSubQuery[] subQueries, Object lastResult)
   en System.Data.Linq.SqlClient.SqlProvider.ExecuteAll(Expression query, QueryInfo[] queryInfos, IObjectReaderFactory factory, Object[] userArguments, ICompiledSubQuery[] subQueries)
   en System.Data.Linq.SqlClient.SqlProvider.System.Data.Linq.Provider.IProvider.Execute(Expression query)
   en System.Data.Linq.ChangeDirector.StandardChangeDirector.DynamicInsert(TrackedObject item)
   en System.Data.Linq.ChangeDirector.StandardChangeDirector.Insert(TrackedObject item)
   en System.Data.Linq.ChangeProcessor.SubmitChanges(ConflictMode failureMode)
   en System.Data.Linq.DataContext.SubmitChanges(ConflictMode failureMode)
   en System.Data.Linq.DataContext.SubmitChanges()
   en Mega.POS.Operation.SaleEdit.AddProductButton_Click(Object sender, EventArgs e) en C:\Users\Desarrollo\Documents\Visual Studio 2010\Projects\Mega\Sistemas\Proyectos\NOVA\codigo\Fuentes PV 24022012\source\Mega.POS\Operation\SaleEdit.cs:línea 1109
ClientConnectionId:05c4e98a-75cc-4e82-a9d4-e7c6005e623b
2015-01-22 17:48:54,786 INFO  Mega.POS.Main – El sistema ha sido abierto por el usuario g9400
