2012-02-24 11:12:45,639 [10] INFO  Mega.Synchronizer.Service.SynchronizerService [(null)] - Iniciando el Servicio.
2012-02-24 11:13:24,519 [6] DEBUG Mega.Synchronizer.Service.Helpers.ServerOperations [(null)] - Comenzando el proceso de Importación del Web para la tienda 7201
2012-02-24 11:13:29,932 [6] DEBUG Mega.Synchronizer.Service.Helpers.ServerOperations [(null)] - Descargando Archivo de Importación para la tienda 7201 desde ftp://192.168.71.1/MegaFtp/OUT/7201-PosExport.zip.
2012-02-24 11:22:20,293 [10] INFO  Mega.Synchronizer.Service.SynchronizerService [(null)] - Iniciando el Servicio.
2012-02-24 11:22:44,520 [10] INFO  Mega.Synchronizer.Service.SynchronizerService [(null)] - Iniciando el Servicio.
2012-02-24 11:23:23,948 [11] DEBUG Mega.Synchronizer.Service.Helpers.ServerOperations [(null)] - Comenzando el proceso de Importación del Web para la tienda 7201
2012-02-24 11:23:23,979 [11] DEBUG Mega.Synchronizer.Service.Helpers.ServerOperations [(null)] - Descargando Archivo de Importación para la tienda 7201 desde ftp://192.168.71.1/MegaFtp/OUT/7201-PosExport.zip.
2012-02-24 11:23:26,927 [11] ERROR Mega.Synchronizer.Service.Helpers.ServerOperations [(null)] - El proceso de Importación del Web ha fallado para la tienda 7201. Error: System.Exception: Error! Descargando Archivo de Importación para la tienda 7201 desde ftp://192.168.71.1/MegaFtp/OUT/7201-PosExport.zip. ---> System.Net.WebException: Se ha terminado la conexión: El servidor ha cometido una infracción de protocolo.
   en System.Net.FtpWebRequest.SyncRequestCallback(Object obj)
   en System.Net.FtpWebRequest.RequestCallback(Object obj)
   en System.Net.CommandStream.Dispose(Boolean disposing)
   en System.IO.Stream.Close()
   en System.IO.Stream.Dispose()
   en System.Net.ConnectionPool.Destroy(PooledStream pooledStream)
   en System.Net.ConnectionPool.PutConnection(PooledStream pooledStream, Object owningObject, Int32 creationTimeout, Boolean canReuse)
   en System.Net.FtpWebRequest.FinishRequestStage(RequestStage stage)
   en System.Net.FtpWebRequest.GetResponse()
   en Mega.Synchronizer.Common.Utilities.FtpProvider.Download(String user, String password, String ftpFileUrl, String localFileName, Boolean usePassive) en D:\Mega\source\Mega.Synchronizer.Common\Utilities\FtpProvider.cs:línea 20
   en Mega.Synchronizer.Service.Helpers.ServerOperations.Import(String idShop) en D:\Mega\source\Mega.Synchronizer.Service\Helpers\ServerOperations.cs:línea 44
   --- Fin del seguimiento de la pila de la excepción interna ---
   en Mega.Synchronizer.Service.Helpers.ServerOperations.Import(String idShop) en D:\Mega\source\Mega.Synchronizer.Service\Helpers\ServerOperations.cs:línea 50
2012-02-24 11:23:31,951 [10] INFO  Mega.Synchronizer.Service.SynchronizerService [(null)] - Iniciando el Servicio.
2012-02-24 11:24:33,462 [9] INFO  Mega.Synchronizer.Service.SynchronizerService [(null)] - Iniciando el Servicio.
2012-02-24 11:25:04,194 [11] DEBUG Mega.Synchronizer.Service.Helpers.ServerOperations [(null)] - Comenzando el proceso de Exportación del Web para la tienda 7201
2012-02-24 11:25:09,686 [11] DEBUG Mega.Synchronizer.Service.Helpers.ServerOperations [(null)] - Generando Archivo de Exportación para la tienda 7201 desde la ultima fecha de Exportación 22/02/2012 12:00:00 a.m..
2012-02-24 11:25:23,617 [11] DEBUG Mega.Synchronizer.Service.Helpers.ServerOperations [(null)] - Compactando Archivo generado para la tienda 7201.
2012-02-24 11:25:26,721 [11] DEBUG Mega.Synchronizer.Service.Helpers.ServerOperations [(null)] - Subiendo Archivo de Exportación para la tienda 7201 al FTP ftp://192.168.71.1/MegaFtp/IN/7201-WebExport.zip.
2012-02-24 11:28:19,184 [9] INFO  Mega.Synchronizer.Service.SynchronizerService [(null)] - Iniciando el Servicio.
2012-02-24 11:28:38,793 [11] DEBUG Mega.Synchronizer.Service.Helpers.ServerOperations [(null)] - Comenzando el proceso de Exportación del Web para la tienda 7201
2012-02-24 11:28:43,161 [11] DEBUG Mega.Synchronizer.Service.Helpers.ServerOperations [(null)] - Generando Archivo de Exportación para la tienda 7201 desde la ultima fecha de Exportación 22/02/2012 12:00:00 a.m..
2012-02-24 11:28:50,010 [11] DEBUG Mega.Synchronizer.Service.Helpers.ServerOperations [(null)] - Compactando Archivo generado para la tienda 7201.
2012-02-24 11:28:52,833 [11] DEBUG Mega.Synchronizer.Service.Helpers.ServerOperations [(null)] - Subiendo Archivo de Exportación para la tienda 7201 al FTP ftp://192.168.71.1/MegaFtp/IN/7201-WebExport.zip.
2012-02-24 11:52:04,472 [10] INFO  Mega.Synchronizer.Service.SynchronizerService [(null)] - Iniciando el Servicio.
2012-02-24 11:52:36,556 [12] DEBUG Mega.Synchronizer.Service.Helpers.ServerOperations [(null)] - Comenzando el proceso de Exportación del Web para la tienda 7201
2012-02-24 11:52:41,377 [12] DEBUG Mega.Synchronizer.Service.Helpers.ServerOperations [(null)] - Generando Archivo de Exportación para la tienda 7201 desde la ultima fecha de Exportación 22/02/2012 12:00:00 a.m..
2012-02-24 11:52:50,050 [12] DEBUG Mega.Synchronizer.Service.Helpers.ServerOperations [(null)] - Compactando Archivo generado para la tienda 7201.
2012-02-24 11:52:52,531 [12] DEBUG Mega.Synchronizer.Service.Helpers.ServerOperations [(null)] - Subiendo Archivo de Exportación para la tienda 7201 al FTP ftp://192.168.71.1/MegaFtp/IN/7201-WebExport.zip.
2012-02-24 11:59:03,147 [10] INFO  Mega.Synchronizer.Service.SynchronizerService [(null)] - Iniciando el Servicio.
2012-02-24 11:59:21,664 [12] DEBUG Mega.Synchronizer.Service.Helpers.ServerOperations [(null)] - Comenzando el proceso de Exportación del Web para la tienda 7201
2012-02-24 11:59:26,422 [12] DEBUG Mega.Synchronizer.Service.Helpers.ServerOperations [(null)] - Generando Archivo de Exportación para la tienda 7201 desde la ultima fecha de Exportación 22/02/2012 12:00:00 a.m..
2012-02-24 11:59:32,459 [12] DEBUG Mega.Synchronizer.Service.Helpers.ServerOperations [(null)] - Compactando Archivo generado para la tienda 7201.
2012-02-24 11:59:34,643 [12] DEBUG Mega.Synchronizer.Service.Helpers.ServerOperations [(null)] - Subiendo Archivo de Exportación para la tienda 7201 al FTP ftp://192.168.71.1/MegaFtp/IN/7201-WebExport.zip.
2012-02-24 12:55:18,589 [9] INFO  Mega.Synchronizer.Service.SynchronizerService [(null)] - Iniciando el Servicio.
2012-02-24 12:56:10,524 [11] DEBUG Mega.Synchronizer.Service.Helpers.ServerOperations [(null)] - Comenzando el proceso de Exportación del Web para la tienda 7201
2012-02-24 12:57:37,681 [11] DEBUG Mega.Synchronizer.Service.Helpers.ServerOperations [(null)] - Generando Archivo de Exportación para la tienda 7201 desde la ultima fecha de Exportación 22/02/2012 12:00:00 a.m..
2012-02-24 15:56:51,801 [10] INFO  Mega.Synchronizer.Service.SynchronizerService [(null)] - Iniciando el Servicio.
2012-02-24 15:57:18,295 [12] DEBUG Mega.Synchronizer.Service.Helpers.ServerOperations [(null)] - Comenzando el proceso de Exportación del Web para la tienda 7201
2012-02-24 15:57:28,295 [12] DEBUG Mega.Synchronizer.Service.Helpers.ServerOperations [(null)] - Generando Archivo de Exportación para la tienda 7201 desde la ultima fecha de Exportación 22/02/2012 12:00:00 a.m..
2012-02-24 16:00:01,418 [9] INFO  Mega.Synchronizer.Service.SynchronizerService [(null)] - Iniciando el Servicio.
2012-02-24 16:00:44,051 [11] DEBUG Mega.Synchronizer.Service.Helpers.ServerOperations [(null)] - Comenzando el proceso de Exportación del Web para la tienda 7201
2012-02-24 16:01:04,888 [11] DEBUG Mega.Synchronizer.Service.Helpers.ServerOperations [(null)] - Generando Archivo de Exportación para la tienda 7201 desde la ultima fecha de Exportación 22/02/2012 12:00:00 a.m..
2012-02-24 16:06:01,433 [10] INFO  Mega.Synchronizer.Service.SynchronizerService [(null)] - Iniciando el Servicio.
2012-02-24 16:06:23,932 [12] DEBUG Mega.Synchronizer.Service.Helpers.ServerOperations [(null)] - Comenzando el proceso de Exportación del Web para la tienda 7201
2012-02-24 16:06:30,750 [12] DEBUG Mega.Synchronizer.Service.Helpers.ServerOperations [(null)] - Generando Archivo de Exportación para la tienda 7201 desde la ultima fecha de Exportación 22/02/2012 12:00:00 a.m..
2012-02-24 16:09:46,651 [10] INFO  Mega.Synchronizer.Service.SynchronizerService [(null)] - Iniciando el Servicio.
2012-02-24 16:10:19,021 [12] DEBUG Mega.Synchronizer.Service.Helpers.ServerOperations [(null)] - Comenzando el proceso de Exportación del Web para la tienda 7201
2012-02-24 16:10:26,984 [12] DEBUG Mega.Synchronizer.Service.Helpers.ServerOperations [(null)] - Generando Archivo de Exportación para la tienda 7201 desde la ultima fecha de Exportación 23/02/2012 12:00:00 a.m..
2012-02-24 16:13:40,979 [12] DEBUG Mega.Synchronizer.Service.Helpers.ServerOperations [(null)] - Compactando Archivo generado para la tienda 7201.
2012-02-24 16:26:11,683 [10] INFO  Mega.Synchronizer.Service.SynchronizerService [(null)] - Iniciando el Servicio.
2012-02-24 16:26:27,640 [12] DEBUG Mega.Synchronizer.Service.Helpers.ServerOperations [(null)] - Comenzando el proceso de Exportación del Web para la tienda 7201
2012-02-24 16:26:32,670 [12] DEBUG Mega.Synchronizer.Service.Helpers.ServerOperations [(null)] - Generando Archivo de Exportación para la tienda 7201 desde la ultima fecha de Exportación 23/02/2012 12:00:00 a.m..
2012-02-24 16:27:06,301 [12] DEBUG Mega.Synchronizer.Service.Helpers.ServerOperations [(null)] - Compactando Archivo generado para la tienda 7201.
2012-02-24 16:33:44,164 [8] INFO  Mega.Synchronizer.Service.SynchronizerService [(null)] - Iniciando el Servicio.
2012-02-24 16:34:15,592 [10] DEBUG Mega.Synchronizer.Service.Helpers.ServerOperations [(null)] - Comenzando el proceso de Exportación del Web para la tienda 7201
2012-02-24 16:34:59,999 [10] DEBUG Mega.Synchronizer.Service.Helpers.ServerOperations [(null)] - Generando Archivo de Exportación para la tienda 7201 desde la ultima fecha de Exportación 23/02/2012 12:00:00 a.m..
2012-02-24 16:35:42,573 [10] DEBUG Mega.Synchronizer.Service.Helpers.ServerOperations [(null)] - Compactando Archivo generado para la tienda 7201.
2012-02-24 16:35:54,857 [10] DEBUG Mega.Synchronizer.Service.Helpers.ServerOperations [(null)] - Subiendo Archivo de Exportación para la tienda 7201 al FTP ftp://192.168.71.1/MegaFtp/IN/7201-WebExport.zip.
2012-02-24 16:38:24,013 [9] INFO  Mega.Synchronizer.Service.SynchronizerService [(null)] - Iniciando el Servicio.
2012-02-24 16:38:55,721 [11] DEBUG Mega.Synchronizer.Service.Helpers.ServerOperations [(null)] - Comenzando el proceso de Exportación del Web para la tienda 7201
2012-02-24 16:38:59,431 [11] DEBUG Mega.Synchronizer.Service.Helpers.ServerOperations [(null)] - Generando Archivo de Exportación para la tienda 7201 desde la ultima fecha de Exportación 23/02/2012 12:00:00 a.m..
2012-02-24 16:39:33,671 [11] DEBUG Mega.Synchronizer.Service.Helpers.ServerOperations [(null)] - Compactando Archivo generado para la tienda 7201.
2012-02-24 16:39:40,521 [11] DEBUG Mega.Synchronizer.Service.Helpers.ServerOperations [(null)] - Subiendo Archivo de Exportación para la tienda 7201 al FTP ftp://192.168.71.1/MegaFtp/IN/7201-WebExport.zip.
2012-02-24 16:46:05,880 [10] INFO  Mega.Synchronizer.Service.SynchronizerService [(null)] - Iniciando el Servicio.
2012-02-24 16:46:15,865 [9] INFO  Mega.Synchronizer.Service.SynchronizerService [(null)] - Iniciando el Servicio.
2012-02-24 16:46:32,341 [10] INFO  Mega.Synchronizer.Service.SynchronizerService [(null)] - Iniciando el Servicio.
2012-02-24 16:46:48,893 [12] DEBUG Mega.Synchronizer.Service.Helpers.ServerOperations [(null)] - Comenzando el proceso de Exportación del Web para la tienda 7201
2012-02-24 16:46:54,462 [12] DEBUG Mega.Synchronizer.Service.Helpers.ServerOperations [(null)] - Generando Archivo de Exportación para la tienda 7201 desde la ultima fecha de Exportación 23/02/2012 12:00:00 a.m..
2012-02-24 16:47:29,765 [12] DEBUG Mega.Synchronizer.Service.Helpers.ServerOperations [(null)] - Compactando Archivo generado para la tienda 7201.
2012-02-24 16:47:32,713 [12] DEBUG Mega.Synchronizer.Service.Helpers.ServerOperations [(null)] - Subiendo Archivo de Exportación para la tienda 7201 al FTP ftp://192.168.71.1/MegaFtp/IN/7201-WebExport.zip.
2012-02-24 16:48:15,578 [9] INFO  Mega.Synchronizer.Service.SynchronizerService [(null)] - Iniciando el Servicio.
2012-02-24 16:48:38,650 [11] DEBUG Mega.Synchronizer.Service.Helpers.ServerOperations [(null)] - Comenzando el proceso de Exportación del Web para la tienda 7201
2012-02-24 16:48:45,889 [11] DEBUG Mega.Synchronizer.Service.Helpers.ServerOperations [(null)] - Generando Archivo de Exportación para la tienda 7201 desde la ultima fecha de Exportación 23/02/2012 12:00:00 a.m..
2012-02-24 16:49:25,045 [11] DEBUG Mega.Synchronizer.Service.Helpers.ServerOperations [(null)] - Compactando Archivo generado para la tienda 7201.
2012-02-24 16:49:28,133 [11] DEBUG Mega.Synchronizer.Service.Helpers.ServerOperations [(null)] - Subiendo Archivo de Exportación para la tienda 7201 al FTP ftp://192.168.71.1/MegaFtp/IN/7201-WebExport.zip.
2012-02-24 16:51:05,576 [9] INFO  Mega.Synchronizer.Service.SynchronizerService [(null)] - Iniciando el Servicio.
2012-02-24 16:51:27,073 [11] DEBUG Mega.Synchronizer.Service.Helpers.ServerOperations [(null)] - Comenzando el proceso de Exportación del Web para la tienda 7201
2012-02-24 16:51:31,597 [11] DEBUG Mega.Synchronizer.Service.Helpers.ServerOperations [(null)] - Generando Archivo de Exportación para la tienda 7201 desde la ultima fecha de Exportación 23/02/2012 12:00:00 a.m..
2012-02-24 16:51:37,181 [11] DEBUG Mega.Synchronizer.Service.Helpers.ServerOperations [(null)] - Compactando Archivo generado para la tienda 7201.
2012-02-24 16:51:40,208 [11] DEBUG Mega.Synchronizer.Service.Helpers.ServerOperations [(null)] - Subiendo Archivo de Exportación para la tienda 7201 al FTP ftp://192.168.71.1/MegaFtp/IN/7201-WebExport.zip.
2012-02-24 12:03:55,570 [9] INFO  Mega.Synchronizer.Service.SynchronizerService [(null)] - Iniciando el Servicio.
